{"C:\\node\\cemimpco\\v2\\backend\\src\\app.ts": {"path":"C:\\node\\cemimpco\\v2\\backend\\src\\app.ts","statementMap":{"0":{"start":{"line":1,"column":0},"end":{"line":1,"column":67}},"1":{"start":{"line":3,"column":0},"end":{"line":3,"column":38}},"2":{"start":{"line":4,"column":0},"end":{"line":4,"column":28}},"3":{"start":{"line":5,"column":0},"end":{"line":5,"column":43}},"4":{"start":{"line":6,"column":0},"end":{"line":6,"column":41}},"5":{"start":{"line":8,"column":0},"end":{"line":8,"column":56}},"6":{"start":{"line":9,"column":0},"end":{"line":9,"column":62}},"7":{"start":{"line":10,"column":0},"end":{"line":10,"column":60}},"8":{"start":{"line":11,"column":0},"end":{"line":11,"column":59}},"9":{"start":{"line":12,"column":0},"end":{"line":12,"column":52}},"10":{"start":{"line":13,"column":0},"end":{"line":13,"column":58}},"11":{"start":{"line":14,"column":0},"end":{"line":14,"column":58}},"12":{"start":{"line":15,"column":0},"end":{"line":15,"column":52}},"13":{"start":{"line":16,"column":0},"end":{"line":16,"column":61}},"14":{"start":{"line":17,"column":0},"end":{"line":17,"column":64}},"15":{"start":{"line":18,"column":0},"end":{"line":18,"column":52}},"16":{"start":{"line":20,"column":0},"end":{"line":20,"column":null}},"17":{"start":{"line":27,"column":0},"end":{"line":27,"column":24}},"18":{"start":{"line":29,"column":12},"end":{"line":29,"column":21}},"19":{"start":{"line":31,"column":0},"end":{"line":31,"column":56}},"20":{"start":{"line":32,"column":0},"end":{"line":32,"column":32}},"21":{"start":{"line":33,"column":0},"end":{"line":33,"column":56}},"22":{"start":{"line":37,"column":0},"end":{"line":37,"column":29}},"23":{"start":{"line":42,"column":0},"end":{"line":42,"column":48}},"24":{"start":{"line":43,"column":0},"end":{"line":43,"column":24}},"25":{"start":{"line":45,"column":0},"end":{"line":45,"column":38}},"26":{"start":{"line":46,"column":0},"end":{"line":46,"column":47}},"27":{"start":{"line":47,"column":0},"end":{"line":47,"column":73}},"28":{"start":{"line":48,"column":0},"end":{"line":48,"column":21}},"29":{"start":{"line":49,"column":0},"end":{"line":49,"column":24}},"30":{"start":{"line":51,"column":0},"end":{"line":51,"column":24}},"31":{"start":{"line":53,"column":0},"end":{"line":67,"column":2}},"32":{"start":{"line":69,"column":0},"end":{"line":69,"column":18}},"33":{"start":{"line":71,"column":0},"end":{"line":71,"column":56}},"34":{"start":{"line":72,"column":0},"end":{"line":72,"column":49}},"35":{"start":{"line":73,"column":0},"end":{"line":73,"column":56}},"36":{"start":{"line":77,"column":16},"end":{"line":80,"column":2}},"37":{"start":{"line":82,"column":0},"end":{"line":82,"column":17}},"38":{"start":{"line":85,"column":0},"end":{"line":85,"column":56}},"39":{"start":{"line":86,"column":0},"end":{"line":86,"column":41}},"40":{"start":{"line":87,"column":0},"end":{"line":87,"column":56}},"41":{"start":{"line":89,"column":0},"end":{"line":91,"column":3}},"42":{"start":{"line":90,"column":2},"end":{"line":90,"column":50}},"43":{"start":{"line":93,"column":0},"end":{"line":93,"column":36}},"44":{"start":{"line":94,"column":0},"end":{"line":94,"column":40}},"45":{"start":{"line":95,"column":0},"end":{"line":95,"column":40}},"46":{"start":{"line":96,"column":0},"end":{"line":96,"column":36}},"47":{"start":{"line":97,"column":0},"end":{"line":97,"column":42}},"48":{"start":{"line":98,"column":0},"end":{"line":98,"column":44}},"49":{"start":{"line":99,"column":0},"end":{"line":99,"column":34}},"50":{"start":{"line":102,"column":0},"end":{"line":102,"column":56}},"51":{"start":{"line":103,"column":0},"end":{"line":103,"column":37}},"52":{"start":{"line":104,"column":0},"end":{"line":104,"column":56}},"53":{"start":{"line":106,"column":0},"end":{"line":106,"column":23}},"54":{"start":{"line":107,"column":0},"end":{"line":107,"column":22}},"55":{"start":{"line":109,"column":0},"end":{"line":109,"column":19}}},"fnMap":{"0":{"name":"(anonymous_1)","decl":{"start":{"line":89,"column":31},"end":{"line":89,"column":32}},"loc":{"start":{"line":89,"column":63},"end":{"line":91,"column":1}}}},"branchMap":{"0":{"loc":{"start":{"line":63,"column":16},"end":{"line":63,"column":44}},"type":"cond-expr","locations":[{"start":{"line":63,"column":30},"end":{"line":63,"column":35}},{"start":{"line":63,"column":38},"end":{"line":63,"column":44}}]}},"s":{"0":1,"1":1,"2":1,"3":1,"4":1,"5":1,"6":1,"7":1,"8":1,"9":1,"10":1,"11":1,"12":1,"13":1,"14":1,"15":1,"16":1,"17":1,"18":1,"19":1,"20":1,"21":1,"22":1,"23":1,"24":1,"25":1,"26":1,"27":1,"28":1,"29":1,"30":1,"31":1,"32":1,"33":1,"34":1,"35":1,"36":1,"37":1,"38":1,"39":1,"40":1,"41":1,"42":0,"43":1,"44":1,"45":1,"46":1,"47":1,"48":1,"49":1,"50":1,"51":1,"52":1,"53":1,"54":1,"55":1},"f":{"0":0},"b":{"0":[0,1]}}
,"C:\\node\\cemimpco\\v2\\backend\\src\\server.ts": {"path":"C:\\node\\cemimpco\\v2\\backend\\src\\server.ts","statementMap":{"0":{"start":{"line":1,"column":0},"end":{"line":1,"column":23}},"1":{"start":{"line":2,"column":0},"end":{"line":2,"column":24}},"2":{"start":{"line":3,"column":0},"end":{"line":3,"column":25}},"3":{"start":{"line":4,"column":0},"end":{"line":4,"column":63}},"4":{"start":{"line":9,"column":0},"end":{"line":9,"column":36}},"5":{"start":{"line":11,"column":0},"end":{"line":15,"column":3}},"6":{"start":{"line":12,"column":4},"end":{"line":12,"column":60}},"7":{"start":{"line":13,"column":4},"end":{"line":13,"column":71}},"8":{"start":{"line":14,"column":4},"end":{"line":14,"column":60}},"9":{"start":{"line":19,"column":24},"end":{"line":19,"column":83}},"10":{"start":{"line":19,"column":43},"end":{"line":19,"column":83}},"11":{"start":{"line":19,"column":13},"end":{"line":19,"column":24}}},"fnMap":{"0":{"name":"(anonymous_1)","decl":{"start":{"line":11,"column":31},"end":{"line":11,"column":34}},"loc":{"start":{"line":11,"column":36},"end":{"line":15,"column":1}}},"1":{"name":"(anonymous_2)","decl":{"start":{"line":19,"column":24},"end":{"line":19,"column":25}},"loc":{"start":{"line":19,"column":43},"end":{"line":19,"column":83}}}},"branchMap":{"0":{"loc":{"start":{"line":19,"column":43},"end":{"line":19,"column":83}},"type":"binary-expr","locations":[{"start":{"line":19,"column":43},"end":{"line":19,"column":53}},{"start":{"line":19,"column":57},"end":{"line":19,"column":83}}]}},"s":{"0":1,"1":1,"2":1,"3":1,"4":1,"5":1,"6":1,"7":1,"8":1,"9":1,"10":1,"11":1},"f":{"0":1,"1":1},"b":{"0":[1,1]}}
,"C:\\node\\cemimpco\\v2\\backend\\src\\common\\pdf\\dividendPatronage.ts": {"path":"C:\\node\\cemimpco\\v2\\backend\\src\\common\\pdf\\dividendPatronage.ts","statementMap":{"0":{"start":{"line":8,"column":0},"end":{"line":8,"column":7}},"1":{"start":{"line":1,"column":0},"end":{"line":1,"column":20}},"2":{"start":{"line":2,"column":0},"end":{"line":2,"column":24}},"3":{"start":{"line":3,"column":0},"end":{"line":3,"column":34}},"4":{"start":{"line":4,"column":0},"end":{"line":4,"column":47}},"5":{"start":{"line":5,"column":0},"end":{"line":5,"column":83}},"6":{"start":{"line":9,"column":18},"end":{"line":9,"column":42}},"7":{"start":{"line":10,"column":2},"end":{"line":52,"column":3}},"8":{"start":{"line":11,"column":17},"end":{"line":11,"column":40}},"9":{"start":{"line":13,"column":17},"end":{"line":13,"column":61}},"10":{"start":{"line":14,"column":4},"end":{"line":14,"column":80}},"11":{"start":{"line":14,"column":36},"end":{"line":14,"column":80}},"12":{"start":{"line":16,"column":20},"end":{"line":16,"column":27}},"13":{"start":{"line":18,"column":19},"end":{"line":25,"column":6}},"14":{"start":{"line":19,"column":60},"end":{"line":19,"column":86}},"15":{"start":{"line":20,"column":59},"end":{"line":20,"column":84}},"16":{"start":{"line":21,"column":61},"end":{"line":21,"column":88}},"17":{"start":{"line":22,"column":66},"end":{"line":22,"column":99}},"18":{"start":{"line":23,"column":65},"end":{"line":23,"column":97}},"19":{"start":{"line":24,"column":67},"end":{"line":24,"column":101}},"20":{"start":{"line":27,"column":17},"end":{"line":27,"column":52}},"21":{"start":{"line":29,"column":20},"end":{"line":29,"column":58}},"22":{"start":{"line":31,"column":4},"end":{"line":31,"column":66}},"23":{"start":{"line":32,"column":4},"end":{"line":32,"column":42}},"24":{"start":{"line":35,"column":19},"end":{"line":35,"column":55}},"25":{"start":{"line":36,"column":4},"end":{"line":36,"column":74}},"26":{"start":{"line":36,"column":32},"end":{"line":36,"column":74}},"27":{"start":{"line":38,"column":20},"end":{"line":38,"column":56}},"28":{"start":{"line":40,"column":4},"end":{"line":44,"column":7}},"29":{"start":{"line":46,"column":4},"end":{"line":46,"column":19}},"30":{"start":{"line":48,"column":4},"end":{"line":48,"column":61}},"31":{"start":{"line":49,"column":4},"end":{"line":49,"column":16}},"32":{"start":{"line":51,"column":4},"end":{"line":51,"column":26}}},"fnMap":{"0":{"name":"generateDividendPatronagePdf","decl":{"start":{"line":8,"column":22},"end":{"line":8,"column":50}},"loc":{"start":{"line":8,"column":66},"end":{"line":53,"column":1}}},"1":{"name":"(anonymous_2)","decl":{"start":{"line":19,"column":32},"end":{"line":19,"column":33}},"loc":{"start":{"line":19,"column":60},"end":{"line":19,"column":86}}},"2":{"name":"(anonymous_3)","decl":{"start":{"line":20,"column":31},"end":{"line":20,"column":32}},"loc":{"start":{"line":20,"column":59},"end":{"line":20,"column":84}}},"3":{"name":"(anonymous_4)","decl":{"start":{"line":21,"column":33},"end":{"line":21,"column":34}},"loc":{"start":{"line":21,"column":61},"end":{"line":21,"column":88}}},"4":{"name":"(anonymous_5)","decl":{"start":{"line":22,"column":38},"end":{"line":22,"column":39}},"loc":{"start":{"line":22,"column":66},"end":{"line":22,"column":99}}},"5":{"name":"(anonymous_6)","decl":{"start":{"line":23,"column":37},"end":{"line":23,"column":38}},"loc":{"start":{"line":23,"column":65},"end":{"line":23,"column":97}}},"6":{"name":"(anonymous_7)","decl":{"start":{"line":24,"column":39},"end":{"line":24,"column":40}},"loc":{"start":{"line":24,"column":67},"end":{"line":24,"column":101}}}},"branchMap":{"0":{"loc":{"start":{"line":14,"column":4},"end":{"line":14,"column":80}},"type":"if","locations":[{"start":{"line":14,"column":4},"end":{"line":14,"column":80}},{"start":{},"end":{}}]},"1":{"loc":{"start":{"line":14,"column":8},"end":{"line":14,"column":34}},"type":"binary-expr","locations":[{"start":{"line":14,"column":8},"end":{"line":14,"column":13}},{"start":{"line":14,"column":17},"end":{"line":14,"column":34}}]},"2":{"loc":{"start":{"line":19,"column":67},"end":{"line":19,"column":85}},"type":"binary-expr","locations":[{"start":{"line":19,"column":67},"end":{"line":19,"column":80}},{"start":{"line":19,"column":84},"end":{"line":19,"column":85}}]},"3":{"loc":{"start":{"line":20,"column":66},"end":{"line":20,"column":83}},"type":"binary-expr","locations":[{"start":{"line":20,"column":66},"end":{"line":20,"column":78}},{"start":{"line":20,"column":82},"end":{"line":20,"column":83}}]},"4":{"loc":{"start":{"line":21,"column":68},"end":{"line":21,"column":87}},"type":"binary-expr","locations":[{"start":{"line":21,"column":68},"end":{"line":21,"column":82}},{"start":{"line":21,"column":86},"end":{"line":21,"column":87}}]},"5":{"loc":{"start":{"line":22,"column":73},"end":{"line":22,"column":98}},"type":"binary-expr","locations":[{"start":{"line":22,"column":73},"end":{"line":22,"column":93}},{"start":{"line":22,"column":97},"end":{"line":22,"column":98}}]},"6":{"loc":{"start":{"line":23,"column":72},"end":{"line":23,"column":96}},"type":"binary-expr","locations":[{"start":{"line":23,"column":72},"end":{"line":23,"column":91}},{"start":{"line":23,"column":95},"end":{"line":23,"column":96}}]},"7":{"loc":{"start":{"line":24,"column":74},"end":{"line":24,"column":100}},"type":"binary-expr","locations":[{"start":{"line":24,"column":74},"end":{"line":24,"column":95}},{"start":{"line":24,"column":99},"end":{"line":24,"column":100}}]},"8":{"loc":{"start":{"line":36,"column":4},"end":{"line":36,"column":74}},"type":"if","locations":[{"start":{"line":36,"column":4},"end":{"line":36,"column":74}},{"start":{},"end":{}}]}},"s":{"0":2,"1":2,"2":2,"3":2,"4":2,"5":2,"6":0,"7":0,"8":0,"9":0,"10":0,"11":0,"12":0,"13":0,"14":0,"15":0,"16":0,"17":0,"18":0,"19":0,"20":0,"21":0,"22":0,"23":0,"24":0,"25":0,"26":0,"27":0,"28":0,"29":0,"30":0,"31":0,"32":0},"f":{"0":0,"1":0,"2":0,"3":0,"4":0,"5":0,"6":0},"b":{"0":[0,0],"1":[0,0],"2":[0,0],"3":[0,0],"4":[0,0],"5":[0,0],"6":[0,0],"7":[0,0],"8":[0,0]}}
,"C:\\node\\cemimpco\\v2\\backend\\src\\common\\pdf\\generateLoanApplicationPdf.ts": {"path":"C:\\node\\cemimpco\\v2\\backend\\src\\common\\pdf\\generateLoanApplicationPdf.ts","statementMap":{"0":{"start":{"line":11,"column":0},"end":{"line":11,"column":7}},"1":{"start":{"line":1,"column":0},"end":{"line":1,"column":20}},"2":{"start":{"line":2,"column":0},"end":{"line":2,"column":24}},"3":{"start":{"line":3,"column":0},"end":{"line":3,"column":34}},"4":{"start":{"line":4,"column":0},"end":{"line":4,"column":47}},"5":{"start":{"line":7,"column":19},"end":{"line":7,"column":89}},"6":{"start":{"line":8,"column":2},"end":{"line":8,"column":73}},"7":{"start":{"line":12,"column":18},"end":{"line":12,"column":42}},"8":{"start":{"line":13,"column":2},"end":{"line":33,"column":3}},"9":{"start":{"line":14,"column":17},"end":{"line":14,"column":40}},"10":{"start":{"line":15,"column":17},"end":{"line":15,"column":60}},"11":{"start":{"line":16,"column":20},"end":{"line":16,"column":76}},"12":{"start":{"line":18,"column":4},"end":{"line":18,"column":66}},"13":{"start":{"line":19,"column":4},"end":{"line":19,"column":42}},"14":{"start":{"line":21,"column":19},"end":{"line":21,"column":79}},"15":{"start":{"line":22,"column":4},"end":{"line":22,"column":74}},"16":{"start":{"line":22,"column":32},"end":{"line":22,"column":74}},"17":{"start":{"line":24,"column":20},"end":{"line":24,"column":54}},"18":{"start":{"line":25,"column":4},"end":{"line":25,"column":91}},"19":{"start":{"line":27,"column":4},"end":{"line":27,"column":19}},"20":{"start":{"line":29,"column":4},"end":{"line":29,"column":59}},"21":{"start":{"line":30,"column":4},"end":{"line":30,"column":16}},"22":{"start":{"line":32,"column":4},"end":{"line":32,"column":26}}},"fnMap":{"0":{"name":"getLogoDataUri","decl":{"start":{"line":6,"column":9},"end":{"line":6,"column":23}},"loc":{"start":{"line":6,"column":23},"end":{"line":9,"column":1}}},"1":{"name":"generateLoanApplicationPdf","decl":{"start":{"line":11,"column":22},"end":{"line":11,"column":48}},"loc":{"start":{"line":11,"column":82},"end":{"line":34,"column":1}}}},"branchMap":{"0":{"loc":{"start":{"line":22,"column":4},"end":{"line":22,"column":74}},"type":"if","locations":[{"start":{"line":22,"column":4},"end":{"line":22,"column":74}},{"start":{},"end":{}}]}},"s":{"0":1,"1":1,"2":1,"3":1,"4":1,"5":0,"6":0,"7":0,"8":0,"9":0,"10":0,"11":0,"12":0,"13":0,"14":0,"15":0,"16":0,"17":0,"18":0,"19":0,"20":0,"21":0,"22":0},"f":{"0":0,"1":0},"b":{"0":[0,0]}}
,"C:\\node\\cemimpco\\v2\\backend\\src\\common\\pdf\\handlebars.ts": {"path":"C:\\node\\cemimpco\\v2\\backend\\src\\common\\pdf\\handlebars.ts","statementMap":{"0":{"start":{"line":8,"column":0},"end":{"line":8,"column":16}},"1":{"start":{"line":67,"column":0},"end":{"line":67,"column":7}},"2":{"start":{"line":1,"column":0},"end":{"line":1,"column":20}},"3":{"start":{"line":2,"column":0},"end":{"line":2,"column":24}},"4":{"start":{"line":3,"column":0},"end":{"line":3,"column":29}},"5":{"start":{"line":4,"column":0},"end":{"line":4,"column":26}},"6":{"start":{"line":6,"column":17},"end":{"line":6,"column":22}},"7":{"start":{"line":9,"column":2},"end":{"line":64,"column":3}},"8":{"start":{"line":11,"column":4},"end":{"line":11,"column":27}},"9":{"start":{"line":11,"column":20},"end":{"line":11,"column":27}},"10":{"start":{"line":12,"column":4},"end":{"line":12,"column":22}},"11":{"start":{"line":14,"column":4},"end":{"line":24,"column":7}},"12":{"start":{"line":15,"column":17},"end":{"line":15,"column":51}},"13":{"start":{"line":16,"column":17},"end":{"line":16,"column":52}},"14":{"start":{"line":17,"column":17},"end":{"line":17,"column":50}},"15":{"start":{"line":19,"column":18},"end":{"line":19,"column":35}},"16":{"start":{"line":20,"column":17},"end":{"line":20,"column":65}},"17":{"start":{"line":21,"column":18},"end":{"line":21,"column":67}},"18":{"start":{"line":23,"column":6},"end":{"line":23,"column":87}},"19":{"start":{"line":26,"column":4},"end":{"line":36,"column":7}},"20":{"start":{"line":27,"column":16},"end":{"line":27,"column":30}},"21":{"start":{"line":28,"column":16},"end":{"line":28,"column":32}},"22":{"start":{"line":29,"column":21},"end":{"line":29,"column":48}},"23":{"start":{"line":30,"column":26},"end":{"line":30,"column":62}},"24":{"start":{"line":32,"column":6},"end":{"line":35,"column":29}},"25":{"start":{"line":38,"column":4},"end":{"line":40,"column":7}},"26":{"start":{"line":39,"column":6},"end":{"line":39,"column":null}},"27":{"start":{"line":42,"column":4},"end":{"line":44,"column":7}},"28":{"start":{"line":43,"column":6},"end":{"line":43,"column":null}},"29":{"start":{"line":46,"column":4},"end":{"line":49,"column":7}},"30":{"start":{"line":47,"column":23},"end":{"line":47,"column":108}},"31":{"start":{"line":48,"column":6},"end":{"line":48,"column":null}},"32":{"start":{"line":51,"column":4},"end":{"line":53,"column":7}},"33":{"start":{"line":52,"column":6},"end":{"line":52,"column":41}},"34":{"start":{"line":55,"column":4},"end":{"line":57,"column":7}},"35":{"start":{"line":56,"column":6},"end":{"line":56,"column":null}},"36":{"start":{"line":58,"column":4},"end":{"line":60,"column":7}},"37":{"start":{"line":59,"column":6},"end":{"line":59,"column":61}},"38":{"start":{"line":62,"column":4},"end":{"line":62,"column":64}},"39":{"start":{"line":63,"column":4},"end":{"line":63,"column":16}},"40":{"start":{"line":68,"column":2},"end":{"line":82,"column":3}},"41":{"start":{"line":69,"column":4},"end":{"line":69,"column":25}},"42":{"start":{"line":72,"column":21},"end":{"line":72,"column":105}},"43":{"start":{"line":77,"column":17},"end":{"line":77,"column":51}},"44":{"start":{"line":78,"column":4},"end":{"line":78,"column":35}},"45":{"start":{"line":80,"column":4},"end":{"line":80,"column":56}},"46":{"start":{"line":81,"column":4},"end":{"line":81,"column":16}}},"fnMap":{"0":{"name":"registerHbsHelpers","decl":{"start":{"line":8,"column":16},"end":{"line":8,"column":34}},"loc":{"start":{"line":8,"column":34},"end":{"line":65,"column":1}}},"1":{"name":"(anonymous_2)","decl":{"start":{"line":14,"column":39},"end":{"line":14,"column":49}},"loc":{"start":{"line":14,"column":73},"end":{"line":24,"column":5}}},"2":{"name":"(anonymous_3)","decl":{"start":{"line":26,"column":36},"end":{"line":26,"column":46}},"loc":{"start":{"line":26,"column":72},"end":{"line":36,"column":5}}},"3":{"name":"(anonymous_4)","decl":{"start":{"line":38,"column":41},"end":{"line":38,"column":51}},"loc":{"start":{"line":38,"column":57},"end":{"line":40,"column":5}}},"4":{"name":"(anonymous_5)","decl":{"start":{"line":42,"column":39},"end":{"line":42,"column":49}},"loc":{"start":{"line":42,"column":55},"end":{"line":44,"column":5}}},"5":{"name":"(anonymous_6)","decl":{"start":{"line":46,"column":38},"end":{"line":46,"column":48}},"loc":{"start":{"line":46,"column":54},"end":{"line":49,"column":5}}},"6":{"name":"(anonymous_7)","decl":{"start":{"line":51,"column":37},"end":{"line":51,"column":47}},"loc":{"start":{"line":51,"column":86},"end":{"line":53,"column":5}}},"7":{"name":"(anonymous_8)","decl":{"start":{"line":55,"column":35},"end":{"line":55,"column":60}},"loc":{"start":{"line":55,"column":119},"end":{"line":57,"column":5}}},"8":{"name":"(anonymous_9)","decl":{"start":{"line":58,"column":35},"end":{"line":58,"column":45}},"loc":{"start":{"line":58,"column":48},"end":{"line":60,"column":5}}},"9":{"name":"compileTemplate","decl":{"start":{"line":67,"column":22},"end":{"line":67,"column":37}},"loc":{"start":{"line":67,"column":69},"end":{"line":83,"column":1}}}},"branchMap":{"0":{"loc":{"start":{"line":11,"column":4},"end":{"line":11,"column":27}},"type":"if","locations":[{"start":{"line":11,"column":4},"end":{"line":11,"column":27}},{"start":{},"end":{}}]},"1":{"loc":{"start":{"line":15,"column":17},"end":{"line":15,"column":51}},"type":"binary-expr","locations":[{"start":{"line":15,"column":17},"end":{"line":15,"column":46}},{"start":{"line":15,"column":50},"end":{"line":15,"column":51}}]},"2":{"loc":{"start":{"line":16,"column":17},"end":{"line":16,"column":52}},"type":"binary-expr","locations":[{"start":{"line":16,"column":17},"end":{"line":16,"column":45}},{"start":{"line":16,"column":49},"end":{"line":16,"column":52}}]},"3":{"loc":{"start":{"line":17,"column":17},"end":{"line":17,"column":50}},"type":"binary-expr","locations":[{"start":{"line":17,"column":17},"end":{"line":17,"column":43}},{"start":{"line":17,"column":47},"end":{"line":17,"column":50}}]},"4":{"loc":{"start":{"line":20,"column":38},"end":{"line":20,"column":58}},"type":"cond-expr","locations":[{"start":{"line":20,"column":47},"end":{"line":20,"column":52}},{"start":{"line":20,"column":55},"end":{"line":20,"column":58}}]},"5":{"loc":{"start":{"line":21,"column":19},"end":{"line":21,"column":39}},"type":"cond-expr","locations":[{"start":{"line":21,"column":32},"end":{"line":21,"column":33}},{"start":{"line":21,"column":36},"end":{"line":21,"column":39}}]},"6":{"loc":{"start":{"line":23,"column":14},"end":{"line":23,"column":45}},"type":"cond-expr","locations":[{"start":{"line":23,"column":19},"end":{"line":23,"column":39}},{"start":{"line":23,"column":42},"end":{"line":23,"column":45}}]},"7":{"loc":{"start":{"line":29,"column":21},"end":{"line":29,"column":48}},"type":"cond-expr","locations":[{"start":{"line":29,"column":31},"end":{"line":29,"column":32}},{"start":{"line":29,"column":35},"end":{"line":29,"column":48}}]},"8":{"loc":{"start":{"line":43,"column":13},"end":{"line":43,"column":47}},"type":"cond-expr","locations":[{"start":{"line":43,"column":30},"end":{"line":43,"column":36}},{"start":{"line":43,"column":39},"end":{"line":43,"column":47}}]},"9":{"loc":{"start":{"line":56,"column":13},"end":{"line":56,"column":65}},"type":"cond-expr","locations":[{"start":{"line":56,"column":25},"end":{"line":56,"column":41}},{"start":{"line":56,"column":44},"end":{"line":56,"column":65}}]},"10":{"loc":{"start":{"line":59,"column":13},"end":{"line":59,"column":60}},"type":"binary-expr","locations":[{"start":{"line":59,"column":13},"end":{"line":59,"column":25}},{"start":{"line":59,"column":29},"end":{"line":59,"column":46}},{"start":{"line":59,"column":50},"end":{"line":59,"column":60}}]}},"s":{"0":2,"1":2,"2":2,"3":2,"4":2,"5":2,"6":2,"7":0,"8":0,"9":0,"10":0,"11":0,"12":0,"13":0,"14":0,"15":0,"16":0,"17":0,"18":0,"19":0,"20":0,"21":0,"22":0,"23":0,"24":0,"25":0,"26":0,"27":0,"28":0,"29":0,"30":0,"31":0,"32":0,"33":0,"34":0,"35":0,"36":0,"37":0,"38":0,"39":0,"40":0,"41":0,"42":0,"43":0,"44":0,"45":0,"46":0},"f":{"0":0,"1":0,"2":0,"3":0,"4":0,"5":0,"6":0,"7":0,"8":0,"9":0},"b":{"0":[0,0],"1":[0,0],"2":[0,0],"3":[0,0],"4":[0,0],"5":[0,0],"6":[0,0],"7":[0,0],"8":[0,0],"9":[0,0],"10":[0,0,0]}}
,"C:\\node\\cemimpco\\v2\\backend\\src\\common\\services\\email.service.ts": {"path":"C:\\node\\cemimpco\\v2\\backend\\src\\common\\services\\email.service.ts","statementMap":{"0":{"start":{"line":6,"column":0},"end":{"line":6,"column":7}},"1":{"start":{"line":1,"column":0},"end":{"line":1,"column":58}},"2":{"start":{"line":3,"column":0},"end":{"line":3,"column":53}},"3":{"start":{"line":7,"column":2},"end":{"line":21,"column":3}},"4":{"start":{"line":8,"column":24},"end":{"line":8,"column":53}},"5":{"start":{"line":10,"column":4},"end":{"line":17,"column":7}},"6":{"start":{"line":19,"column":4},"end":{"line":19,"column":50}},"7":{"start":{"line":20,"column":4},"end":{"line":20,"column":16}}},"fnMap":{"0":{"name":"sendMail","decl":{"start":{"line":6,"column":22},"end":{"line":6,"column":30}},"loc":{"start":{"line":6,"column":86},"end":{"line":23,"column":1}}}},"branchMap":{},"s":{"0":1,"1":1,"2":1,"3":0,"4":0,"5":0,"6":0,"7":0},"f":{"0":0},"b":{}}
,"C:\\node\\cemimpco\\v2\\backend\\src\\common\\services\\otp.services.ts": {"path":"C:\\node\\cemimpco\\v2\\backend\\src\\common\\services\\otp.services.ts","statementMap":{"0":{"start":{"line":5,"column":0},"end":{"line":5,"column":7}},"1":{"start":{"line":55,"column":0},"end":{"line":55,"column":7}},"2":{"start":{"line":84,"column":0},"end":{"line":84,"column":7}},"3":{"start":{"line":1,"column":0},"end":{"line":1,"column":54}},"4":{"start":{"line":2,"column":0},"end":{"line":2,"column":45}},"5":{"start":{"line":3,"column":0},"end":{"line":3,"column":26}},"6":{"start":{"line":6,"column":2},"end":{"line":51,"column":3}},"7":{"start":{"line":7,"column":19},"end":{"line":9,"column":null}},"8":{"start":{"line":12,"column":4},"end":{"line":14,"column":5}},"9":{"start":{"line":13,"column":6},"end":{"line":13,"column":null}},"10":{"start":{"line":16,"column":20},"end":{"line":16,"column":48}},"11":{"start":{"line":18,"column":4},"end":{"line":20,"column":5}},"12":{"start":{"line":19,"column":6},"end":{"line":19,"column":null}},"13":{"start":{"line":22,"column":24},"end":{"line":24,"column":null}},"14":{"start":{"line":27,"column":4},"end":{"line":32,"column":5}},"15":{"start":{"line":28,"column":6},"end":{"line":31,"column":null}},"16":{"start":{"line":34,"column":24},"end":{"line":34,"column":61}},"17":{"start":{"line":35,"column":24},"end":{"line":35,"column":78}},"18":{"start":{"line":37,"column":24},"end":{"line":39,"column":null}},"19":{"start":{"line":42,"column":4},"end":{"line":44,"column":5}},"20":{"start":{"line":43,"column":6},"end":{"line":43,"column":null}},"21":{"start":{"line":46,"column":4},"end":{"line":46,"column":null}},"22":{"start":{"line":49,"column":4},"end":{"line":49,"column":null}},"23":{"start":{"line":50,"column":4},"end":{"line":50,"column":null}},"24":{"start":{"line":56,"column":2},"end":{"line":80,"column":3}},"25":{"start":{"line":57,"column":17},"end":{"line":59,"column":null}},"26":{"start":{"line":62,"column":4},"end":{"line":64,"column":5}},"27":{"start":{"line":63,"column":6},"end":{"line":63,"column":null}},"28":{"start":{"line":66,"column":24},"end":{"line":68,"column":null}},"29":{"start":{"line":71,"column":4},"end":{"line":73,"column":5}},"30":{"start":{"line":72,"column":6},"end":{"line":72,"column":null}},"31":{"start":{"line":75,"column":4},"end":{"line":75,"column":null}},"32":{"start":{"line":78,"column":4},"end":{"line":78,"column":null}},"33":{"start":{"line":79,"column":4},"end":{"line":79,"column":null}},"34":{"start":{"line":85,"column":2},"end":{"line":106,"column":3}},"35":{"start":{"line":86,"column":17},"end":{"line":88,"column":null}},"36":{"start":{"line":91,"column":4},"end":{"line":93,"column":5}},"37":{"start":{"line":92,"column":6},"end":{"line":92,"column":null}},"38":{"start":{"line":95,"column":20},"end":{"line":95,"column":74}},"39":{"start":{"line":97,"column":4},"end":{"line":99,"column":5}},"40":{"start":{"line":98,"column":6},"end":{"line":98,"column":null}},"41":{"start":{"line":101,"column":4},"end":{"line":101,"column":null}},"42":{"start":{"line":104,"column":4},"end":{"line":104,"column":null}},"43":{"start":{"line":105,"column":4},"end":{"line":105,"column":null}}},"fnMap":{"0":{"name":"processOtp","decl":{"start":{"line":5,"column":22},"end":{"line":5,"column":32}},"loc":{"start":{"line":5,"column":65},"end":{"line":52,"column":1}}},"1":{"name":"verifyOtp","decl":{"start":{"line":55,"column":22},"end":{"line":55,"column":31}},"loc":{"start":{"line":55,"column":79},"end":{"line":81,"column":1}}},"2":{"name":"checkExpiredOtp","decl":{"start":{"line":84,"column":22},"end":{"line":84,"column":37}},"loc":{"start":{"line":84,"column":70},"end":{"line":107,"column":1}}}},"branchMap":{"0":{"loc":{"start":{"line":12,"column":4},"end":{"line":14,"column":5}},"type":"if","locations":[{"start":{"line":12,"column":4},"end":{"line":14,"column":5}},{"start":{},"end":{}}]},"1":{"loc":{"start":{"line":18,"column":4},"end":{"line":20,"column":5}},"type":"if","locations":[{"start":{"line":18,"column":4},"end":{"line":20,"column":5}},{"start":{},"end":{}}]},"2":{"loc":{"start":{"line":27,"column":4},"end":{"line":32,"column":5}},"type":"if","locations":[{"start":{"line":27,"column":4},"end":{"line":32,"column":5}},{"start":{},"end":{}}]},"3":{"loc":{"start":{"line":42,"column":4},"end":{"line":44,"column":5}},"type":"if","locations":[{"start":{"line":42,"column":4},"end":{"line":44,"column":5}},{"start":{},"end":{}}]},"4":{"loc":{"start":{"line":42,"column":9},"end":{"line":42,"column":51}},"type":"binary-expr","locations":[{"start":{"line":42,"column":9},"end":{"line":42,"column":22}},{"start":{"line":42,"column":26},"end":{"line":42,"column":46}},{"start":{"line":42,"column":50},"end":{"line":42,"column":51}}]},"5":{"loc":{"start":{"line":62,"column":4},"end":{"line":64,"column":5}},"type":"if","locations":[{"start":{"line":62,"column":4},"end":{"line":64,"column":5}},{"start":{},"end":{}}]},"6":{"loc":{"start":{"line":71,"column":4},"end":{"line":73,"column":5}},"type":"if","locations":[{"start":{"line":71,"column":4},"end":{"line":73,"column":5}},{"start":{},"end":{}}]},"7":{"loc":{"start":{"line":71,"column":9},"end":{"line":71,"column":51}},"type":"binary-expr","locations":[{"start":{"line":71,"column":9},"end":{"line":71,"column":22}},{"start":{"line":71,"column":26},"end":{"line":71,"column":46}},{"start":{"line":71,"column":50},"end":{"line":71,"column":51}}]},"8":{"loc":{"start":{"line":91,"column":4},"end":{"line":93,"column":5}},"type":"if","locations":[{"start":{"line":91,"column":4},"end":{"line":93,"column":5}},{"start":{},"end":{}}]},"9":{"loc":{"start":{"line":97,"column":4},"end":{"line":99,"column":5}},"type":"if","locations":[{"start":{"line":97,"column":4},"end":{"line":99,"column":5}},{"start":{},"end":{}}]}},"s":{"0":1,"1":1,"2":1,"3":1,"4":1,"5":1,"6":0,"7":0,"8":0,"9":0,"10":0,"11":0,"12":0,"13":0,"14":0,"15":0,"16":0,"17":0,"18":0,"19":0,"20":0,"21":0,"22":0,"23":0,"24":0,"25":0,"26":0,"27":0,"28":0,"29":0,"30":0,"31":0,"32":0,"33":0,"34":0,"35":0,"36":0,"37":0,"38":0,"39":0,"40":0,"41":0,"42":0,"43":0},"f":{"0":0,"1":0,"2":0},"b":{"0":[0,0],"1":[0,0],"2":[0,0],"3":[0,0],"4":[0,0,0],"5":[0,0],"6":[0,0],"7":[0,0,0],"8":[0,0],"9":[0,0]}}
,"C:\\node\\cemimpco\\v2\\backend\\src\\common\\services\\pdfService.ts": {"path":"C:\\node\\cemimpco\\v2\\backend\\src\\common\\services\\pdfService.ts","statementMap":{"0":{"start":{"line":1,"column":0},"end":{"line":1,"column":34}},"1":{"start":{"line":2,"column":0},"end":{"line":2,"column":36}},"2":{"start":{"line":3,"column":0},"end":{"line":3,"column":26}},"3":{"start":{"line":4,"column":0},"end":{"line":4,"column":24}},"4":{"start":{"line":10,"column":0},"end":{"line":15,"column":3}},"5":{"start":{"line":11,"column":4},"end":{"line":14,"column":26}},"6":{"start":{"line":17,"column":36},"end":{"line":56,"column":1}},"7":{"start":{"line":19,"column":20},"end":{"line":22,"column":6}},"8":{"start":{"line":24,"column":4},"end":{"line":55,"column":5}},"9":{"start":{"line":25,"column":21},"end":{"line":25,"column":44}},"10":{"start":{"line":26,"column":21},"end":{"line":26,"column":34}},"11":{"start":{"line":29,"column":29},"end":{"line":29,"column":72}},"12":{"start":{"line":32,"column":8},"end":{"line":32,"column":61}},"13":{"start":{"line":33,"column":8},"end":{"line":33,"column":64}},"14":{"start":{"line":36,"column":29},"end":{"line":36,"column":69}},"15":{"start":{"line":37,"column":25},"end":{"line":37,"column":57}},"16":{"start":{"line":38,"column":26},"end":{"line":38,"column":40}},"17":{"start":{"line":40,"column":8},"end":{"line":40,"column":72}},"18":{"start":{"line":43,"column":26},"end":{"line":47,"column":10}},"19":{"start":{"line":49,"column":8},"end":{"line":49,"column":38}},"20":{"start":{"line":51,"column":8},"end":{"line":51,"column":53}},"21":{"start":{"line":52,"column":8},"end":{"line":52,"column":20}},"22":{"start":{"line":54,"column":8},"end":{"line":54,"column":30}},"23":{"start":{"line":17,"column":13},"end":{"line":17,"column":36}},"24":{"start":{"line":58,"column":29},"end":{"line":67,"column":1}},"25":{"start":{"line":59,"column":2},"end":{"line":66,"column":3}},"26":{"start":{"line":60,"column":19},"end":{"line":60,"column":44}},"27":{"start":{"line":61,"column":22},"end":{"line":61,"column":61}},"28":{"start":{"line":62,"column":4},"end":{"line":62,"column":73}},"29":{"start":{"line":64,"column":4},"end":{"line":64,"column":70}},"30":{"start":{"line":65,"column":4},"end":{"line":65,"column":14}},"31":{"start":{"line":58,"column":13},"end":{"line":58,"column":29}},"32":{"start":{"line":72,"column":37},"end":{"line":134,"column":1}},"33":{"start":{"line":74,"column":18},"end":{"line":77,"column":4}},"34":{"start":{"line":79,"column":2},"end":{"line":133,"column":3}},"35":{"start":{"line":80,"column":17},"end":{"line":80,"column":40}},"36":{"start":{"line":84,"column":17},"end":{"line":84,"column":30}},"37":{"start":{"line":85,"column":25},"end":{"line":85,"column":68}},"38":{"start":{"line":89,"column":4},"end":{"line":92,"column":5}},"39":{"start":{"line":90,"column":23},"end":{"line":90,"column":63}},"40":{"start":{"line":91,"column":6},"end":{"line":91,"column":52}},"41":{"start":{"line":94,"column":4},"end":{"line":97,"column":5}},"42":{"start":{"line":95,"column":23},"end":{"line":95,"column":53}},"43":{"start":{"line":96,"column":6},"end":{"line":96,"column":42}},"44":{"start":{"line":99,"column":4},"end":{"line":99,"column":22}},"45":{"start":{"line":102,"column":25},"end":{"line":102,"column":65}},"46":{"start":{"line":103,"column":21},"end":{"line":103,"column":53}},"47":{"start":{"line":104,"column":22},"end":{"line":104,"column":36}},"48":{"start":{"line":108,"column":4},"end":{"line":110,"column":7}},"49":{"start":{"line":113,"column":22},"end":{"line":123,"column":6}},"50":{"start":{"line":125,"column":4},"end":{"line":125,"column":34}},"51":{"start":{"line":127,"column":4},"end":{"line":127,"column":50}},"52":{"start":{"line":128,"column":4},"end":{"line":128,"column":16}},"53":{"start":{"line":132,"column":4},"end":{"line":132,"column":26}},"54":{"start":{"line":72,"column":13},"end":{"line":72,"column":37}}},"fnMap":{"0":{"name":"(anonymous_1)","decl":{"start":{"line":10,"column":44},"end":{"line":10,"column":45}},"loc":{"start":{"line":10,"column":62},"end":{"line":15,"column":1}}},"1":{"name":"(anonymous_2)","decl":{"start":{"line":17,"column":36},"end":{"line":17,"column":41}},"loc":{"start":{"line":17,"column":73},"end":{"line":56,"column":1}}},"2":{"name":"(anonymous_3)","decl":{"start":{"line":58,"column":29},"end":{"line":58,"column":30}},"loc":{"start":{"line":58,"column":58},"end":{"line":67,"column":1}}},"3":{"name":"(anonymous_4)","decl":{"start":{"line":72,"column":37},"end":{"line":72,"column":42}},"loc":{"start":{"line":72,"column":74},"end":{"line":134,"column":1}}}},"branchMap":{"0":{"loc":{"start":{"line":14,"column":14},"end":{"line":14,"column":24}},"type":"binary-expr","locations":[{"start":{"line":14,"column":14},"end":{"line":14,"column":19}},{"start":{"line":14,"column":23},"end":{"line":14,"column":24}}]},"1":{"loc":{"start":{"line":89,"column":4},"end":{"line":92,"column":5}},"type":"if","locations":[{"start":{"line":89,"column":4},"end":{"line":92,"column":5}},{"start":{},"end":{}}]},"2":{"loc":{"start":{"line":94,"column":4},"end":{"line":97,"column":5}},"type":"if","locations":[{"start":{"line":94,"column":4},"end":{"line":97,"column":5}},{"start":{},"end":{}}]}},"s":{"0":2,"1":2,"2":2,"3":2,"4":2,"5":0,"6":2,"7":0,"8":0,"9":0,"10":0,"11":0,"12":0,"13":0,"14":0,"15":0,"16":0,"17":0,"18":0,"19":0,"20":0,"21":0,"22":0,"23":2,"24":2,"25":0,"26":0,"27":0,"28":0,"29":0,"30":0,"31":2,"32":2,"33":0,"34":0,"35":0,"36":0,"37":0,"38":0,"39":0,"40":0,"41":0,"42":0,"43":0,"44":0,"45":0,"46":0,"47":0,"48":0,"49":0,"50":0,"51":0,"52":0,"53":0,"54":2},"f":{"0":0,"1":0,"2":0,"3":0},"b":{"0":[0,0],"1":[0,0],"2":[0,0]}}
,"C:\\node\\cemimpco\\v2\\backend\\src\\common\\services\\semaphore.ts": {"path":"C:\\node\\cemimpco\\v2\\backend\\src\\common\\services\\semaphore.ts","statementMap":{"0":{"start":{"line":24,"column":0},"end":{"line":24,"column":7}},"1":{"start":{"line":43,"column":0},"end":{"line":43,"column":7}},"2":{"start":{"line":1,"column":0},"end":{"line":1,"column":26}},"3":{"start":{"line":2,"column":0},"end":{"line":2,"column":65}},"4":{"start":{"line":11,"column":17},"end":{"line":15,"column":2}},"5":{"start":{"line":18,"column":17},"end":{"line":18,"column":47}},"6":{"start":{"line":19,"column":21},"end":{"line":19,"column":68}},"7":{"start":{"line":20,"column":15},"end":{"line":20,"column":84}},"8":{"start":{"line":21,"column":2},"end":{"line":21,"column":38}},"9":{"start":{"line":25,"column":2},"end":{"line":40,"column":3}},"10":{"start":{"line":26,"column":21},"end":{"line":33,"column":null}},"11":{"start":{"line":35,"column":42},"end":{"line":35,"column":50}},"12":{"start":{"line":36,"column":4},"end":{"line":36,"column":38}},"13":{"start":{"line":38,"column":4},"end":{"line":38,"column":66}},"14":{"start":{"line":39,"column":4},"end":{"line":39,"column":35}},"15":{"start":{"line":44,"column":2},"end":{"line":57,"column":3}},"16":{"start":{"line":45,"column":21},"end":{"line":50,"column":6}},"17":{"start":{"line":52,"column":41},"end":{"line":52,"column":49}},"18":{"start":{"line":53,"column":4},"end":{"line":53,"column":40}},"19":{"start":{"line":55,"column":4},"end":{"line":55,"column":70}},"20":{"start":{"line":56,"column":4},"end":{"line":56,"column":35}}},"fnMap":{"0":{"name":"handleAxiosError","decl":{"start":{"line":17,"column":9},"end":{"line":17,"column":25}},"loc":{"start":{"line":17,"column":36},"end":{"line":22,"column":1}}},"1":{"name":"sendMessage","decl":{"start":{"line":24,"column":22},"end":{"line":24,"column":33}},"loc":{"start":{"line":24,"column":65},"end":{"line":41,"column":1}}},"2":{"name":"sendOTPMessage","decl":{"start":{"line":43,"column":22},"end":{"line":43,"column":36}},"loc":{"start":{"line":43,"column":51},"end":{"line":58,"column":1}}}},"branchMap":{"0":{"loc":{"start":{"line":18,"column":17},"end":{"line":18,"column":47}},"type":"binary-expr","locations":[{"start":{"line":18,"column":17},"end":{"line":18,"column":40}},{"start":{"line":18,"column":44},"end":{"line":18,"column":47}}]},"1":{"loc":{"start":{"line":19,"column":21},"end":{"line":19,"column":68}},"type":"binary-expr","locations":[{"start":{"line":19,"column":21},"end":{"line":19,"column":48}},{"start":{"line":19,"column":52},"end":{"line":19,"column":68}}]},"2":{"loc":{"start":{"line":20,"column":15},"end":{"line":20,"column":84}},"type":"binary-expr","locations":[{"start":{"line":20,"column":15},"end":{"line":20,"column":36}},{"start":{"line":20,"column":40},"end":{"line":20,"column":84}}]},"3":{"loc":{"start":{"line":20,"column":50},"end":{"line":20,"column":83}},"type":"binary-expr","locations":[{"start":{"line":20,"column":50},"end":{"line":20,"column":64}},{"start":{"line":20,"column":68},"end":{"line":20,"column":83}}]}},"s":{"0":1,"1":1,"2":1,"3":1,"4":1,"5":0,"6":0,"7":0,"8":0,"9":0,"10":0,"11":0,"12":0,"13":0,"14":0,"15":0,"16":0,"17":0,"18":0,"19":0,"20":0},"f":{"0":0,"1":0,"2":0},"b":{"0":[0,0],"1":[0,0],"2":[0,0],"3":[0,0]}}
,"C:\\node\\cemimpco\\v2\\backend\\src\\common\\utils\\crypto.ts": {"path":"C:\\node\\cemimpco\\v2\\backend\\src\\common\\utils\\crypto.ts","statementMap":{"0":{"start":{"line":6,"column":0},"end":{"line":6,"column":16}},"1":{"start":{"line":16,"column":0},"end":{"line":16,"column":16}},"2":{"start":{"line":1,"column":0},"end":{"line":1,"column":28}},"3":{"start":{"line":2,"column":0},"end":{"line":2,"column":49}},"4":{"start":{"line":4,"column":12},"end":{"line":4,"column":43}},"5":{"start":{"line":7,"column":13},"end":{"line":7,"column":35}},"6":{"start":{"line":8,"column":17},"end":{"line":8,"column":62}},"7":{"start":{"line":10,"column":14},"end":{"line":10,"column":74}},"8":{"start":{"line":11,"column":14},"end":{"line":11,"column":33}},"9":{"start":{"line":13,"column":2},"end":{"line":13,"column":58}},"10":{"start":{"line":17,"column":14},"end":{"line":17,"column":44}},"11":{"start":{"line":18,"column":13},"end":{"line":18,"column":32}},"12":{"start":{"line":19,"column":14},"end":{"line":19,"column":34}},"13":{"start":{"line":20,"column":14},"end":{"line":20,"column":30}},"14":{"start":{"line":22,"column":19},"end":{"line":22,"column":67}},"15":{"start":{"line":23,"column":2},"end":{"line":23,"column":27}},"16":{"start":{"line":25,"column":2},"end":{"line":25,"column":82}}},"fnMap":{"0":{"name":"encrypt","decl":{"start":{"line":6,"column":16},"end":{"line":6,"column":23}},"loc":{"start":{"line":6,"column":36},"end":{"line":14,"column":1}}},"1":{"name":"decrypt","decl":{"start":{"line":16,"column":16},"end":{"line":16,"column":23}},"loc":{"start":{"line":16,"column":39},"end":{"line":26,"column":1}}}},"branchMap":{},"s":{"0":1,"1":1,"2":1,"3":1,"4":1,"5":0,"6":0,"7":0,"8":0,"9":0,"10":0,"11":0,"12":0,"13":0,"14":0,"15":0,"16":0},"f":{"0":0,"1":0},"b":{}}
,"C:\\node\\cemimpco\\v2\\backend\\src\\common\\utils\\decodeTokens.ts": {"path":"C:\\node\\cemimpco\\v2\\backend\\src\\common\\utils\\decodeTokens.ts","statementMap":{"0":{"start":{"line":6,"column":0},"end":{"line":6,"column":7}},"1":{"start":{"line":19,"column":0},"end":{"line":19,"column":7}},"2":{"start":{"line":1,"column":0},"end":{"line":1,"column":47}},"3":{"start":{"line":2,"column":0},"end":{"line":2,"column":78}},"4":{"start":{"line":7,"column":2},"end":{"line":16,"column":3}},"5":{"start":{"line":8,"column":19},"end":{"line":8,"column":68}},"6":{"start":{"line":9,"column":4},"end":{"line":11,"column":5}},"7":{"start":{"line":10,"column":6},"end":{"line":10,"column":null}},"8":{"start":{"line":12,"column":4},"end":{"line":12,"column":18}},"9":{"start":{"line":14,"column":4},"end":{"line":14,"column":65}},"10":{"start":{"line":15,"column":4},"end":{"line":15,"column":16}},"11":{"start":{"line":20,"column":2},"end":{"line":29,"column":3}},"12":{"start":{"line":21,"column":19},"end":{"line":21,"column":76}},"13":{"start":{"line":22,"column":4},"end":{"line":24,"column":5}},"14":{"start":{"line":23,"column":6},"end":{"line":23,"column":18}},"15":{"start":{"line":25,"column":4},"end":{"line":25,"column":18}},"16":{"start":{"line":27,"column":4},"end":{"line":27,"column":67}},"17":{"start":{"line":28,"column":4},"end":{"line":28,"column":16}}},"fnMap":{"0":{"name":"decodeRegistrationToken","decl":{"start":{"line":6,"column":22},"end":{"line":6,"column":45}},"loc":{"start":{"line":6,"column":60},"end":{"line":17,"column":1}}},"1":{"name":"decodeResetPassword","decl":{"start":{"line":19,"column":22},"end":{"line":19,"column":41}},"loc":{"start":{"line":19,"column":56},"end":{"line":30,"column":1}}}},"branchMap":{"0":{"loc":{"start":{"line":9,"column":4},"end":{"line":11,"column":5}},"type":"if","locations":[{"start":{"line":9,"column":4},"end":{"line":11,"column":5}},{"start":{},"end":{}}]},"1":{"loc":{"start":{"line":9,"column":8},"end":{"line":9,"column":41}},"type":"binary-expr","locations":[{"start":{"line":9,"column":8},"end":{"line":9,"column":21}},{"start":{"line":9,"column":25},"end":{"line":9,"column":41}}]},"2":{"loc":{"start":{"line":22,"column":4},"end":{"line":24,"column":5}},"type":"if","locations":[{"start":{"line":22,"column":4},"end":{"line":24,"column":5}},{"start":{},"end":{}}]},"3":{"loc":{"start":{"line":22,"column":8},"end":{"line":22,"column":41}},"type":"binary-expr","locations":[{"start":{"line":22,"column":8},"end":{"line":22,"column":21}},{"start":{"line":22,"column":25},"end":{"line":22,"column":41}}]}},"s":{"0":1,"1":1,"2":1,"3":1,"4":0,"5":0,"6":0,"7":0,"8":0,"9":0,"10":0,"11":0,"12":0,"13":0,"14":0,"15":0,"16":0,"17":0},"f":{"0":0,"1":0},"b":{"0":[0,0],"1":[0,0],"2":[0,0],"3":[0,0]}}
,"C:\\node\\cemimpco\\v2\\backend\\src\\common\\utils\\idPictureFinder.ts": {"path":"C:\\node\\cemimpco\\v2\\backend\\src\\common\\utils\\idPictureFinder.ts","statementMap":{"0":{"start":{"line":7,"column":0},"end":{"line":7,"column":7}},"1":{"start":{"line":1,"column":0},"end":{"line":1,"column":24}},"2":{"start":{"line":2,"column":0},"end":{"line":2,"column":29}},"3":{"start":{"line":5,"column":18},"end":{"line":5,"column":50}},"4":{"start":{"line":8,"column":2},"end":{"line":20,"column":3}},"5":{"start":{"line":9,"column":20},"end":{"line":9,"column":47}},"6":{"start":{"line":11,"column":18},"end":{"line":13,"column":null}},"7":{"start":{"line":12,"column":6},"end":{"line":13,"column":47}},"8":{"start":{"line":16,"column":4},"end":{"line":16,"column":54}},"9":{"start":{"line":18,"column":4},"end":{"line":18,"column":52}},"10":{"start":{"line":19,"column":4},"end":{"line":19,"column":16}}},"fnMap":{"0":{"name":"findIdImage","decl":{"start":{"line":7,"column":22},"end":{"line":7,"column":33}},"loc":{"start":{"line":7,"column":50},"end":{"line":21,"column":1}}},"1":{"name":"(anonymous_2)","decl":{"start":{"line":11,"column":31},"end":{"line":11,"column":35}},"loc":{"start":{"line":12,"column":6},"end":{"line":13,"column":47}}}},"branchMap":{"0":{"loc":{"start":{"line":12,"column":6},"end":{"line":13,"column":47}},"type":"binary-expr","locations":[{"start":{"line":12,"column":6},"end":{"line":12,"column":39}},{"start":{"line":13,"column":6},"end":{"line":13,"column":47}}]},"1":{"loc":{"start":{"line":16,"column":11},"end":{"line":16,"column":53}},"type":"cond-expr","locations":[{"start":{"line":16,"column":19},"end":{"line":16,"column":46}},{"start":{"line":16,"column":49},"end":{"line":16,"column":53}}]}},"s":{"0":1,"1":1,"2":1,"3":1,"4":0,"5":0,"6":0,"7":0,"8":0,"9":0,"10":0},"f":{"0":0,"1":0},"b":{"0":[0,0],"1":[0,0]}}
,"C:\\node\\cemimpco\\v2\\backend\\src\\common\\utils\\installmentType.ts": {"path":"C:\\node\\cemimpco\\v2\\backend\\src\\common\\utils\\installmentType.ts","statementMap":{"0":{"start":{"line":1,"column":50},"end":{"line":20,"column":null}},"1":{"start":{"line":22,"column":34},"end":{"line":23,"column":69}},"2":{"start":{"line":23,"column":2},"end":{"line":23,"column":69}},"3":{"start":{"line":22,"column":13},"end":{"line":22,"column":34}}},"fnMap":{"0":{"name":"(anonymous_0)","decl":{"start":{"line":22,"column":34},"end":{"line":22,"column":35}},"loc":{"start":{"line":23,"column":2},"end":{"line":23,"column":69}}}},"branchMap":{"0":{"loc":{"start":{"line":23,"column":2},"end":{"line":23,"column":69}},"type":"binary-expr","locations":[{"start":{"line":23,"column":2},"end":{"line":23,"column":59}},{"start":{"line":23,"column":63},"end":{"line":23,"column":69}}]}},"s":{"0":1,"1":1,"2":0,"3":1},"f":{"0":0},"b":{"0":[0,0]}}
,"C:\\node\\cemimpco\\v2\\backend\\src\\common\\utils\\parseUser.ts": {"path":"C:\\node\\cemimpco\\v2\\backend\\src\\common\\utils\\parseUser.ts","statementMap":{"0":{"start":{"line":1,"column":0},"end":{"line":1,"column":17}},"1":{"start":{"line":3,"column":2},"end":{"line":20,"column":3}},"2":{"start":{"line":5,"column":19},"end":{"line":5,"column":39}},"3":{"start":{"line":8,"column":4},"end":{"line":11,"column":14}},"4":{"start":{"line":9,"column":21},"end":{"line":9,"column":39}},"5":{"start":{"line":10,"column":6},"end":{"line":10,"column":94}},"6":{"start":{"line":10,"column":33},"end":{"line":10,"column":94}},"7":{"start":{"line":10,"column":68},"end":{"line":10,"column":76}},"8":{"start":{"line":14,"column":4},"end":{"line":19,"column":23}},"9":{"start":{"line":18,"column":16},"end":{"line":18,"column":24}},"10":{"start":{"line":23,"column":2},"end":{"line":36,"column":3}},"11":{"start":{"line":24,"column":14},"end":{"line":24,"column":24}},"12":{"start":{"line":27,"column":4},"end":{"line":32,"column":5}},"13":{"start":{"line":28,"column":6},"end":{"line":31,"column":16}},"14":{"start":{"line":29,"column":23},"end":{"line":29,"column":36}},"15":{"start":{"line":30,"column":8},"end":{"line":30,"column":96}},"16":{"start":{"line":30,"column":35},"end":{"line":30,"column":96}},"17":{"start":{"line":30,"column":70},"end":{"line":30,"column":78}},"18":{"start":{"line":35,"column":4},"end":{"line":35,"column":59}},"19":{"start":{"line":35,"column":33},"end":{"line":35,"column":41}},"20":{"start":{"line":38,"column":2},"end":{"line":38,"column":12}}},"fnMap":{"0":{"name":"parseUsers","decl":{"start":{"line":1,"column":17},"end":{"line":1,"column":27}},"loc":{"start":{"line":1,"column":41},"end":{"line":39,"column":1}}},"1":{"name":"(anonymous_1)","decl":{"start":{"line":10,"column":63},"end":{"line":10,"column":64}},"loc":{"start":{"line":10,"column":68},"end":{"line":10,"column":76}}},"2":{"name":"(anonymous_2)","decl":{"start":{"line":18,"column":11},"end":{"line":18,"column":12}},"loc":{"start":{"line":18,"column":16},"end":{"line":18,"column":24}}},"3":{"name":"(anonymous_3)","decl":{"start":{"line":30,"column":65},"end":{"line":30,"column":66}},"loc":{"start":{"line":30,"column":70},"end":{"line":30,"column":78}}},"4":{"name":"(anonymous_4)","decl":{"start":{"line":35,"column":28},"end":{"line":35,"column":29}},"loc":{"start":{"line":35,"column":33},"end":{"line":35,"column":41}}}},"branchMap":{"0":{"loc":{"start":{"line":3,"column":2},"end":{"line":20,"column":3}},"type":"if","locations":[{"start":{"line":3,"column":2},"end":{"line":20,"column":3}},{"start":{},"end":{}}]},"1":{"loc":{"start":{"line":10,"column":6},"end":{"line":10,"column":94}},"type":"if","locations":[{"start":{"line":10,"column":6},"end":{"line":10,"column":94}},{"start":{},"end":{}}]},"2":{"loc":{"start":{"line":23,"column":2},"end":{"line":36,"column":3}},"type":"if","locations":[{"start":{"line":23,"column":2},"end":{"line":36,"column":3}},{"start":{},"end":{}}]},"3":{"loc":{"start":{"line":27,"column":4},"end":{"line":32,"column":5}},"type":"if","locations":[{"start":{"line":27,"column":4},"end":{"line":32,"column":5}},{"start":{},"end":{}}]},"4":{"loc":{"start":{"line":27,"column":8},"end":{"line":27,"column":44}},"type":"binary-expr","locations":[{"start":{"line":27,"column":8},"end":{"line":27,"column":25}},{"start":{"line":27,"column":29},"end":{"line":27,"column":44}}]},"5":{"loc":{"start":{"line":30,"column":8},"end":{"line":30,"column":96}},"type":"if","locations":[{"start":{"line":30,"column":8},"end":{"line":30,"column":96}},{"start":{},"end":{}}]}},"s":{"0":1,"1":0,"2":0,"3":0,"4":0,"5":0,"6":0,"7":0,"8":0,"9":0,"10":0,"11":0,"12":0,"13":0,"14":0,"15":0,"16":0,"17":0,"18":0,"19":0,"20":0},"f":{"0":0,"1":0,"2":0,"3":0,"4":0},"b":{"0":[0,0],"1":[0,0],"2":[0,0],"3":[0,0],"4":[0,0],"5":[0,0]}}
,"C:\\node\\cemimpco\\v2\\backend\\src\\common\\utils\\password.utils.ts": {"path":"C:\\node\\cemimpco\\v2\\backend\\src\\common\\utils\\password.utils.ts","statementMap":{"0":{"start":{"line":5,"column":0},"end":{"line":5,"column":7}},"1":{"start":{"line":15,"column":0},"end":{"line":15,"column":7}},"2":{"start":{"line":1,"column":0},"end":{"line":1,"column":28}},"3":{"start":{"line":3,"column":13},"end":{"line":3,"column":15}},"4":{"start":{"line":6,"column":2},"end":{"line":11,"column":3}},"5":{"start":{"line":7,"column":4},"end":{"line":7,"column":56}},"6":{"start":{"line":9,"column":4},"end":{"line":9,"column":60}},"7":{"start":{"line":10,"column":4},"end":{"line":10,"column":17}},"8":{"start":{"line":16,"column":2},"end":{"line":21,"column":3}},"9":{"start":{"line":17,"column":4},"end":{"line":17,"column":45}},"10":{"start":{"line":19,"column":4},"end":{"line":19,"column":56}},"11":{"start":{"line":20,"column":4},"end":{"line":20,"column":14}}},"fnMap":{"0":{"name":"validatePassword","decl":{"start":{"line":5,"column":22},"end":{"line":5,"column":38}},"loc":{"start":{"line":5,"column":77},"end":{"line":12,"column":1}}},"1":{"name":"hashingPassword","decl":{"start":{"line":15,"column":22},"end":{"line":15,"column":37}},"loc":{"start":{"line":15,"column":54},"end":{"line":22,"column":1}}}},"branchMap":{},"s":{"0":1,"1":1,"2":1,"3":1,"4":0,"5":0,"6":0,"7":0,"8":0,"9":0,"10":0,"11":0},"f":{"0":0,"1":0},"b":{}}
,"C:\\node\\cemimpco\\v2\\backend\\src\\common\\utils\\token.utils.ts": {"path":"C:\\node\\cemimpco\\v2\\backend\\src\\common\\utils\\token.utils.ts","statementMap":{"0":{"start":{"line":1,"column":0},"end":{"line":1,"column":48}},"1":{"start":{"line":3,"column":0},"end":{"line":3,"column":null}},"2":{"start":{"line":28,"column":31},"end":{"line":30,"column":4}},"3":{"start":{"line":32,"column":2},"end":{"line":32,"column":44}},"4":{"start":{"line":40,"column":40},"end":{"line":49,"column":1}},"5":{"start":{"line":44,"column":2},"end":{"line":48,"column":4}},"6":{"start":{"line":40,"column":13},"end":{"line":40,"column":40}},"7":{"start":{"line":56,"column":43},"end":{"line":65,"column":1}},"8":{"start":{"line":60,"column":2},"end":{"line":64,"column":4}},"9":{"start":{"line":56,"column":13},"end":{"line":56,"column":43}},"10":{"start":{"line":72,"column":42},"end":{"line":83,"column":1}},"11":{"start":{"line":78,"column":2},"end":{"line":82,"column":4}},"12":{"start":{"line":72,"column":13},"end":{"line":72,"column":42}},"13":{"start":{"line":90,"column":36},"end":{"line":99,"column":1}},"14":{"start":{"line":94,"column":2},"end":{"line":98,"column":4}},"15":{"start":{"line":90,"column":13},"end":{"line":90,"column":36}}},"fnMap":{"0":{"name":"generateToken","decl":{"start":{"line":23,"column":9},"end":{"line":23,"column":22}},"loc":{"start":{"line":26,"column":19},"end":{"line":33,"column":1}}},"1":{"name":"(anonymous_2)","decl":{"start":{"line":40,"column":40},"end":{"line":40,"column":null}},"loc":{"start":{"line":42,"column":12},"end":{"line":49,"column":1}}},"2":{"name":"(anonymous_3)","decl":{"start":{"line":56,"column":43},"end":{"line":56,"column":null}},"loc":{"start":{"line":58,"column":12},"end":{"line":65,"column":1}}},"3":{"name":"(anonymous_4)","decl":{"start":{"line":72,"column":42},"end":{"line":72,"column":null}},"loc":{"start":{"line":74,"column":12},"end":{"line":83,"column":1}}},"4":{"name":"(anonymous_5)","decl":{"start":{"line":90,"column":36},"end":{"line":90,"column":null}},"loc":{"start":{"line":92,"column":12},"end":{"line":99,"column":1}}}},"branchMap":{},"s":{"0":1,"1":1,"2":0,"3":0,"4":1,"5":0,"6":1,"7":1,"8":0,"9":1,"10":1,"11":0,"12":1,"13":1,"14":0,"15":1},"f":{"0":0,"1":0,"2":0,"3":0,"4":0},"b":{}}
,"C:\\node\\cemimpco\\v2\\backend\\src\\config\\config.ts": {"path":"C:\\node\\cemimpco\\v2\\backend\\src\\config\\config.ts","statementMap":{"0":{"start":{"line":1,"column":0},"end":{"line":1,"column":27}},"1":{"start":{"line":3,"column":0},"end":{"line":3,"column":16}},"2":{"start":{"line":5,"column":13},"end":{"line":5,"column":75}},"3":{"start":{"line":6,"column":13},"end":{"line":6,"column":61}},"4":{"start":{"line":8,"column":13},"end":{"line":8,"column":82}},"5":{"start":{"line":9,"column":13},"end":{"line":9,"column":101}},"6":{"start":{"line":11,"column":13},"end":{"line":11,"column":53}},"7":{"start":{"line":12,"column":13},"end":{"line":12,"column":135}},"8":{"start":{"line":14,"column":13},"end":{"line":14,"column":108}},"9":{"start":{"line":15,"column":13},"end":{"line":15,"column":76}},"10":{"start":{"line":16,"column":13},"end":{"line":16,"column":68}},"11":{"start":{"line":17,"column":13},"end":{"line":17,"column":71}},"12":{"start":{"line":18,"column":13},"end":{"line":18,"column":77}},"13":{"start":{"line":19,"column":13},"end":{"line":19,"column":91}},"14":{"start":{"line":20,"column":13},"end":{"line":20,"column":75}},"15":{"start":{"line":21,"column":13},"end":{"line":21,"column":125}},"16":{"start":{"line":22,"column":13},"end":{"line":22,"column":124}},"17":{"start":{"line":25,"column":13},"end":{"line":25,"column":94}},"18":{"start":{"line":26,"column":13},"end":{"line":26,"column":93}},"19":{"start":{"line":28,"column":13},"end":{"line":28,"column":92}},"20":{"start":{"line":29,"column":13},"end":{"line":29,"column":86}},"21":{"start":{"line":31,"column":13},"end":{"line":31,"column":95}},"22":{"start":{"line":32,"column":13},"end":{"line":32,"column":88}},"23":{"start":{"line":34,"column":13},"end":{"line":34,"column":119}},"24":{"start":{"line":35,"column":13},"end":{"line":35,"column":103}},"25":{"start":{"line":38,"column":13},"end":{"line":38,"column":92}},"26":{"start":{"line":39,"column":13},"end":{"line":39,"column":70}},"27":{"start":{"line":40,"column":13},"end":{"line":40,"column":82}},"28":{"start":{"line":41,"column":13},"end":{"line":41,"column":79}},"29":{"start":{"line":42,"column":13},"end":{"line":42,"column":88}},"30":{"start":{"line":45,"column":13},"end":{"line":45,"column":78}},"31":{"start":{"line":46,"column":13},"end":{"line":46,"column":92}},"32":{"start":{"line":47,"column":13},"end":{"line":47,"column":81}},"33":{"start":{"line":48,"column":13},"end":{"line":48,"column":94}},"34":{"start":{"line":49,"column":13},"end":{"line":49,"column":84}},"35":{"start":{"line":50,"column":13},"end":{"line":50,"column":78}},"36":{"start":{"line":51,"column":13},"end":{"line":51,"column":81}},"37":{"start":{"line":55,"column":13},"end":{"line":55,"column":88}},"38":{"start":{"line":56,"column":13},"end":{"line":56,"column":104}},"39":{"start":{"line":57,"column":13},"end":{"line":57,"column":93}},"40":{"start":{"line":58,"column":13},"end":{"line":58,"column":86}},"41":{"start":{"line":61,"column":13},"end":{"line":61,"column":67}},"42":{"start":{"line":62,"column":13},"end":{"line":62,"column":79}},"43":{"start":{"line":65,"column":13},"end":{"line":65,"column":87}}},"fnMap":{},"branchMap":{"0":{"loc":{"start":{"line":8,"column":39},"end":{"line":8,"column":81}},"type":"binary-expr","locations":[{"start":{"line":8,"column":39},"end":{"line":8,"column":66}},{"start":{"line":8,"column":70},"end":{"line":8,"column":81}}]},"1":{"loc":{"start":{"line":9,"column":35},"end":{"line":9,"column":100}},"type":"cond-expr","locations":[{"start":{"line":9,"column":61},"end":{"line":9,"column":92}},{"start":{"line":9,"column":95},"end":{"line":9,"column":100}}]},"2":{"loc":{"start":{"line":12,"column":47},"end":{"line":12,"column":134}},"type":"cond-expr","locations":[{"start":{"line":12,"column":85},"end":{"line":12,"column":128}},{"start":{"line":12,"column":131},"end":{"line":12,"column":134}}]},"3":{"loc":{"start":{"line":14,"column":51},"end":{"line":14,"column":107}},"type":"binary-expr","locations":[{"start":{"line":14,"column":51},"end":{"line":14,"column":81}},{"start":{"line":14,"column":85},"end":{"line":14,"column":107}}]},"4":{"loc":{"start":{"line":15,"column":33},"end":{"line":15,"column":75}},"type":"binary-expr","locations":[{"start":{"line":15,"column":33},"end":{"line":15,"column":54}},{"start":{"line":15,"column":58},"end":{"line":15,"column":75}}]},"5":{"loc":{"start":{"line":16,"column":30},"end":{"line":16,"column":67}},"type":"binary-expr","locations":[{"start":{"line":16,"column":30},"end":{"line":16,"column":48}},{"start":{"line":16,"column":52},"end":{"line":16,"column":67}}]},"6":{"loc":{"start":{"line":17,"column":30},"end":{"line":17,"column":70}},"type":"binary-expr","locations":[{"start":{"line":17,"column":30},"end":{"line":17,"column":48}},{"start":{"line":17,"column":52},"end":{"line":17,"column":70}}]},"7":{"loc":{"start":{"line":18,"column":30},"end":{"line":18,"column":76}},"type":"binary-expr","locations":[{"start":{"line":18,"column":30},"end":{"line":18,"column":48}},{"start":{"line":18,"column":52},"end":{"line":18,"column":76}}]},"8":{"loc":{"start":{"line":19,"column":38},"end":{"line":19,"column":90}},"type":"binary-expr","locations":[{"start":{"line":19,"column":38},"end":{"line":19,"column":64}},{"start":{"line":19,"column":68},"end":{"line":19,"column":90}}]},"9":{"loc":{"start":{"line":20,"column":34},"end":{"line":20,"column":74}},"type":"binary-expr","locations":[{"start":{"line":20,"column":34},"end":{"line":20,"column":56}},{"start":{"line":20,"column":60},"end":{"line":20,"column":74}}]},"10":{"loc":{"start":{"line":21,"column":48},"end":{"line":21,"column":124}},"type":"cond-expr","locations":[{"start":{"line":21,"column":81},"end":{"line":21,"column":119}},{"start":{"line":21,"column":122},"end":{"line":21,"column":124}}]},"11":{"loc":{"start":{"line":22,"column":46},"end":{"line":22,"column":123}},"type":"cond-expr","locations":[{"start":{"line":22,"column":83},"end":{"line":22,"column":119}},{"start":{"line":22,"column":122},"end":{"line":22,"column":123}}]},"12":{"loc":{"start":{"line":25,"column":39},"end":{"line":25,"column":93}},"type":"binary-expr","locations":[{"start":{"line":25,"column":39},"end":{"line":25,"column":76}},{"start":{"line":25,"column":80},"end":{"line":25,"column":93}}]},"13":{"loc":{"start":{"line":26,"column":43},"end":{"line":26,"column":92}},"type":"binary-expr","locations":[{"start":{"line":26,"column":43},"end":{"line":26,"column":84}},{"start":{"line":26,"column":88},"end":{"line":26,"column":92}}]},"14":{"loc":{"start":{"line":28,"column":37},"end":{"line":28,"column":91}},"type":"binary-expr","locations":[{"start":{"line":28,"column":37},"end":{"line":28,"column":68}},{"start":{"line":28,"column":72},"end":{"line":28,"column":91}}]},"15":{"loc":{"start":{"line":29,"column":41},"end":{"line":29,"column":85}},"type":"binary-expr","locations":[{"start":{"line":29,"column":41},"end":{"line":29,"column":76}},{"start":{"line":29,"column":80},"end":{"line":29,"column":85}}]},"16":{"loc":{"start":{"line":31,"column":38},"end":{"line":31,"column":94}},"type":"binary-expr","locations":[{"start":{"line":31,"column":38},"end":{"line":31,"column":70}},{"start":{"line":31,"column":74},"end":{"line":31,"column":94}}]},"17":{"loc":{"start":{"line":32,"column":42},"end":{"line":32,"column":87}},"type":"binary-expr","locations":[{"start":{"line":32,"column":42},"end":{"line":32,"column":78}},{"start":{"line":32,"column":82},"end":{"line":32,"column":87}}]},"18":{"loc":{"start":{"line":34,"column":47},"end":{"line":34,"column":118}},"type":"binary-expr","locations":[{"start":{"line":34,"column":47},"end":{"line":34,"column":87}},{"start":{"line":34,"column":91},"end":{"line":34,"column":118}}]},"19":{"loc":{"start":{"line":35,"column":50},"end":{"line":35,"column":102}},"type":"binary-expr","locations":[{"start":{"line":35,"column":50},"end":{"line":35,"column":94}},{"start":{"line":35,"column":98},"end":{"line":35,"column":102}}]},"20":{"loc":{"start":{"line":38,"column":38},"end":{"line":38,"column":91}},"type":"binary-expr","locations":[{"start":{"line":38,"column":38},"end":{"line":38,"column":70}},{"start":{"line":38,"column":74},"end":{"line":38,"column":91}}]},"21":{"loc":{"start":{"line":39,"column":33},"end":{"line":39,"column":69}},"type":"binary-expr","locations":[{"start":{"line":39,"column":33},"end":{"line":39,"column":54}},{"start":{"line":39,"column":58},"end":{"line":39,"column":69}}]},"22":{"loc":{"start":{"line":40,"column":37},"end":{"line":40,"column":81}},"type":"binary-expr","locations":[{"start":{"line":40,"column":37},"end":{"line":40,"column":62}},{"start":{"line":40,"column":66},"end":{"line":40,"column":81}}]},"23":{"loc":{"start":{"line":41,"column":36},"end":{"line":41,"column":78}},"type":"binary-expr","locations":[{"start":{"line":41,"column":36},"end":{"line":41,"column":60}},{"start":{"line":41,"column":64},"end":{"line":41,"column":78}}]},"24":{"loc":{"start":{"line":42,"column":43},"end":{"line":42,"column":87}},"type":"binary-expr","locations":[{"start":{"line":42,"column":43},"end":{"line":42,"column":68}},{"start":{"line":42,"column":72},"end":{"line":42,"column":87}}]},"25":{"loc":{"start":{"line":45,"column":39},"end":{"line":45,"column":77}},"type":"binary-expr","locations":[{"start":{"line":45,"column":39},"end":{"line":45,"column":66}},{"start":{"line":45,"column":70},"end":{"line":45,"column":77}}]},"26":{"loc":{"start":{"line":46,"column":35},"end":{"line":46,"column":91}},"type":"binary-expr","locations":[{"start":{"line":46,"column":35},"end":{"line":46,"column":81}},{"start":{"line":46,"column":85},"end":{"line":46,"column":91}}]},"27":{"loc":{"start":{"line":47,"column":38},"end":{"line":47,"column":80}},"type":"binary-expr","locations":[{"start":{"line":47,"column":38},"end":{"line":47,"column":72}},{"start":{"line":47,"column":76},"end":{"line":47,"column":80}}]},"28":{"loc":{"start":{"line":48,"column":41},"end":{"line":48,"column":93}},"type":"binary-expr","locations":[{"start":{"line":48,"column":41},"end":{"line":48,"column":78}},{"start":{"line":48,"column":82},"end":{"line":48,"column":93}}]},"29":{"loc":{"start":{"line":49,"column":37},"end":{"line":49,"column":83}},"type":"binary-expr","locations":[{"start":{"line":49,"column":37},"end":{"line":49,"column":78}},{"start":{"line":49,"column":82},"end":{"line":49,"column":83}}]},"30":{"loc":{"start":{"line":50,"column":31},"end":{"line":50,"column":77}},"type":"binary-expr","locations":[{"start":{"line":50,"column":31},"end":{"line":50,"column":50}},{"start":{"line":50,"column":54},"end":{"line":50,"column":77}}]},"31":{"loc":{"start":{"line":51,"column":33},"end":{"line":51,"column":80}},"type":"binary-expr","locations":[{"start":{"line":51,"column":33},"end":{"line":51,"column":54}},{"start":{"line":51,"column":58},"end":{"line":51,"column":80}}]},"32":{"loc":{"start":{"line":55,"column":35},"end":{"line":55,"column":87}},"type":"binary-expr","locations":[{"start":{"line":55,"column":35},"end":{"line":55,"column":64}},{"start":{"line":55,"column":68},"end":{"line":55,"column":87}}]},"33":{"loc":{"start":{"line":56,"column":46},"end":{"line":56,"column":103}},"type":"binary-expr","locations":[{"start":{"line":56,"column":46},"end":{"line":56,"column":79}},{"start":{"line":56,"column":83},"end":{"line":56,"column":103}}]},"34":{"loc":{"start":{"line":57,"column":37},"end":{"line":57,"column":92}},"type":"binary-expr","locations":[{"start":{"line":57,"column":37},"end":{"line":57,"column":67}},{"start":{"line":57,"column":71},"end":{"line":57,"column":92}}]},"35":{"loc":{"start":{"line":58,"column":35},"end":{"line":58,"column":85}},"type":"binary-expr","locations":[{"start":{"line":58,"column":35},"end":{"line":58,"column":68}},{"start":{"line":58,"column":72},"end":{"line":58,"column":85}}]},"36":{"loc":{"start":{"line":61,"column":32},"end":{"line":61,"column":66}},"type":"binary-expr","locations":[{"start":{"line":61,"column":32},"end":{"line":61,"column":52}},{"start":{"line":61,"column":56},"end":{"line":61,"column":66}}]},"37":{"loc":{"start":{"line":62,"column":36},"end":{"line":62,"column":78}},"type":"binary-expr","locations":[{"start":{"line":62,"column":36},"end":{"line":62,"column":60}},{"start":{"line":62,"column":64},"end":{"line":62,"column":78}}]},"38":{"loc":{"start":{"line":65,"column":40},"end":{"line":65,"column":86}},"type":"binary-expr","locations":[{"start":{"line":65,"column":40},"end":{"line":65,"column":68}},{"start":{"line":65,"column":72},"end":{"line":65,"column":86}}]}},"s":{"0":3,"1":3,"2":3,"3":3,"4":3,"5":3,"6":3,"7":3,"8":3,"9":3,"10":3,"11":3,"12":3,"13":3,"14":3,"15":3,"16":3,"17":3,"18":3,"19":3,"20":3,"21":3,"22":3,"23":3,"24":3,"25":3,"26":3,"27":3,"28":3,"29":3,"30":3,"31":3,"32":3,"33":3,"34":3,"35":3,"36":3,"37":3,"38":3,"39":3,"40":3,"41":3,"42":3,"43":3},"f":{},"b":{"0":[3,3],"1":[3,0],"2":[3,0],"3":[3,0],"4":[3,0],"5":[3,0],"6":[3,0],"7":[3,0],"8":[3,0],"9":[3,0],"10":[3,0],"11":[0,3],"12":[3,0],"13":[3,0],"14":[3,0],"15":[3,0],"16":[3,0],"17":[3,0],"18":[3,0],"19":[3,0],"20":[3,0],"21":[3,0],"22":[3,0],"23":[3,0],"24":[3,0],"25":[3,0],"26":[3,0],"27":[3,0],"28":[3,0],"29":[3,0],"30":[3,0],"31":[3,0],"32":[3,0],"33":[3,0],"34":[3,0],"35":[3,0],"36":[3,0],"37":[3,0],"38":[3,3]}}
,"C:\\node\\cemimpco\\v2\\backend\\src\\config\\logging.ts": {"path":"C:\\node\\cemimpco\\v2\\backend\\src\\config\\logging.ts","statementMap":{"0":{"start":{"line":36,"column":0},"end":{"line":36,"column":16}},"1":{"start":{"line":56,"column":0},"end":{"line":56,"column":16}},"2":{"start":{"line":60,"column":0},"end":{"line":60,"column":16}},"3":{"start":{"line":75,"column":0},"end":{"line":75,"column":16}},"4":{"start":{"line":90,"column":0},"end":{"line":90,"column":16}},"5":{"start":{"line":1,"column":0},"end":{"line":1,"column":32}},"6":{"start":{"line":3,"column":16},"end":{"line":34,"column":2}},"7":{"start":{"line":37,"column":4},"end":{"line":53,"column":5}},"8":{"start":{"line":38,"column":22},"end":{"line":38,"column":33}},"9":{"start":{"line":40,"column":8},"end":{"line":40,"column":45}},"10":{"start":{"line":40,"column":33},"end":{"line":40,"column":45}},"11":{"start":{"line":42,"column":21},"end":{"line":42,"column":41}},"12":{"start":{"line":43,"column":22},"end":{"line":43,"column":45}},"13":{"start":{"line":44,"column":23},"end":{"line":44,"column":40}},"14":{"start":{"line":46,"column":8},"end":{"line":46,"column":41}},"15":{"start":{"line":46,"column":29},"end":{"line":46,"column":41}},"16":{"start":{"line":48,"column":8},"end":{"line":48,"column":43}},"17":{"start":{"line":48,"column":31},"end":{"line":48,"column":43}},"18":{"start":{"line":50,"column":8},"end":{"line":50,"column":25}},"19":{"start":{"line":52,"column":8},"end":{"line":52,"column":20}},"20":{"start":{"line":57,"column":4},"end":{"line":57,"column":143}},"21":{"start":{"line":57,"column":15},"end":{"line":57,"column":143}},"22":{"start":{"line":61,"column":4},"end":{"line":72,"column":10}},"23":{"start":{"line":62,"column":8},"end":{"line":72,"column":10}},"24":{"start":{"line":76,"column":4},"end":{"line":87,"column":10}},"25":{"start":{"line":77,"column":8},"end":{"line":87,"column":10}},"26":{"start":{"line":91,"column":4},"end":{"line":102,"column":10}},"27":{"start":{"line":92,"column":8},"end":{"line":102,"column":10}},"28":{"start":{"line":105,"column":16},"end":{"line":112,"column":2}},"29":{"start":{"line":127,"column":0},"end":{"line":127,"column":29}},"30":{"start":{"line":129,"column":0},"end":{"line":129,"column":23}}},"fnMap":{"0":{"name":"getCallingFunction","decl":{"start":{"line":36,"column":16},"end":{"line":36,"column":34}},"loc":{"start":{"line":36,"column":47},"end":{"line":54,"column":1}}},"1":{"name":"log","decl":{"start":{"line":56,"column":16},"end":{"line":56,"column":19}},"loc":{"start":{"line":56,"column":59},"end":{"line":58,"column":1}}},"2":{"name":"info","decl":{"start":{"line":60,"column":16},"end":{"line":60,"column":20}},"loc":{"start":{"line":60,"column":60},"end":{"line":73,"column":1}}},"3":{"name":"warn","decl":{"start":{"line":75,"column":16},"end":{"line":75,"column":20}},"loc":{"start":{"line":75,"column":60},"end":{"line":88,"column":1}}},"4":{"name":"error","decl":{"start":{"line":90,"column":16},"end":{"line":90,"column":21}},"loc":{"start":{"line":90,"column":61},"end":{"line":103,"column":1}}}},"branchMap":{"0":{"loc":{"start":{"line":40,"column":8},"end":{"line":40,"column":45}},"type":"if","locations":[{"start":{"line":40,"column":8},"end":{"line":40,"column":45}},{"start":{},"end":{}}]},"1":{"loc":{"start":{"line":46,"column":8},"end":{"line":46,"column":41}},"type":"if","locations":[{"start":{"line":46,"column":8},"end":{"line":46,"column":41}},{"start":{},"end":{}}]},"2":{"loc":{"start":{"line":48,"column":8},"end":{"line":48,"column":43}},"type":"if","locations":[{"start":{"line":48,"column":8},"end":{"line":48,"column":43}},{"start":{},"end":{}}]},"3":{"loc":{"start":{"line":57,"column":4},"end":{"line":57,"column":143}},"type":"if","locations":[{"start":{"line":57,"column":4},"end":{"line":57,"column":143}},{"start":{},"end":{}}]},"4":{"loc":{"start":{"line":61,"column":4},"end":{"line":72,"column":10}},"type":"if","locations":[{"start":{"line":61,"column":4},"end":{"line":72,"column":10}},{"start":{},"end":{}}]},"5":{"loc":{"start":{"line":76,"column":4},"end":{"line":87,"column":10}},"type":"if","locations":[{"start":{"line":76,"column":4},"end":{"line":87,"column":10}},{"start":{},"end":{}}]},"6":{"loc":{"start":{"line":91,"column":4},"end":{"line":102,"column":10}},"type":"if","locations":[{"start":{"line":91,"column":4},"end":{"line":102,"column":10}},{"start":{},"end":{}}]}},"s":{"0":3,"1":3,"2":3,"3":3,"4":3,"5":3,"6":3,"7":0,"8":0,"9":0,"10":0,"11":0,"12":0,"13":0,"14":0,"15":0,"16":0,"17":0,"18":0,"19":0,"20":17,"21":0,"22":0,"23":0,"24":1,"25":0,"26":0,"27":0,"28":3,"29":3,"30":3},"f":{"0":0,"1":17,"2":0,"3":1,"4":0},"b":{"0":[0,0],"1":[0,0],"2":[0,0],"3":[0,17],"4":[0,0],"5":[0,1],"6":[0,0]}}
,"C:\\node\\cemimpco\\v2\\backend\\src\\config\\mail.ts": {"path":"C:\\node\\cemimpco\\v2\\backend\\src\\config\\mail.ts","statementMap":{"0":{"start":{"line":32,"column":0},"end":{"line":32,"column":7}},"1":{"start":{"line":1,"column":0},"end":{"line":1,"column":36}},"2":{"start":{"line":2,"column":0},"end":{"line":2,"column":36}},"3":{"start":{"line":4,"column":0},"end":{"line":4,"column":null}},"4":{"start":{"line":12,"column":0},"end":{"line":14,"column":1}},"5":{"start":{"line":13,"column":2},"end":{"line":13,"column":46}},"6":{"start":{"line":16,"column":21},"end":{"line":19,"column":null}},"7":{"start":{"line":22,"column":0},"end":{"line":22,"column":68}},"8":{"start":{"line":25,"column":24},"end":{"line":25,"column":59}},"9":{"start":{"line":26,"column":22},"end":{"line":26,"column":42}},"10":{"start":{"line":27,"column":2},"end":{"line":27,"column":71}},"11":{"start":{"line":27,"column":20},"end":{"line":27,"column":71}},"12":{"start":{"line":28,"column":2},"end":{"line":28,"column":21}},"13":{"start":{"line":33,"column":22},"end":{"line":33,"column":44}},"14":{"start":{"line":35,"column":2},"end":{"line":45,"column":5}}},"fnMap":{"0":{"name":"getAccessToken","decl":{"start":{"line":24,"column":15},"end":{"line":24,"column":29}},"loc":{"start":{"line":24,"column":29},"end":{"line":29,"column":1}}},"1":{"name":"createMailTransporter","decl":{"start":{"line":32,"column":22},"end":{"line":32,"column":43}},"loc":{"start":{"line":32,"column":43},"end":{"line":46,"column":1}}}},"branchMap":{"0":{"loc":{"start":{"line":12,"column":0},"end":{"line":14,"column":1}},"type":"if","locations":[{"start":{"line":12,"column":0},"end":{"line":14,"column":1}},{"start":{},"end":{}}]},"1":{"loc":{"start":{"line":12,"column":4},"end":{"line":12,"column":75}},"type":"binary-expr","locations":[{"start":{"line":12,"column":4},"end":{"line":12,"column":19}},{"start":{"line":12,"column":23},"end":{"line":12,"column":33}},{"start":{"line":12,"column":37},"end":{"line":12,"column":51}},{"start":{"line":12,"column":55},"end":{"line":12,"column":75}}]},"2":{"loc":{"start":{"line":27,"column":2},"end":{"line":27,"column":71}},"type":"if","locations":[{"start":{"line":27,"column":2},"end":{"line":27,"column":71}},{"start":{},"end":{}}]}},"s":{"0":1,"1":1,"2":1,"3":1,"4":1,"5":0,"6":1,"7":1,"8":0,"9":0,"10":0,"11":0,"12":0,"13":0,"14":0},"f":{"0":0,"1":0},"b":{"0":[0,1],"1":[1,1,1,1],"2":[0,0]}}
,"C:\\node\\cemimpco\\v2\\backend\\src\\database\\connection.ts": {"path":"C:\\node\\cemimpco\\v2\\backend\\src\\database\\connection.ts","statementMap":{"0":{"start":{"line":34,"column":0},"end":{"line":34,"column":7}},"1":{"start":{"line":1,"column":0},"end":{"line":1,"column":24}},"2":{"start":{"line":2,"column":0},"end":{"line":2,"column":null}},"3":{"start":{"line":13,"column":0},"end":{"line":13,"column":40}},"4":{"start":{"line":17,"column":41},"end":{"line":17,"column":43}},"5":{"start":{"line":20,"column":2},"end":{"line":20,"column":124}},"6":{"start":{"line":24,"column":2},"end":{"line":26,"column":3}},"7":{"start":{"line":25,"column":4},"end":{"line":25,"column":50}},"8":{"start":{"line":27,"column":2},"end":{"line":27,"column":108}},"9":{"start":{"line":39,"column":2},"end":{"line":67,"column":3}},"10":{"start":{"line":40,"column":4},"end":{"line":53,"column":5}},"11":{"start":{"line":41,"column":25},"end":{"line":41,"column":46}},"12":{"start":{"line":43,"column":6},"end":{"line":50,"column":7}},"13":{"start":{"line":44,"column":8},"end":{"line":48,"column":11}},"14":{"start":{"line":49,"column":8},"end":{"line":49,"column":51}},"15":{"start":{"line":52,"column":6},"end":{"line":52,"column":43}},"16":{"start":{"line":56,"column":23},"end":{"line":56,"column":71}},"17":{"start":{"line":59,"column":4},"end":{"line":63,"column":7}},"18":{"start":{"line":65,"column":4},"end":{"line":65,"column":60}},"19":{"start":{"line":66,"column":4},"end":{"line":66,"column":16}}},"fnMap":{"0":{"name":"buildCoopConnString","decl":{"start":{"line":19,"column":9},"end":{"line":19,"column":28}},"loc":{"start":{"line":19,"column":28},"end":{"line":21,"column":1}}},"1":{"name":"buildCreditConnString","decl":{"start":{"line":23,"column":9},"end":{"line":23,"column":30}},"loc":{"start":{"line":23,"column":60},"end":{"line":28,"column":1}}},"2":{"name":"getConnection","decl":{"start":{"line":34,"column":22},"end":{"line":34,"column":35}},"loc":{"start":{"line":37,"column":26},"end":{"line":68,"column":1}}}},"branchMap":{"0":{"loc":{"start":{"line":24,"column":2},"end":{"line":26,"column":3}},"type":"if","locations":[{"start":{"line":24,"column":2},"end":{"line":26,"column":3}},{"start":{},"end":{}}]},"1":{"loc":{"start":{"line":24,"column":6},"end":{"line":24,"column":31}},"type":"binary-expr","locations":[{"start":{"line":24,"column":6},"end":{"line":24,"column":18}},{"start":{"line":24,"column":22},"end":{"line":24,"column":31}}]},"2":{"loc":{"start":{"line":40,"column":4},"end":{"line":53,"column":5}},"type":"if","locations":[{"start":{"line":40,"column":4},"end":{"line":53,"column":5}},{"start":{},"end":{}}]},"3":{"loc":{"start":{"line":43,"column":6},"end":{"line":50,"column":7}},"type":"if","locations":[{"start":{"line":43,"column":6},"end":{"line":50,"column":7}},{"start":{},"end":{}}]},"4":{"loc":{"start":{"line":56,"column":45},"end":{"line":56,"column":54}},"type":"binary-expr","locations":[{"start":{"line":56,"column":45},"end":{"line":56,"column":48}},{"start":{"line":56,"column":52},"end":{"line":56,"column":54}}]},"5":{"loc":{"start":{"line":56,"column":56},"end":{"line":56,"column":70}},"type":"binary-expr","locations":[{"start":{"line":56,"column":56},"end":{"line":56,"column":64}},{"start":{"line":56,"column":68},"end":{"line":56,"column":70}}]}},"s":{"0":2,"1":2,"2":2,"3":2,"4":2,"5":0,"6":0,"7":0,"8":0,"9":0,"10":0,"11":0,"12":0,"13":0,"14":0,"15":0,"16":0,"17":0,"18":0,"19":0},"f":{"0":0,"1":0,"2":0},"b":{"0":[0,0],"1":[0,0],"2":[0,0],"3":[0,0],"4":[0,0],"5":[0,0]}}
[...]
art":{},"end":{}}]},"28":{"loc":{"start":{"line":308,"column":2},"end":{"line":313,"column":3}},"type":"if","locations":[{"start":{"line":308,"column":2},"end":{"line":313,"column":3}},{"start":{},"end":{}}]},"29":{"loc":{"start":{"line":330,"column":2},"end":{"line":330,"column":90}},"type":"if","locations":[{"start":{"line":330,"column":2},"end":{"line":330,"column":90}},{"start":{},"end":{}}]},"30":{"loc":{"start":{"line":334,"column":2},"end":{"line":339,"column":3}},"type":"if","locations":[{"start":{"line":334,"column":2},"end":{"line":339,"column":3}},{"start":{},"end":{}}]},"31":{"loc":{"start":{"line":334,"column":6},"end":{"line":334,"column":40}},"type":"binary-expr","locations":[{"start":{"line":334,"column":6},"end":{"line":334,"column":18}},{"start":{"line":334,"column":22},"end":{"line":334,"column":40}}]},"32":{"loc":{"start":{"line":342,"column":2},"end":{"line":347,"column":3}},"type":"if","locations":[{"start":{"line":342,"column":2},"end":{"line":347,"column":3}},{"start":{},"end":{}}]}},"s":{"0":1,"1":1,"2":1,"3":1,"4":1,"5":1,"6":1,"7":1,"8":1,"9":1,"10":1,"11":1,"12":1,"13":1,"14":1,"15":1,"16":1,"17":0,"18":0,"19":0,"20":0,"21":0,"22":0,"23":0,"24":0,"25":0,"26":0,"27":0,"28":0,"29":0,"30":0,"31":0,"32":0,"33":0,"34":0,"35":0,"36":0,"37":0,"38":0,"39":0,"40":0,"41":0,"42":0,"43":0,"44":0,"45":0,"46":0,"47":0,"48":0,"49":0,"50":0,"51":0,"52":0,"53":0,"54":0,"55":0,"56":0,"57":0,"58":0,"59":0,"60":0,"61":0,"62":0,"63":0,"64":0,"65":0,"66":0,"67":0,"68":0,"69":0,"70":0,"71":0,"72":0,"73":0,"74":0,"75":0,"76":0,"77":0,"78":0,"79":0,"80":0,"81":0,"82":0,"83":0,"84":0,"85":0,"86":0,"87":0,"88":0,"89":0,"90":0,"91":0,"92":0,"93":0,"94":0,"95":0,"96":0,"97":0,"98":0,"99":0,"100":0,"101":0,"102":0,"103":0,"104":0,"105":0,"106":0,"107":0,"108":0,"109":0,"110":0,"111":0,"112":0,"113":0,"114":0,"115":0,"116":0,"117":0,"118":0,"119":0,"120":0,"121":0,"122":1,"123":0,"124":0,"125":0,"126":0,"127":0,"128":0,"129":0,"130":0,"131":0,"132":0,"133":0,"134":1,"135":1,"136":0,"137":0,"138":0,"139":0,"140":0,"141":0,"142":0,"143":0,"144":0,"145":0,"146":0,"147":0,"148":0,"149":0,"150":0,"151":1,"152":1,"153":0,"154":0,"155":0,"156":0,"157":0,"158":0,"159":0,"160":0,"161":0,"162":0,"163":0,"164":0,"165":0,"166":0,"167":1},"f":{"0":0,"1":0,"2":0,"3":0,"4":0,"5":0,"6":0,"7":0,"8":0,"9":0,"10":0,"11":0,"12":0,"13":0,"14":0,"15":0,"16":0,"17":0,"18":0},"b":{"0":[0,0],"1":[0,0],"2":[0,0],"3":[0,0],"4":[0,0],"5":[0,0],"6":[0,0,0,0],"7":[0,0],"8":[0,0],"9":[0,0],"10":[0,0],"11":[0,0],"12":[0,0],"13":[0,0,0,0],"14":[0,0],"15":[0,0],"16":[0,0],"17":[0,0],"18":[0,0],"19":[0,0],"20":[0,0],"21":[0,0,0],"22":[0,0],"23":[0,0],"24":[0,0],"25":[0,0],"26":[0,0],"27":[0,0],"28":[0,0],"29":[0,0],"30":[0,0],"31":[0,0],"32":[0,0]}}
,"C:\\node\\cemimpco\\v2\\backend\\src\\modules\\survey\\survey.routes.ts": {"path":"C:\\node\\cemimpco\\v2\\backend\\src\\modules\\survey\\survey.routes.ts","statementMap":{"0":{"start":{"line":1,"column":0},"end":{"line":1,"column":40}},"1":{"start":{"line":2,"column":0},"end":{"line":2,"column":62}},"2":{"start":{"line":3,"column":0},"end":{"line":3,"column":79}},"3":{"start":{"line":5,"column":0},"end":{"line":5,"column":null}},"4":{"start":{"line":26,"column":15},"end":{"line":26,"column":23}},"5":{"start":{"line":30,"column":0},"end":{"line":30,"column":53}},"6":{"start":{"line":31,"column":0},"end":{"line":31,"column":null}},"7":{"start":{"line":32,"column":0},"end":{"line":32,"column":63}},"8":{"start":{"line":33,"column":0},"end":{"line":33,"column":62}},"9":{"start":{"line":34,"column":0},"end":{"line":34,"column":71}},"10":{"start":{"line":35,"column":0},"end":{"line":35,"column":79}},"11":{"start":{"line":36,"column":0},"end":{"line":36,"column":79}},"12":{"start":{"line":39,"column":0},"end":{"line":39,"column":70}},"13":{"start":{"line":43,"column":0},"end":{"line":43,"column":83}},"14":{"start":{"line":44,"column":0},"end":{"line":44,"column":85}},"15":{"start":{"line":45,"column":0},"end":{"line":45,"column":88}},"16":{"start":{"line":47,"column":0},"end":{"line":47,"column":97}},"17":{"start":{"line":48,"column":0},"end":{"line":48,"column":110}},"18":{"start":{"line":51,"column":0},"end":{"line":51,"column":85}},"19":{"start":{"line":52,"column":0},"end":{"line":52,"column":88}},"20":{"start":{"line":53,"column":0},"end":{"line":53,"column":96}},"21":{"start":{"line":55,"column":0},"end":{"line":55,"column":82}},"22":{"start":{"line":57,"column":0},"end":{"line":57,"column":22}}},"fnMap":{},"branchMap":{},"s":{"0":1,"1":1,"2":1,"3":1,"4":1,"5":1,"6":1,"7":1,"8":1,"9":1,"10":1,"11":1,"12":1,"13":1,"14":1,"15":1,"16":1,"17":1,"18":1,"19":1,"20":1,"21":1,"22":1},"f":{},"b":{}}
,"C:\\node\\cemimpco\\v2\\backend\\src\\modules\\survey\\survey.service.ts": {"path":"C:\\node\\cemimpco\\v2\\backend\\src\\modules\\survey\\survey.service.ts","statementMap":{"0":{"start":{"line":25,"column":0},"end":{"line":25,"column":7}},"1":{"start":{"line":40,"column":0},"end":{"line":40,"column":7}},"2":{"start":{"line":55,"column":0},"end":{"line":55,"column":7}},"3":{"start":{"line":96,"column":0},"end":{"line":96,"column":7}},"4":{"start":{"line":106,"column":0},"end":{"line":106,"column":7}},"5":{"start":{"line":129,"column":0},"end":{"line":129,"column":7}},"6":{"start":{"line":137,"column":0},"end":{"line":137,"column":7}},"7":{"start":{"line":153,"column":0},"end":{"line":153,"column":7}},"8":{"start":{"line":166,"column":0},"end":{"line":166,"column":7}},"9":{"start":{"line":205,"column":0},"end":{"line":205,"column":7}},"10":{"start":{"line":213,"column":0},"end":{"line":213,"column":7}},"11":{"start":{"line":249,"column":0},"end":{"line":249,"column":7}},"12":{"start":{"line":260,"column":0},"end":{"line":260,"column":7}},"13":{"start":{"line":312,"column":0},"end":{"line":312,"column":7}},"14":{"start":{"line":1,"column":0},"end":{"line":1,"column":54}},"15":{"start":{"line":5,"column":2},"end":{"line":5,"column":29}},"16":{"start":{"line":16,"column":15},"end":{"line":16,"column":50}},"17":{"start":{"line":17,"column":14},"end":{"line":17,"column":59}},"18":{"start":{"line":18,"column":2},"end":{"line":22,"column":3}},"19":{"start":{"line":19,"column":4},"end":{"line":19,"column":34}},"20":{"start":{"line":21,"column":4},"end":{"line":21,"column":34}},"21":{"start":{"line":26,"column":1},"end":{"line":37,"column":2}},"22":{"start":{"line":27,"column":15},"end":{"line":32,"column":5}},"23":{"start":{"line":33,"column":3},"end":{"line":33,"column":54}},"24":{"start":{"line":35,"column":4},"end":{"line":35,"column":57}},"25":{"start":{"line":36,"column":4},"end":{"line":36,"column":16}},"26":{"start":{"line":41,"column":1},"end":{"line":52,"column":2}},"27":{"start":{"line":42,"column":15},"end":{"line":47,"column":5}},"28":{"start":{"line":48,"column":3},"end":{"line":48,"column":54}},"29":{"start":{"line":50,"column":4},"end":{"line":50,"column":60}},"30":{"start":{"line":51,"column":4},"end":{"line":51,"column":16}},"31":{"start":{"line":56,"column":1},"end":{"line":93,"column":2}},"32":{"start":{"line":57,"column":15},"end":{"line":88,"column":5}},"33":{"start":{"line":89,"column":3},"end":{"line":89,"column":54}},"34":{"start":{"line":91,"column":4},"end":{"line":91,"column":54}},"35":{"start":{"line":92,"column":4},"end":{"line":92,"column":16}},"36":{"start":{"line":97,"column":14},"end":{"line":101,"column":4}},"37":{"start":{"line":102,"column":16},"end":{"line":102,"column":53}},"38":{"start":{"line":103,"column":2},"end":{"line":103,"column":25}},"39":{"start":{"line":107,"column":14},"end":{"line":125,"column":4}},"40":{"start":{"line":126,"column":2},"end":{"line":126,"column":69}},"41":{"start":{"line":130,"column":17},"end":{"line":130,"column":42}},"42":{"start":{"line":131,"column":2},"end":{"line":131,"column":27}},"43":{"start":{"line":131,"column":15},"end":{"line":131,"column":27}},"44":{"start":{"line":133,"column":20},"end":{"line":133,"column":54}},"45":{"start":{"line":134,"column":2},"end":{"line":134,"column":31}},"46":{"start":{"line":138,"column":1},"end":{"line":150,"column":2}},"47":{"start":{"line":139,"column":15},"end":{"line":144,"column":5}},"48":{"start":{"line":145,"column":16},"end":{"line":145,"column":63}},"49":{"start":{"line":146,"column":3},"end":{"line":146,"column":49}},"50":{"start":{"line":148,"column":2},"end":{"line":148,"column":64}},"51":{"start":{"line":149,"column":2},"end":{"line":149,"column":14}},"52":{"start":{"line":157,"column":2},"end":{"line":157,"column":36}},"53":{"start":{"line":159,"column":14},"end":{"line":162,"column":4}},"54":{"start":{"line":163,"column":2},"end":{"line":163,"column":110}},"55":{"start":{"line":171,"column":2},"end":{"line":171,"column":36}},"56":{"start":{"line":173,"column":27},"end":{"line":173,"column":29}},"57":{"start":{"line":174,"column":24},"end":{"line":174,"column":26}},"58":{"start":{"line":176,"column":2},"end":{"line":179,"column":3}},"59":{"start":{"line":177,"column":4},"end":{"line":177,"column":35}},"60":{"start":{"line":178,"column":4},"end":{"line":178,"column":37}},"61":{"start":{"line":180,"column":2},"end":{"line":183,"column":3}},"62":{"start":{"line":181,"column":4},"end":{"line":181,"column":35}},"63":{"start":{"line":182,"column":4},"end":{"line":182,"column":37}},"64":{"start":{"line":184,"column":2},"end":{"line":187,"column":3}},"65":{"start":{"line":185,"column":4},"end":{"line":185,"column":33}},"66":{"start":{"line":186,"column":4},"end":{"line":186,"column":35}},"67":{"start":{"line":189,"column":2},"end":{"line":189,"column":28}},"68":{"start":{"line":190,"column":2},"end":{"line":190,"column":45}},"69":{"start":{"line":192,"column":2},"end":{"line":192,"column":30}},"70":{"start":{"line":194,"column":2},"end":{"line":194,"column":29}},"71":{"start":{"line":194,"column":22},"end":{"line":194,"column":29}},"72":{"start":{"line":196,"column":14},"end":{"line":200,"column":4}},"73":{"start":{"line":201,"column":2},"end":{"line":201,"column":24}},"74":{"start":{"line":202,"column":2},"end":{"line":202,"column":36}},"75":{"start":{"line":206,"column":2},"end":{"line":206,"column":36}},"76":{"start":{"line":209,"column":14},"end":{"line":209,"column":54}},"77":{"start":{"line":210,"column":2},"end":{"line":210,"column":40}},"78":{"start":{"line":218,"column":2},"end":{"line":218,"column":36}},"79":{"start":{"line":221,"column":20},"end":{"line":228,"column":4}},"80":{"start":{"line":229,"column":23},"end":{"line":229,"column":98}},"81":{"start":{"line":230,"column":25},"end":{"line":230,"column":70}},"82":{"start":{"line":234,"column":20},"end":{"line":237,"column":4}},"83":{"start":{"line":238,"column":2},"end":{"line":244,"column":3}},"84":{"start":{"line":239,"column":4},"end":{"line":239,"column":113}},"85":{"start":{"line":243,"column":4},"end":{"line":243,"column":78}},"86":{"start":{"line":246,"column":2},"end":{"line":246,"column":9}},"87":{"start":{"line":250,"column":2},"end":{"line":250,"column":36}},"88":{"start":{"line":252,"column":14},"end":{"line":256,"column":4}},"89":{"start":{"line":257,"column":2},"end":{"line":257,"column":51}},"90":{"start":{"line":266,"column":2},"end":{"line":266,"column":38}},"91":{"start":{"line":267,"column":2},"end":{"line":309,"column":3}},"92":{"start":{"line":268,"column":4},"end":{"line":268,"column":38}},"93":{"start":{"line":271,"column":22},"end":{"line":276,"column":6}},"94":{"start":{"line":277,"column":19},"end":{"line":277,"column":62}},"95":{"start":{"line":278,"column":4},"end":{"line":280,"column":5}},"96":{"start":{"line":279,"column":6},"end":{"line":279,"column":70}},"97":{"start":{"line":283,"column":20},"end":{"line":283,"column":69}},"98":{"start":{"line":284,"column":4},"end":{"line":284,"column":null}},"99":{"start":{"line":285,"column":4},"end":{"line":287,"column":5}},"100":{"start":{"line":286,"column":6},"end":{"line":286,"column":82}},"101":{"start":{"line":289,"column":4},"end":{"line":291,"column":5}},"102":{"start":{"line":290,"column":6},"end":{"line":290,"column":69}},"103":{"start":{"line":295,"column":22},"end":{"line":298,"column":6}},"104":{"start":{"line":300,"column":4},"end":{"line":303,"column":5}},"105":{"start":{"line":301,"column":6},"end":{"line":301,"column":65}},"106":{"start":{"line":302,"column":6},"end":{"line":302,"column":84}},"107":{"start":{"line":305,"column":4},"end":{"line":305,"column":63}},"108":{"start":{"line":307,"column":4},"end":{"line":307,"column":62}},"109":{"start":{"line":308,"column":4},"end":{"line":308,"column":16}},"110":{"start":{"line":314,"column":14},"end":{"line":336,"column":4}},"111":{"start":{"line":337,"column":2},"end":{"line":337,"column":47}}},"fnMap":{"0":{"name":"tsNowSqlAnywhere","decl":{"start":{"line":4,"column":9},"end":{"line":4,"column":25}},"loc":{"start":{"line":4,"column":25},"end":{"line":6,"column":1}}},"1":{"name":"setAuditUser","decl":{"start":{"line":14,"column":15},"end":{"line":14,"column":27}},"loc":{"start":{"line":14,"column":43},"end":{"line":23,"column":1}}},"2":{"name":"listActiveSurveys","decl":{"start":{"line":25,"column":22},"end":{"line":25,"column":39}},"loc":{"start":{"line":25,"column":39},"end":{"line":38,"column":1}}},"3":{"name":"currentActiveSurveys","decl":{"start":{"line":40,"column":22},"end":{"line":40,"column":42}},"loc":{"start":{"line":40,"column":42},"end":{"line":53,"column":1}}},"4":{"name":"listAllSurveys","decl":{"start":{"line":55,"column":22},"end":{"line":55,"column":36}},"loc":{"start":{"line":55,"column":36},"end":{"line":94,"column":1}}},"5":{"name":"getSurvey","decl":{"start":{"line":96,"column":22},"end":{"line":96,"column":31}},"loc":{"start":{"line":96,"column":48},"end":{"line":104,"column":1}}},"6":{"name":"getSurveyQuestions","decl":{"start":{"line":106,"column":22},"end":{"line":106,"column":40}},"loc":{"start":{"line":106,"column":57},"end":{"line":127,"column":1}}},"7":{"name":"getSurveyWithQuestions","decl":{"start":{"line":129,"column":22},"end":{"line":129,"column":44}},"loc":{"start":{"line":129,"column":61},"end":{"line":135,"column":1}}},"8":{"name":"memberHasAnsweredSurvey","decl":{"start":{"line":137,"column":22},"end":{"line":137,"column":45}},"loc":{"start":{"line":137,"column":80},"end":{"line":151,"column":1}}},"9":{"name":"createSurvey","decl":{"start":{"line":153,"column":22},"end":{"line":153,"column":34}},"loc":{"start":{"line":155,"column":23},"end":{"line":164,"column":1}}},"10":{"name":"updateSurvey","decl":{"start":{"line":166,"column":22},"end":{"line":166,"column":34}},"loc":{"start":{"line":169,"column":23},"end":{"line":203,"column":1}}},"11":{"name":"deleteSurvey","decl":{"start":{"line":205,"column":22},"end":{"line":205,"column":34}},"loc":{"start":{"line":205,"column":74},"end":{"line":211,"column":1}}},"12":{"name":"upsertQuestion","decl":{"start":{"line":213,"column":22},"end":{"line":213,"column":36}},"loc":{"start":{"line":216,"column":23},"end":{"line":247,"column":1}}},"13":{"name":"deleteQuestion","decl":{"start":{"line":249,"column":22},"end":{"line":249,"column":36}},"loc":{"start":{"line":249,"column":95},"end":{"line":258,"column":1}}},"14":{"name":"submitSurveyAnswers","decl":{"start":{"line":260,"column":22},"end":{"line":260,"column":41}},"loc":{"start":{"line":264,"column":23},"end":{"line":310,"column":1}}},"15":{"name":"getSurveyResults","decl":{"start":{"line":312,"column":22},"end":{"line":312,"column":38}},"loc":{"start":{"line":312,"column":55},"end":{"line":338,"column":1}}}},"branchMap":{"0":{"loc":{"start":{"line":16,"column":16},"end":{"line":16,"column":29}},"type":"binary-expr","locations":[{"start":{"line":16,"column":16},"end":{"line":16,"column":23}},{"start":{"line":16,"column":27},"end":{"line":16,"column":29}}]},"1":{"loc":{"start":{"line":21,"column":18},"end":{"line":21,"column":32}},"type":"binary-expr","locations":[{"start":{"line":21,"column":18},"end":{"line":21,"column":27}},{"start":{"line":21,"column":31},"end":{"line":21,"column":32}}]},"2":{"loc":{"start":{"line":103,"column":9},"end":{"line":103,"column":24}},"type":"binary-expr","locations":[{"start":{"line":103,"column":9},"end":{"line":103,"column":16}},{"start":{"line":103,"column":20},"end":{"line":103,"column":24}}]},"3":{"loc":{"start":{"line":131,"column":2},"end":{"line":131,"column":27}},"type":"if","locations":[{"start":{"line":131,"column":2},"end":{"line":131,"column":27}},{"start":{},"end":{}}]},"4":{"loc":{"start":{"line":146,"column":10},"end":{"line":146,"column":48}},"type":"binary-expr","locations":[{"start":{"line":146,"column":10},"end":{"line":146,"column":29}},{"start":{"line":146,"column":33},"end":{"line":146,"column":48}}]},"5":{"loc":{"start":{"line":176,"column":2},"end":{"line":179,"column":3}},"type":"if","locations":[{"start":{"line":176,"column":2},"end":{"line":179,"column":3}},{"start":{},"end":{}}]},"6":{"loc":{"start":{"line":180,"column":2},"end":{"line":183,"column":3}},"type":"if","locations":[{"start":{"line":180,"column":2},"end":{"line":183,"column":3}},{"start":{},"end":{}}]},"7":{"loc":{"start":{"line":184,"column":2},"end":{"line":187,"column":3}},"type":"if","locations":[{"start":{"line":184,"column":2},"end":{"line":187,"column":3}},{"start":{},"end":{}}]},"8":{"loc":{"start":{"line":194,"column":2},"end":{"line":194,"column":29}},"type":"if","locations":[{"start":{"line":194,"column":2},"end":{"line":194,"column":29}},{"start":{},"end":{}}]},"9":{"loc":{"start":{"line":243,"column":59},"end":{"line":243,"column":74}},"type":"binary-expr","locations":[{"start":{"line":243,"column":59},"end":{"line":243,"column":69}},{"start":{"line":243,"column":73},"end":{"line":243,"column":74}}]},"10":{"loc":{"start":{"line":278,"column":4},"end":{"line":280,"column":5}},"type":"if","locations":[{"start":{"line":278,"column":4},"end":{"line":280,"column":5}},{"start":{},"end":{}}]},"11":{"loc":{"start":{"line":278,"column":8},"end":{"line":278,"column":53}},"type":"binary-expr","locations":[{"start":{"line":278,"column":8},"end":{"line":278,"column":30}},{"start":{"line":278,"column":34},"end":{"line":278,"column":53}}]},"12":{"loc":{"start":{"line":285,"column":4},"end":{"line":287,"column":5}},"type":"if","locations":[{"start":{"line":285,"column":4},"end":{"line":287,"column":5}},{"start":{},"end":{}}]},"13":{"loc":{"start":{"line":289,"column":4},"end":{"line":291,"column":5}},"type":"if","locations":[{"start":{"line":289,"column":4},"end":{"line":291,"column":5}},{"start":{},"end":{}}]},"14":{"loc":{"start":{"line":301,"column":32},"end":{"line":301,"column":62}},"type":"cond-expr","locations":[{"start":{"line":301,"column":53},"end":{"line":301,"column":56}},{"start":{"line":301,"column":59},"end":{"line":301,"column":62}}]}},"s":{"0":1,"1":1,"2":1,"3":1,"4":1,"5":1,"6":1,"7":1,"8":1,"9":1,"10":1,"11":1,"12":1,"13":1,"14":1,"15":0,"16":0,"17":0,"18":0,"19":0,"20":0,"21":0,"22":0,"23":0,"24":0,"25":0,"26":0,"27":0,"28":0,"29":0,"30":0,"31":0,"32":0,"33":0,"34":0,"35":0,"36":0,"37":0,"38":0,"39":0,"40":0,"41":0,"42":0,"43":0,"44":0,"45":0,"46":0,"47":0,"48":0,"49":0,"50":0,"51":0,"52":0,"53":0,"54":0,"55":0,"56":0,"57":0,"58":0,"59":0,"60":0,"61":0,"62":0,"63":0,"64":0,"65":0,"66":0,"67":0,"68":0,"69":0,"70":0,"71":0,"72":0,"73":0,"74":0,"75":0,"76":0,"77":0,"78":0,"79":0,"80":0,"81":0,"82":0,"83":0,"84":0,"85":0,"86":0,"87":0,"88":0,"89":0,"90":0,"91":0,"92":0,"93":0,"94":0,"95":0,"96":0,"97":0,"98":0,"99":0,"100":0,"101":0,"102":0,"103":0,"104":0,"105":0,"106":0,"107":0,"108":0,"109":0,"110":0,"111":0},"f":{"0":0,"1":0,"2":0,"3":0,"4":0,"5":0,"6":0,"7":0,"8":0,"9":0,"10":0,"11":0,"12":0,"13":0,"14":0,"15":0},"b":{"0":[0,0],"1":[0,0],"2":[0,0],"3":[0,0],"4":[0,0],"5":[0,0],"6":[0,0],"7":[0,0],"8":[0,0],"9":[0,0],"10":[0,0],"11":[0,0],"12":[0,0],"13":[0,0],"14":[0,0]}}
,"C:\\node\\cemimpco\\v2\\backend\\src\\types\\express\\index.ts": {"path":"C:\\node\\cemimpco\\v2\\backend\\src\\types\\express\\index.ts","statementMap":{"0":{"start":{"line":1,"column":0},"end":{"line":1,"column":17}}},"fnMap":{},"branchMap":{},"s":{"0":1},"f":{},"b":{}}
}
