TN:
SF:src\app.ts
FN:89,(anonymous_1)
FNF:1
FNH:0
FNDA:0,(anonymous_1)
DA:1,1
DA:3,1
DA:4,1
DA:5,1
DA:6,1
DA:8,1
DA:9,1
DA:10,1
DA:11,1
DA:12,1
DA:13,1
DA:14,1
DA:15,1
DA:16,1
DA:17,1
DA:18,1
DA:20,1
DA:27,1
DA:29,1
DA:31,1
DA:32,1
DA:33,1
DA:37,1
DA:42,1
DA:43,1
DA:45,1
DA:46,1
DA:47,1
DA:48,1
DA:49,1
DA:51,1
DA:53,1
DA:69,1
DA:71,1
DA:72,1
DA:73,1
DA:77,1
DA:82,1
DA:85,1
DA:86,1
DA:87,1
DA:89,1
DA:90,0
DA:93,1
DA:94,1
DA:95,1
DA:96,1
DA:97,1
DA:98,1
DA:99,1
DA:102,1
DA:103,1
DA:104,1
DA:106,1
DA:107,1
DA:109,1
LF:56
LH:55
BRDA:63,0,0,0
BRDA:63,0,1,1
BRF:2
BRH:1
end_of_record
TN:
SF:src\server.ts
FN:11,(anonymous_1)
FN:19,(anonymous_2)
FNF:2
FNH:2
FNDA:1,(anonymous_1)
FNDA:1,(anonymous_2)
DA:1,1
DA:2,1
DA:3,1
DA:4,1
DA:9,1
DA:11,1
DA:12,1
DA:13,1
DA:14,1
DA:19,1
LF:10
LH:10
BRDA:19,0,0,1
BRDA:19,0,1,1
BRF:2
BRH:2
end_of_record
TN:
SF:src\common\pdf\dividendPatronage.ts
FN:8,generateDividendPatronagePdf
FN:19,(anonymous_2)
FN:20,(anonymous_3)
FN:21,(anonymous_4)
FN:22,(anonymous_5)
FN:23,(anonymous_6)
FN:24,(anonymous_7)
FNF:7
FNH:0
FNDA:0,generateDividendPatronagePdf
FNDA:0,(anonymous_2)
FNDA:0,(anonymous_3)
FNDA:0,(anonymous_4)
FNDA:0,(anonymous_5)
FNDA:0,(anonymous_6)
FNDA:0,(anonymous_7)
DA:1,2
DA:2,2
DA:3,2
DA:4,2
DA:5,2
DA:8,2
DA:9,0
DA:10,0
DA:11,0
DA:13,0
DA:14,0
DA:16,0
DA:18,0
DA:19,0
DA:20,0
DA:21,0
DA:22,0
DA:23,0
DA:24,0
DA:27,0
DA:29,0
DA:31,0
DA:32,0
DA:35,0
DA:36,0
DA:38,0
DA:40,0
DA:46,0
DA:48,0
DA:49,0
DA:51,0
LF:31
LH:6
BRDA:14,0,0,0
BRDA:14,0,1,0
BRDA:14,1,0,0
BRDA:14,1,1,0
BRDA:19,2,0,0
BRDA:19,2,1,0
BRDA:20,3,0,0
BRDA:20,3,1,0
BRDA:21,4,0,0
BRDA:21,4,1,0
BRDA:22,5,0,0
BRDA:22,5,1,0
BRDA:23,6,0,0
BRDA:23,6,1,0
BRDA:24,7,0,0
BRDA:24,7,1,0
BRDA:36,8,0,0
BRDA:36,8,1,0
BRF:18
BRH:0
end_of_record
TN:
SF:src\common\pdf\generateLoanApplicationPdf.ts
FN:6,getLogoDataUri
FN:11,generateLoanApplicationPdf
FNF:2
FNH:0
FNDA:0,getLogoDataUri
FNDA:0,generateLoanApplicationPdf
DA:1,1
DA:2,1
DA:3,1
DA:4,1
DA:7,0
DA:8,0
DA:11,1
DA:12,0
DA:13,0
DA:14,0
DA:15,0
DA:16,0
DA:18,0
DA:19,0
DA:21,0
DA:22,0
DA:24,0
DA:25,0
DA:27,0
DA:29,0
DA:30,0
DA:32,0
LF:22
LH:5
BRDA:22,0,0,0
BRDA:22,0,1,0
BRF:2
BRH:0
end_of_record
TN:
SF:src\common\pdf\handlebars.ts
FN:8,registerHbsHelpers
FN:14,(anonymous_2)
FN:26,(anonymous_3)
FN:38,(anonymous_4)
FN:42,(anonymous_5)
FN:46,(anonymous_6)
FN:51,(anonymous_7)
FN:55,(anonymous_8)
FN:58,(anonymous_9)
FN:67,compileTemplate
FNF:10
FNH:0
FNDA:0,registerHbsHelpers
FNDA:0,(anonymous_2)
FNDA:0,(anonymous_3)
FNDA:0,(anonymous_4)
FNDA:0,(anonymous_5)
FNDA:0,(anonymous_6)
FNDA:0,(anonymous_7)
FNDA:0,(anonymous_8)
FNDA:0,(anonymous_9)
FNDA:0,compileTemplate
DA:1,2
DA:2,2
DA:3,2
DA:4,2
DA:6,2
DA:8,2
DA:9,0
DA:11,0
DA:12,0
DA:14,0
DA:15,0
DA:16,0
DA:17,0
DA:19,0
DA:20,0
DA:21,0
DA:23,0
DA:26,0
DA:27,0
DA:28,0
DA:29,0
DA:30,0
DA:32,0
DA:38,0
DA:39,0
DA:42,0
DA:43,0
DA:46,0
DA:47,0
DA:48,0
DA:51,0
DA:52,0
DA:55,0
DA:56,0
DA:58,0
DA:59,0
DA:62,0
DA:63,0
DA:67,2
DA:68,0
DA:69,0
DA:72,0
DA:77,0
DA:78,0
DA:80,0
DA:81,0
LF:46
LH:7
BRDA:11,0,0,0
BRDA:11,0,1,0
BRDA:15,1,0,0
BRDA:15,1,1,0
BRDA:16,2,0,0
BRDA:16,2,1,0
BRDA:17,3,0,0
BRDA:17,3,1,0
BRDA:20,4,0,0
BRDA:20,4,1,0
BRDA:21,5,0,0
BRDA:21,5,1,0
BRDA:23,6,0,0
BRDA:23,6,1,0
BRDA:29,7,0,0
BRDA:29,7,1,0
BRDA:43,8,0,0
BRDA:43,8,1,0
BRDA:56,9,0,0
BRDA:56,9,1,0
BRDA:59,10,0,0
BRDA:59,10,1,0
BRDA:59,10,2,0
BRF:23
BRH:0
end_of_record
TN:
SF:src\common\services\email.service.ts
FN:6,sendMail
FNF:1
FNH:0
FNDA:0,sendMail
DA:1,1
DA:3,1
DA:6,1
DA:7,0
DA:8,0
DA:10,0
DA:19,0
DA:20,0
LF:8
LH:3
BRF:0
BRH:0
end_of_record
TN:
SF:src\common\services\otp.services.ts
FN:5,processOtp
FN:55,verifyOtp
FN:84,checkExpiredOtp
FNF:3
FNH:0
FNDA:0,processOtp
FNDA:0,verifyOtp
FNDA:0,checkExpiredOtp
DA:1,1
DA:2,1
DA:3,1
DA:5,1
DA:6,0
DA:7,0
DA:12,0
DA:13,0
DA:16,0
DA:18,0
DA:19,0
DA:22,0
DA:27,0
DA:28,0
DA:34,0
DA:35,0
DA:37,0
DA:42,0
DA:43,0
DA:46,0
DA:49,0
DA:50,0
DA:55,1
DA:56,0
DA:57,0
DA:62,0
DA:63,0
DA:66,0
DA:71,0
DA:72,0
DA:75,0
DA:78,0
DA:79,0
DA:84,1
DA:85,0
DA:86,0
DA:91,0
DA:92,0
DA:95,0
DA:97,0
DA:98,0
DA:101,0
DA:104,0
DA:105,0
LF:44
LH:6
BRDA:12,0,0,0
BRDA:12,0,1,0
BRDA:18,1,0,0
BRDA:18,1,1,0
BRDA:27,2,0,0
BRDA:27,2,1,0
BRDA:42,3,0,0
BRDA:42,3,1,0
BRDA:42,4,0,0
BRDA:42,4,1,0
BRDA:42,4,2,0
BRDA:62,5,0,0
BRDA:62,5,1,0
BRDA:71,6,0,0
BRDA:71,6,1,0
BRDA:71,7,0,0
BRDA:71,7,1,0
BRDA:71,7,2,0
BRDA:91,8,0,0
BRDA:91,8,1,0
BRDA:97,9,0,0
BRDA:97,9,1,0
BRF:22
BRH:0
end_of_record
TN:
SF:src\common\services\pdfService.ts
FN:10,(anonymous_1)
FN:17,(anonymous_2)
FN:58,(anonymous_3)
FN:72,(anonymous_4)
FNF:4
FNH:0
FNDA:0,(anonymous_1)
FNDA:0,(anonymous_2)
FNDA:0,(anonymous_3)
FNDA:0,(anonymous_4)
DA:1,2
DA:2,2
DA:3,2
DA:4,2
DA:10,2
DA:11,0
DA:17,2
DA:19,0
DA:24,0
DA:25,0
DA:26,0
DA:29,0
DA:32,0
DA:33,0
DA:36,0
DA:37,0
DA:38,0
DA:40,0
DA:43,0
DA:49,0
DA:51,0
DA:52,0
DA:54,0
DA:58,2
DA:59,0
DA:60,0
DA:61,0
DA:62,0
DA:64,0
DA:65,0
DA:72,2
DA:74,0
DA:79,0
DA:80,0
DA:84,0
DA:85,0
DA:89,0
DA:90,0
DA:91,0
DA:94,0
DA:95,0
DA:96,0
DA:99,0
DA:102,0
DA:103,0
DA:104,0
DA:108,0
DA:113,0
DA:125,0
DA:127,0
DA:128,0
DA:132,0
LF:52
LH:8
BRDA:14,0,0,0
BRDA:14,0,1,0
BRDA:89,1,0,0
BRDA:89,1,1,0
BRDA:94,2,0,0
BRDA:94,2,1,0
BRF:6
BRH:0
end_of_record
TN:
SF:src\common\services\semaphore.ts
FN:17,handleAxiosError
FN:24,sendMessage
FN:43,sendOTPMessage
FNF:3
FNH:0
FNDA:0,handleAxiosError
FNDA:0,sendMessage
FNDA:0,sendOTPMessage
DA:1,1
DA:2,1
DA:11,1
DA:18,0
DA:19,0
DA:20,0
DA:21,0
DA:24,1
DA:25,0
DA:26,0
DA:35,0
DA:36,0
DA:38,0
DA:39,0
DA:43,1
DA:44,0
DA:45,0
DA:52,0
DA:53,0
DA:55,0
DA:56,0
LF:21
LH:5
BRDA:18,0,0,0
BRDA:18,0,1,0
BRDA:19,1,0,0
BRDA:19,1,1,0
BRDA:20,2,0,0
BRDA:20,2,1,0
BRDA:20,3,0,0
BRDA:20,3,1,0
BRF:8
BRH:0
end_of_record
TN:
SF:src\common\utils\crypto.ts
FN:6,encrypt
FN:16,decrypt
FNF:2
FNH:0
FNDA:0,encrypt
FNDA:0,decrypt
DA:1,1
DA:2,1
DA:4,1
DA:6,1
DA:7,0
DA:8,0
DA:10,0
DA:11,0
DA:13,0
DA:16,1
DA:17,0
DA:18,0
DA:19,0
DA:20,0
DA:22,0
DA:23,0
DA:25,0
LF:17
LH:5
BRF:0
BRH:0
end_of_record
TN:
SF:src\common\utils\decodeTokens.ts
FN:6,decodeRegistrationToken
FN:19,decodeResetPassword
FNF:2
FNH:0
FNDA:0,decodeRegistrationToken
FNDA:0,decodeResetPassword
DA:1,1
DA:2,1
DA:6,1
DA:7,0
DA:8,0
DA:9,0
DA:10,0
DA:12,0
DA:14,0
DA:15,0
DA:19,1
DA:20,0
DA:21,0
DA:22,0
DA:23,0
DA:25,0
DA:27,0
DA:28,0
LF:18
LH:4
BRDA:9,0,0,0
BRDA:9,0,1,0
BRDA:9,1,0,0
BRDA:9,1,1,0
BRDA:22,2,0,0
BRDA:22,2,1,0
BRDA:22,3,0,0
BRDA:22,3,1,0
BRF:8
BRH:0
end_of_record
TN:
SF:src\common\utils\idPictureFinder.ts
FN:7,findIdImage
FN:11,(anonymous_2)
FNF:2
FNH:0
FNDA:0,findIdImage
FNDA:0,(anonymous_2)
DA:1,1
DA:2,1
DA:5,1
DA:7,1
DA:8,0
DA:9,0
DA:11,0
DA:12,0
DA:16,0
DA:18,0
DA:19,0
LF:11
LH:4
BRDA:12,0,0,0
BRDA:12,0,1,0
BRDA:16,1,0,0
BRDA:16,1,1,0
BRF:4
BRH:0
end_of_record
TN:
SF:src\common\utils\installmentType.ts
FN:22,(anonymous_0)
FNF:1
FNH:0
FNDA:0,(anonymous_0)
DA:1,1
DA:22,1
DA:23,0
LF:3
LH:2
BRDA:23,0,0,0
BRDA:23,0,1,0
BRF:2
BRH:0
end_of_record
TN:
SF:src\common\utils\parseUser.ts
FN:1,parseUsers
FN:10,(anonymous_1)
FN:18,(anonymous_2)
FN:30,(anonymous_3)
FN:35,(anonymous_4)
FNF:5
FNH:0
FNDA:0,parseUsers
FNDA:0,(anonymous_1)
FNDA:0,(anonymous_2)
FNDA:0,(anonymous_3)
FNDA:0,(anonymous_4)
DA:1,1
DA:3,0
DA:5,0
DA:8,0
DA:9,0
DA:10,0
DA:14,0
DA:18,0
DA:23,0
DA:24,0
DA:27,0
DA:28,0
DA:29,0
DA:30,0
DA:35,0
DA:38,0
LF:16
LH:1
BRDA:3,0,0,0
BRDA:3,0,1,0
BRDA:10,1,0,0
BRDA:10,1,1,0
BRDA:23,2,0,0
BRDA:23,2,1,0
BRDA:27,3,0,0
BRDA:27,3,1,0
BRDA:27,4,0,0
BRDA:27,4,1,0
BRDA:30,5,0,0
BRDA:30,5,1,0
BRF:12
BRH:0
end_of_record
TN:
SF:src\common\utils\password.utils.ts
FN:5,validatePassword
FN:15,hashingPassword
FNF:2
FNH:0
FNDA:0,validatePassword
FNDA:0,hashingPassword
DA:1,1
DA:3,1
DA:5,1
DA:6,0
DA:7,0
DA:9,0
DA:10,0
DA:15,1
DA:16,0
DA:17,0
DA:19,0
DA:20,0
LF:12
LH:4
BRF:0
BRH:0
end_of_record
TN:
SF:src\common\utils\token.utils.ts
FN:23,generateToken
FN:40,(anonymous_2)
FN:56,(anonymous_3)
FN:72,(anonymous_4)
FN:90,(anonymous_5)
FNF:5
FNH:0
FNDA:0,generateToken
FNDA:0,(anonymous_2)
FNDA:0,(anonymous_3)
FNDA:0,(anonymous_4)
FNDA:0,(anonymous_5)
DA:1,1
DA:3,1
DA:28,0
DA:32,0
DA:40,1
DA:44,0
DA:56,1
DA:60,0
DA:72,1
DA:78,0
DA:90,1
DA:94,0
LF:12
LH:6
BRF:0
BRH:0
end_of_record
TN:
SF:src\config\config.ts
FNF:0
FNH:0
DA:1,3
DA:3,3
DA:5,3
DA:6,3
DA:8,3
DA:9,3
DA:11,3
DA:12,3
DA:14,3
DA:15,3
DA:16,3
DA:17,3
DA:18,3
DA:19,3
DA:20,3
DA:21,3
DA:22,3
DA:25,3
DA:26,3
DA:28,3
DA:29,3
DA:31,3
DA:32,3
DA:34,3
DA:35,3
DA:38,3
DA:39,3
DA:40,3
DA:41,3
DA:42,3
DA:45,3
DA:46,3
DA:47,3
DA:48,3
DA:49,3
DA:50,3
DA:51,3
DA:55,3
DA:56,3
DA:57,3
DA:58,3
DA:61,3
DA:62,3
DA:65,3
LF:44
LH:44
BRDA:8,0,0,3
BRDA:8,0,1,3
BRDA:9,1,0,3
BRDA:9,1,1,0
BRDA:12,2,0,3
BRDA:12,2,1,0
BRDA:14,3,0,3
BRDA:14,3,1,0
BRDA:15,4,0,3
BRDA:15,4,1,0
BRDA:16,5,0,3
BRDA:16,5,1,0
BRDA:17,6,0,3
BRDA:17,6,1,0
BRDA:18,7,0,3
BRDA:18,7,1,0
BRDA:19,8,0,3
BRDA:19,8,1,0
BRDA:20,9,0,3
BRDA:20,9,1,0
BRDA:21,10,0,3
BRDA:21,10,1,0
BRDA:22,11,0,0
BRDA:22,11,1,3
BRDA:25,12,0,3
BRDA:25,12,1,0
BRDA:26,13,0,3
BRDA:26,13,1,0
BRDA:28,14,0,3
BRDA:28,14,1,0
BRDA:29,15,0,3
BRDA:29,15,1,0
BRDA:31,16,0,3
BRDA:31,16,1,0
BRDA:32,17,0,3
BRDA:32,17,1,0
BRDA:34,18,0,3
BRDA:34,18,1,0
BRDA:35,19,0,3
BRDA:35,19,1,0
BRDA:38,20,0,3
BRDA:38,20,1,0
BRDA:39,21,0,3
BRDA:39,21,1,0
BRDA:40,22,0,3
BRDA:40,22,1,0
BRDA:41,23,0,3
BRDA:41,23,1,0
BRDA:42,24,0,3
BRDA:42,24,1,0
BRDA:45,25,0,3
BRDA:45,25,1,0
BRDA:46,26,0,3
BRDA:46,26,1,0
BRDA:47,27,0,3
BRDA:47,27,1,0
BRDA:48,28,0,3
BRDA:48,28,1,0
BRDA:49,29,0,3
BRDA:49,29,1,0
BRDA:50,30,0,3
BRDA:50,30,1,0
BRDA:51,31,0,3
BRDA:51,31,1,0
BRDA:55,32,0,3
BRDA:55,32,1,0
BRDA:56,33,0,3
BRDA:56,33,1,0
BRDA:57,34,0,3
BRDA:57,34,1,0
BRDA:58,35,0,3
BRDA:58,35,1,0
BRDA:61,36,0,3
BRDA:61,36,1,0
BRDA:62,37,0,3
BRDA:62,37,1,0
BRDA:65,38,0,3
BRDA:65,38,1,3
BRF:78
BRH:41
end_of_record
TN:
SF:src\config\logging.ts
FN:36,getCallingFunction
FN:56,log
FN:60,info
FN:75,warn
FN:90,error
FNF:5
FNH:2
FNDA:0,getCallingFunction
FNDA:17,log
FNDA:0,info
FNDA:1,warn
FNDA:0,error
DA:1,3
DA:3,3
DA:36,3
DA:37,0
DA:38,0
DA:40,0
DA:42,0
DA:43,0
DA:44,0
DA:46,0
DA:48,0
DA:50,0
DA:52,0
DA:56,3
DA:57,17
DA:60,3
DA:61,0
DA:62,0
DA:75,3
DA:76,1
DA:77,0
DA:90,3
DA:91,0
DA:92,0
DA:105,3
DA:127,3
DA:129,3
LF:27
LH:12
BRDA:40,0,0,0
BRDA:40,0,1,0
BRDA:46,1,0,0
BRDA:46,1,1,0
BRDA:48,2,0,0
BRDA:48,2,1,0
BRDA:57,3,0,0
BRDA:57,3,1,17
BRDA:61,4,0,0
BRDA:61,4,1,0
BRDA:76,5,0,0
BRDA:76,5,1,1
BRDA:91,6,0,0
BRDA:91,6,1,0
BRF:14
BRH:2
end_of_record
TN:
SF:src\config\mail.ts
FN:24,getAccessToken
FN:32,createMailTransporter
FNF:2
FNH:0
FNDA:0,getAccessToken
FNDA:0,createMailTransporter
DA:1,1
DA:2,1
DA:4,1
DA:12,1
DA:13,0
DA:16,1
DA:22,1
DA:25,0
DA:26,0
DA:27,0
DA:28,0
DA:32,1
DA:33,0
DA:35,0
LF:14
LH:7
BRDA:12,0,0,0
BRDA:12,0,1,1
BRDA:12,1,0,1
BRDA:12,1,1,1
BRDA:12,1,2,1
BRDA:12,1,3,1
BRDA:27,2,0,0
BRDA:27,2,1,0
BRF:8
BRH:5
end_of_record
TN:
SF:src\database\connection.ts
FN:19,buildCoopConnString
FN:23,buildCreditConnString
FN:34,getConnection
FNF:3
FNH:0
FNDA:0,buildCoopConnString
FNDA:0,buildCreditConnString
FNDA:0,getConnection
DA:1,2
DA:2,2
DA:13,2
DA:17,2
DA:20,0
DA:24,0
DA:25,0
DA:27,0
DA:34,2
DA:39,0
DA:40,0
DA:41,0
DA:43,0
DA:44,0
DA:49,0
DA:52,0
DA:56,0
DA:59,0
DA:65,0
DA:66,0
LF:20
LH:5
BRDA:24,0,0,0
BRDA:24,0,1,0
BRDA:24,1,0,0
BRDA:24,1,1,0
BRDA:40,2,0,0
BRDA:40,2,1,0
BRDA:43,3,0,0
BRDA:43,3,1,0
BRDA:56,4,0,0
BRDA:56,4,1,0
BRDA:56,5,0,0
BRDA:56,5,1,0
BRF:12
BRH:0
end_of_record
TN:
SF:src\database\query.ts
FN:4,QueryStatement
FN:22,QueryStatementCredit
FNF:2
FNH:0
FNDA:0,QueryStatement
FNDA:0,QueryStatementCredit
DA:1,2
DA:4,2
DA:5,0
DA:6,0
DA:7,0
DA:8,0
DA:10,0
DA:13,0
DA:14,0
DA:16,0
DA:17,0
DA:22,2
DA:23,0
DA:24,0
DA:25,0
DA:26,0
DA:28,0
DA:31,0
DA:32,0
DA:34,0
DA:35,0
LF:21
LH:3
BRDA:7,0,0,0
BRDA:7,0,1,0
BRDA:10,1,0,0
BRDA:10,1,1,0
BRDA:25,2,0,0
BRDA:25,2,1,0
BRDA:28,3,0,0
BRDA:28,3,1,0
BRF:8
BRH:0
end_of_record
TN:
SF:src\database\queryOnConn.ts
FN:3,queryOnConn
FNF:1
FNH:0
FNDA:0,queryOnConn
DA:3,1
DA:8,0
LF:2
LH:1
BRDA:8,0,0,0
BRDA:8,0,1,0
BRF:2
BRH:0
end_of_record
TN:
SF:src\database\withTx.ts
FN:4,withCoopTransaction
FNF:1
FNH:0
FNDA:0,withCoopTransaction
DA:2,1
DA:4,1
DA:7,0
DA:8,0
DA:9,0
DA:10,0
DA:11,0
DA:12,0
DA:14,0
DA:15,0
DA:17,0
LF:11
LH:2
BRF:0
BRH:0
end_of_record
TN:
SF:src\middlewares\asyncHandler.ts
FN:3,(anonymous_0)
FN:6,(anonymous_1)
FNF:2
FNH:1
FNDA:81,(anonymous_0)
FNDA:0,(anonymous_1)
DA:3,1
DA:6,81
DA:7,0
LF:3
LH:2
BRF:0
BRH:0
end_of_record
TN:
SF:src\middlewares\auth.ts
FN:11,(anonymous_1)
FN:60,(anonymous_2)
FN:74,(anonymous_3)
FN:158,(anonymous_4)
FNF:4
FNH:0
FNDA:0,(anonymous_1)
FNDA:0,(anonymous_2)
FNDA:0,(anonymous_3)
FNDA:0,(anonymous_4)
DA:2,1
DA:3,1
DA:4,1
DA:11,1
DA:13,0
DA:14,0
DA:16,0
DA:17,0
DA:21,0
DA:24,0
DA:26,0
DA:27,0
DA:31,0
DA:34,0
DA:36,0
DA:37,0
DA:41,0
DA:44,0
DA:48,0
DA:51,0
DA:52,0
DA:53,0
DA:55,0
DA:56,0
DA:60,1
DA:61,0
DA:62,0
DA:66,0
DA:68,0
DA:69,0
DA:71,0
DA:74,1
DA:79,0
DA:80,0
DA:82,0
DA:83,0
DA:87,0
DA:90,0
DA:92,0
DA:93,0
DA:97,0
DA:100,0
DA:102,0
DA:103,0
DA:107,0
DA:110,0
DA:112,0
DA:114,0
DA:115,0
DA:119,0
DA:122,0
DA:123,0
DA:124,0
DA:126,0
DA:130,0
DA:133,0
DA:135,0
DA:136,0
DA:140,0
DA:143,0
DA:148,0
DA:150,0
DA:154,0
DA:158,1
DA:163,0
DA:164,0
DA:166,0
DA:167,0
DA:171,0
DA:174,0
DA:176,0
DA:177,0
DA:181,0
DA:184,0
DA:186,0
DA:187,0
DA:191,0
DA:194,0
DA:196,0
DA:198,0
DA:199,0
DA:203,0
DA:206,0
DA:207,0
DA:208,0
DA:210,0
DA:214,0
DA:217,0
DA:219,0
DA:220,0
DA:224,0
DA:227,0
DA:232,0
DA:234,0
DA:238,0
LF:95
LH:7
BRDA:16,0,0,0
BRDA:16,0,1,0
BRDA:16,1,0,0
BRDA:16,1,1,0
BRDA:26,2,0,0
BRDA:26,2,1,0
BRDA:36,3,0,0
BRDA:36,3,1,0
BRDA:51,4,0,0
BRDA:51,4,1,0
BRDA:61,5,0,0
BRDA:61,5,1,0
BRDA:82,6,0,0
BRDA:82,6,1,0
BRDA:82,7,0,0
BRDA:82,7,1,0
BRDA:92,8,0,0
BRDA:92,8,1,0
BRDA:102,9,0,0
BRDA:102,9,1,0
BRDA:102,10,0,0
BRDA:102,10,1,0
BRDA:114,11,0,0
BRDA:114,11,1,0
BRDA:133,12,0,0
BRDA:133,12,1,0
BRDA:135,13,0,0
BRDA:135,13,1,0
BRDA:166,14,0,0
BRDA:166,14,1,0
BRDA:166,15,0,0
BRDA:166,15,1,0
BRDA:176,16,0,0
BRDA:176,16,1,0
BRDA:186,17,0,0
BRDA:186,17,1,0
BRDA:186,18,0,0
BRDA:186,18,1,0
BRDA:198,19,0,0
BRDA:198,19,1,0
BRDA:217,20,0,0
BRDA:217,20,1,0
BRDA:219,21,0,0
BRDA:219,21,1,0
BRF:44
BRH:0
end_of_record
TN:
SF:src\middlewares\corsHandler.ts
FN:5,(anonymous_0)
FN:10,(anonymous_1)
FN:13,corsHandler
FNF:3
FNH:3
FNDA:7,(anonymous_0)
FNDA:7,(anonymous_1)
FNDA:2,corsHandler
DA:2,1
DA:5,7
DA:7,1
DA:10,7
DA:13,1
DA:14,2
DA:15,2
DA:18,2
DA:20,2
DA:21,0
DA:22,0
DA:26,2
DA:30,2
DA:36,2
DA:37,1
DA:38,1
DA:41,1
LF:17
LH:15
BRDA:15,0,0,0
BRDA:15,0,1,2
BRDA:20,1,0,0
BRDA:20,1,1,2
BRDA:20,2,0,2
BRDA:20,2,1,0
BRDA:36,3,0,1
BRDA:36,3,1,1
BRF:8
BRH:5
end_of_record
TN:
SF:src\middlewares\errorHandlers.ts
FN:7,(anonymous_0)
FNF:1
FNH:0
FNDA:0,(anonymous_0)
DA:7,1
DA:8,0
DA:9,0
LF:3
LH:1
BRDA:9,0,0,0
BRDA:9,0,1,0
BRDA:10,1,0,0
BRDA:10,1,1,0
BRF:4
BRH:0
end_of_record
TN:
SF:src\middlewares\loggingHandler.ts
FN:4,getClientIp
FN:16,loggingHandler
FN:23,(anonymous_3)
FNF:3
FNH:3
FNDA:1,getClientIp
FNDA:1,loggingHandler
FNDA:1,(anonymous_3)
DA:2,1
DA:5,1
DA:7,1
DA:9,0
DA:12,1
DA:13,1
DA:16,1
DA:17,1
DA:19,1
DA:23,1
DA:24,1
DA:29,1
LF:12
LH:11
BRDA:7,0,0,0
BRDA:7,0,1,1
BRDA:7,1,0,1
BRDA:7,1,1,0
BRDA:12,2,0,1
BRDA:12,2,1,0
BRDA:12,2,2,0
BRDA:13,3,0,1
BRDA:13,3,1,0
BRF:9
BRH:4
end_of_record
TN:
SF:src\middlewares\rateLimiter.ts
FN:3,getClientIp
FN:26,(anonymous_1)
FN:27,(anonymous_2)
FN:37,(anonymous_3)
FN:38,(anonymous_4)
FNF:5
FNH:0
FNDA:0,getClientIp
FNDA:0,(anonymous_1)
FNDA:0,(anonymous_2)
FNDA:0,(anonymous_3)
FNDA:0,(anonymous_4)
DA:1,1
DA:4,0
DA:6,0
DA:12,0
DA:15,0
DA:18,0
DA:20,0
DA:23,1
DA:26,0
DA:27,0
DA:34,1
DA:37,0
DA:39,0
DA:40,0
DA:42,0
LF:15
LH:3
BRDA:6,0,0,0
BRDA:6,0,1,0
BRDA:6,0,2,0
BRDA:6,0,3,0
BRDA:6,1,0,0
BRDA:6,1,1,0
BRDA:40,2,0,0
BRDA:40,2,1,0
BRDA:42,3,0,0
BRDA:42,3,1,0
BRF:10
BRH:0
end_of_record
TN:
SF:src\middlewares\routeNotFound.ts
FN:3,routeNotFound
FNF:1
FNH:1
FNDA:1,routeNotFound
DA:3,1
DA:4,1
DA:5,1
DA:7,1
LF:4
LH:4
BRF:0
BRH:0
end_of_record
TN:
SF:src\middlewares\uploadCandidatePhotos.ts
FN:15,fileFilter
FN:26,normalizeMemberNo
FN:33,getExtFromMimetype
FN:38,(anonymous_4)
FN:40,(anonymous_5)
FNF:5
FNH:0
FNDA:0,fileFilter
FNDA:0,normalizeMemberNo
FNDA:0,getExtFromMimetype
FNDA:0,(anonymous_4)
FNDA:0,(anonymous_5)
DA:2,1
DA:3,1
DA:4,1
DA:7,1
DA:10,1
DA:11,0
DA:20,0
DA:21,0
DA:22,0
DA:27,0
DA:29,0
DA:30,0
DA:34,0
DA:37,1
DA:38,0
DA:41,0
DA:43,0
DA:44,0
DA:48,0
DA:50,0
DA:53,0
DA:57,0
DA:59,0
DA:61,0
DA:66,1
LF:25
LH:7
BRDA:10,0,0,0
BRDA:10,0,1,1
BRDA:21,1,0,0
BRDA:21,1,1,0
BRDA:27,2,0,0
BRDA:27,2,1,0
BRDA:34,3,0,0
BRDA:34,3,1,0
BRDA:44,4,0,0
BRDA:44,4,1,0
BRDA:48,5,0,0
BRDA:48,5,1,0
BRDA:50,6,0,0
BRDA:50,6,1,0
BRF:14
BRH:1
end_of_record
TN:
SF:src\middlewares\uploadLoanDocuments.ts
FN:18,fileFilter
FN:30,normalizeMemberNo
FN:36,getExtFromMimetype
FN:43,deleteOldIdFiles
FN:46,(anonymous_5)
FN:51,(anonymous_6)
FN:56,(anonymous_7)
FN:58,(anonymous_8)
FN:77,(anonymous_9)
FN:78,(anonymous_10)
FNF:10
FNH:0
FNDA:0,fileFilter
FNDA:0,normalizeMemberNo
FNDA:0,getExtFromMimetype
FNDA:0,deleteOldIdFiles
FNDA:0,(anonymous_5)
FNDA:0,(anonymous_6)
FNDA:0,(anonymous_7)
FNDA:0,(anonymous_8)
FNDA:0,(anonymous_9)
FNDA:0,(anonymous_10)
DA:2,1
DA:3,1
DA:4,1
DA:5,1
DA:8,1
DA:11,1
DA:12,0
DA:15,1
DA:23,0
DA:24,0
DA:26,0
DA:31,0
DA:33,0
DA:37,0
DA:38,0
DA:39,0
DA:44,0
DA:45,0
DA:47,0
DA:50,0
DA:51,0
DA:55,1
DA:56,0
DA:59,0
DA:61,0
DA:62,0
DA:64,0
DA:66,0
DA:67,0
DA:70,0
DA:76,0
DA:77,0
DA:78,0
DA:80,0
DA:85,1
LF:35
LH:9
BRDA:11,0,0,0
BRDA:11,0,1,1
BRDA:23,1,0,0
BRDA:23,1,1,0
BRDA:31,2,0,0
BRDA:31,2,1,0
BRDA:37,3,0,0
BRDA:37,3,1,0
BRDA:38,4,0,0
BRDA:38,4,1,0
BRDA:47,5,0,0
BRDA:47,5,1,0
BRDA:62,6,0,0
BRDA:62,6,1,0
BRDA:64,7,0,0
BRDA:64,7,1,0
BRDA:66,8,0,0
BRDA:66,8,1,0
BRF:18
BRH:1
end_of_record
TN:
SF:src\modules\auth\auth.controller.ts
FN:58,(anonymous_1)
FN:101,(anonymous_2)
FN:109,(anonymous_3)
FN:119,(anonymous_4)
FN:158,(anonymous_5)
FN:179,(anonymous_6)
FN:275,(anonymous_7)
FN:340,(anonymous_8)
FN:391,(anonymous_9)
FN:444,(anonymous_10)
FN:508,(anonymous_11)
FN:542,(anonymous_12)
FN:570,(anonymous_13)
FN:605,(anonymous_14)
FN:654,(anonymous_15)
FN:692,(anonymous_16)
FN:708,(anonymous_17)
FN:724,(anonymous_18)
FN:761,(anonymous_19)
FN:801,(anonymous_20)
FN:857,(anonymous_21)
FN:859,(anonymous_22)
FNF:22
FNH:0
FNDA:0,(anonymous_1)
FNDA:0,(anonymous_2)
FNDA:0,(anonymous_3)
FNDA:0,(anonymous_4)
FNDA:0,(anonymous_5)
FNDA:0,(anonymous_6)
FNDA:0,(anonymous_7)
FNDA:0,(anonymous_8)
FNDA:0,(anonymous_9)
FNDA:0,(anonymous_10)
FNDA:0,(anonymous_11)
FNDA:0,(anonymous_12)
FNDA:0,(anonymous_13)
FNDA:0,(anonymous_14)
FNDA:0,(anonymous_15)
FNDA:0,(anonymous_16)
FNDA:0,(anonymous_17)
FNDA:0,(anonymous_18)
FNDA:0,(anonymous_19)
FNDA:0,(anonymous_20)
FNDA:0,(anonymous_21)
FNDA:0,(anonymous_22)
DA:2,1
DA:3,1
DA:10,1
DA:15,1
DA:33,1
DA:37,1
DA:41,1
DA:50,1
DA:52,1
DA:53,1
DA:54,1
DA:55,1
DA:58,1
DA:59,0
DA:60,0
DA:62,0
DA:63,0
DA:64,0
DA:70,0
DA:72,0
DA:73,0
DA:79,0
DA:81,0
DA:82,0
DA:88,0
DA:89,0
DA:97,0
DA:99,0
DA:101,0
DA:105,0
DA:107,0
DA:109,0
DA:112,0
DA:114,0
DA:116,0
DA:118,0
DA:119,0
DA:122,0
DA:123,0
DA:125,0
DA:130,0
DA:138,0
DA:140,0
DA:153,0
DA:154,0
DA:158,1
DA:159,0
DA:160,0
DA:161,0
DA:162,0
DA:168,0
DA:169,0
DA:171,0
DA:174,0
DA:175,0
DA:179,1
DA:180,0
DA:181,0
DA:189,0
DA:190,0
DA:191,0
DA:197,0
DA:200,0
DA:201,0
DA:202,0
DA:203,0
DA:210,0
DA:211,0
DA:212,0
DA:213,0
DA:220,0
DA:221,0
DA:222,0
DA:225,0
DA:235,0
DA:238,0
DA:264,0
DA:269,0
DA:270,0
DA:275,1
DA:276,0
DA:277,0
DA:279,0
DA:280,0
DA:281,0
DA:287,0
DA:289,0
DA:291,0
DA:292,0
DA:298,0
DA:300,0
DA:328,0
DA:335,0
DA:336,0
DA:340,1
DA:341,0
DA:342,0
DA:343,0
DA:345,0
DA:347,0
DA:350,0
DA:351,0
DA:354,0
DA:355,0
DA:356,0
DA:360,0
DA:362,0
DA:363,0
DA:370,0
DA:372,0
DA:373,0
DA:380,0
DA:386,0
DA:387,0
DA:391,1
DA:392,0
DA:393,0
DA:395,0
DA:396,0
DA:399,0
DA:401,0
DA:405,0
DA:406,0
DA:413,0
DA:415,0
DA:416,0
DA:422,0
DA:424,0
DA:425,0
DA:432,0
DA:438,0
DA:439,0
DA:444,1
DA:445,0
DA:446,0
DA:448,0
DA:449,0
DA:455,0
DA:458,0
DA:459,0
DA:465,0
DA:467,0
DA:469,0
DA:471,0
DA:473,0
DA:498,0
DA:503,0
DA:504,0
DA:508,1
DA:509,0
DA:510,0
DA:512,0
DA:513,0
DA:516,0
DA:518,0
DA:519,0
DA:522,0
DA:525,0
DA:528,0
DA:529,0
DA:535,0
DA:537,0
DA:538,0
DA:542,1
DA:543,0
DA:544,0
DA:545,0
DA:547,0
DA:548,0
DA:551,0
DA:553,0
DA:554,0
DA:557,0
DA:559,0
DA:565,0
DA:566,0
DA:570,1
DA:571,0
DA:572,0
DA:574,0
DA:575,0
DA:578,0
DA:580,0
DA:581,0
DA:584,0
DA:586,0
DA:587,0
DA:591,0
DA:593,0
DA:594,0
DA:597,0
DA:600,0
DA:601,0
DA:605,1
DA:606,0
DA:607,0
DA:609,0
DA:610,0
DA:613,0
DA:614,0
DA:617,0
DA:618,0
DA:621,0
DA:623,0
DA:624,0
DA:627,0
DA:629,0
DA:630,0
DA:633,0
DA:634,0
DA:636,0
DA:638,0
DA:639,0
DA:642,0
DA:645,0
DA:646,0
DA:654,1
DA:655,0
DA:656,0
DA:658,0
DA:659,0
DA:665,0
DA:668,0
DA:669,0
DA:675,0
DA:682,0
DA:684,0
DA:687,0
DA:688,0
DA:692,1
DA:693,0
DA:695,0
DA:697,0
DA:703,0
DA:704,0
DA:708,1
DA:709,0
DA:711,0
DA:713,0
DA:719,0
DA:720,0
DA:724,1
DA:729,0
DA:730,0
DA:732,0
DA:733,0
DA:740,0
DA:742,0
DA:743,0
DA:749,0
DA:751,0
DA:756,0
DA:757,0
DA:761,1
DA:766,0
DA:767,0
DA:768,0
DA:770,0
DA:771,0
DA:778,0
DA:779,0
DA:780,0
DA:782,0
DA:783,0
DA:790,0
DA:796,0
DA:797,0
DA:801,1
DA:806,0
DA:807,0
DA:808,0
DA:810,0
DA:811,0
DA:818,0
DA:819,0
DA:823,0
DA:824,0
DA:825,0
DA:832,0
DA:836,0
DA:838,0
DA:840,0
DA:846,0
DA:851,0
DA:852,0
DA:857,1
DA:858,0
DA:859,0
DA:860,0
DA:861,0
DA:867,0
DA:868,0
LF:292
LH:30
BRDA:62,0,0,0
BRDA:62,0,1,0
BRDA:62,1,0,0
BRDA:62,1,1,0
BRDA:72,2,0,0
BRDA:72,2,1,0
BRDA:79,3,0,0
BRDA:79,3,1,0
BRDA:81,4,0,0
BRDA:81,4,1,0
BRDA:88,5,0,0
BRDA:88,5,1,0
BRDA:99,6,0,0
BRDA:99,6,1,0
BRDA:102,7,0,0
BRDA:102,7,1,0
BRDA:107,8,0,0
BRDA:107,8,1,0
BRDA:110,9,0,0
BRDA:110,9,1,0
BRDA:119,10,0,0
BRDA:119,10,1,0
BRDA:161,11,0,0
BRDA:161,11,1,0
BRDA:189,12,0,0
BRDA:189,12,1,0
BRDA:189,13,0,0
BRDA:189,13,1,0
BRDA:189,13,2,0
BRDA:189,13,3,0
BRDA:201,14,0,0
BRDA:201,14,1,0
BRDA:211,15,0,0
BRDA:211,15,1,0
BRDA:279,16,0,0
BRDA:279,16,1,0
BRDA:279,17,0,0
BRDA:279,17,1,0
BRDA:291,18,0,0
BRDA:291,18,1,0
BRDA:345,19,0,0
BRDA:345,19,1,0
BRDA:345,20,0,0
BRDA:345,20,1,0
BRDA:345,20,2,0
BRDA:345,20,3,0
BRDA:355,21,0,0
BRDA:355,21,1,0
BRDA:362,22,0,0
BRDA:362,22,1,0
BRDA:362,23,0,0
BRDA:362,23,1,0
BRDA:372,24,0,0
BRDA:372,24,1,0
BRDA:393,25,0,0
BRDA:393,25,1,0
BRDA:395,26,0,0
BRDA:395,26,1,0
BRDA:395,27,0,0
BRDA:395,27,1,0
BRDA:405,28,0,0
BRDA:405,28,1,0
BRDA:415,29,0,0
BRDA:415,29,1,0
BRDA:424,30,0,0
BRDA:424,30,1,0
BRDA:448,31,0,0
BRDA:448,31,1,0
BRDA:458,32,0,0
BRDA:458,32,1,0
BRDA:471,33,0,0
BRDA:471,33,1,0
BRDA:471,34,0,0
BRDA:471,34,1,0
BRDA:512,35,0,0
BRDA:512,35,1,0
BRDA:518,36,0,0
BRDA:518,36,1,0
BRDA:528,37,0,0
BRDA:528,37,1,0
BRDA:547,38,0,0
BRDA:547,38,1,0
BRDA:547,39,0,0
BRDA:547,39,1,0
BRDA:553,40,0,0
BRDA:553,40,1,0
BRDA:574,41,0,0
BRDA:574,41,1,0
BRDA:574,42,0,0
BRDA:574,42,1,0
BRDA:580,43,0,0
BRDA:580,43,1,0
BRDA:593,44,0,0
BRDA:593,44,1,0
BRDA:609,45,0,0
BRDA:609,45,1,0
BRDA:609,46,0,0
BRDA:609,46,1,0
BRDA:609,46,2,0
BRDA:613,47,0,0
BRDA:613,47,1,0
BRDA:617,48,0,0
BRDA:617,48,1,0
BRDA:623,49,0,0
BRDA:623,49,1,0
BRDA:629,50,0,0
BRDA:629,50,1,0
BRDA:638,51,0,0
BRDA:638,51,1,0
BRDA:658,52,0,0
BRDA:658,52,1,0
BRDA:658,53,0,0
BRDA:658,53,1,0
BRDA:658,53,2,0
BRDA:668,54,0,0
BRDA:668,54,1,0
BRDA:732,55,0,0
BRDA:732,55,1,0
BRDA:742,56,0,0
BRDA:742,56,1,0
BRDA:770,57,0,0
BRDA:770,57,1,0
BRDA:770,58,0,0
BRDA:770,58,1,0
BRDA:782,59,0,0
BRDA:782,59,1,0
BRDA:810,60,0,0
BRDA:810,60,1,0
BRDA:810,61,0,0
BRDA:810,61,1,0
BRDA:824,62,0,0
BRDA:824,62,1,0
BRDA:838,63,0,0
BRDA:838,63,1,0
BRF:134
BRH:0
end_of_record
TN:
SF:src\modules\auth\auth.routes.ts
FNF:0
FNH:0
DA:1,1
DA:2,1
DA:4,1
DA:6,1
DA:27,1
DA:30,1
DA:31,1
DA:32,1
DA:33,1
DA:34,1
DA:35,1
DA:38,1
DA:39,1
DA:42,1
DA:43,1
DA:44,1
DA:45,1
DA:46,1
DA:47,1
DA:48,1
DA:50,1
DA:51,1
DA:54,1
DA:58,1
LF:24
LH:24
BRF:0
BRH:0
end_of_record
TN:
SF:src\modules\auth\auth.service.ts
FN:13,getMemberByWebUserMemberNo
FN:42,memberExists
FN:56,webUserExists
FN:71,createNewWebUser
FN:108,checkMemberByMemberNo
FN:119,checkWebUserByMemberNo
FN:130,checkMemberStatus
FN:141,updateUserLogin
FN:157,webUserExistByEmail
FN:168,webUserUpdatePassword
FN:182,fetchCreditUserRights
FN:193,fetchSystemConfig
FN:212,fetchMembersByList
FN:215,(anonymous_13)
FN:226,updateSystemConfig
FN:246,fetchAllCandidates
FN:267,checkMemberTINbyMemberNo
FN:283,checkMemberDateOfBirth
FNF:18
FNH:0
FNDA:0,getMemberByWebUserMemberNo
FNDA:0,memberExists
FNDA:0,webUserExists
FNDA:0,createNewWebUser
FNDA:0,checkMemberByMemberNo
FNDA:0,checkWebUserByMemberNo
FNDA:0,checkMemberStatus
FNDA:0,updateUserLogin
FNDA:0,webUserExistByEmail
FNDA:0,webUserUpdatePassword
FNDA:0,fetchCreditUserRights
FNDA:0,fetchSystemConfig
FNDA:0,fetchMembersByList
FNDA:0,(anonymous_13)
FNDA:0,updateSystemConfig
FNDA:0,fetchAllCandidates
FNDA:0,checkMemberTINbyMemberNo
FNDA:0,checkMemberDateOfBirth
DA:1,1
DA:13,1
DA:16,0
DA:17,0
DA:32,0
DA:33,0
DA:36,0
DA:37,0
DA:42,1
DA:43,0
DA:44,0
DA:46,0
DA:48,0
DA:51,0
DA:52,0
DA:56,1
DA:57,0
DA:58,0
DA:62,0
DA:63,0
DA:65,0
DA:66,0
DA:71,1
DA:74,0
DA:75,0
DA:81,0
DA:91,0
DA:92,0
DA:95,0
DA:96,0
DA:100,0
DA:103,0
DA:104,0
DA:108,1
DA:109,0
DA:110,0
DA:111,0
DA:112,0
DA:114,0
DA:115,0
DA:119,1
DA:120,0
DA:121,0
DA:122,0
DA:123,0
DA:125,0
DA:126,0
DA:130,1
DA:131,0
DA:132,0
DA:133,0
DA:134,0
DA:136,0
DA:137,0
DA:141,1
DA:143,0
DA:144,0
DA:145,0
DA:146,0
DA:149,0
DA:150,0
DA:152,0
DA:153,0
DA:157,1
DA:158,0
DA:159,0
DA:160,0
DA:161,0
DA:163,0
DA:164,0
DA:168,1
DA:169,0
DA:170,0
DA:171,0
DA:172,0
DA:174,0
DA:175,0
DA:182,1
DA:183,0
DA:184,0
DA:185,0
DA:186,0
DA:188,0
DA:189,0
DA:193,1
DA:194,0
DA:195,0
DA:201,0
DA:203,0
DA:206,0
DA:207,0
DA:212,1
DA:213,0
DA:215,0
DA:217,0
DA:223,0
DA:226,1
DA:232,0
DA:233,0
DA:238,0
DA:239,0
DA:241,0
DA:242,0
DA:246,1
DA:247,0
DA:248,0
DA:258,0
DA:260,0
DA:262,0
DA:263,0
DA:267,1
DA:268,0
DA:269,0
DA:273,0
DA:275,0
DA:278,0
DA:279,0
DA:283,1
DA:284,0
DA:285,0
DA:289,0
DA:291,0
DA:293,0
DA:294,0
LF:124
LH:18
BRDA:33,0,0,0
BRDA:33,0,1,0
BRDA:91,1,0,0
BRDA:91,1,1,0
BRDA:95,2,0,0
BRDA:95,2,1,0
BRDA:143,3,0,0
BRDA:143,3,1,0
BRDA:144,4,0,0
BRDA:144,4,1,0
BRDA:150,5,0,0
BRDA:150,5,1,0
BRDA:150,5,2,0
BRDA:172,6,0,0
BRDA:172,6,1,0
BRDA:172,6,2,0
BRDA:203,7,0,0
BRDA:203,7,1,0
BRDA:213,8,0,0
BRDA:213,8,1,0
BRDA:260,9,0,0
BRDA:260,9,1,0
BRF:22
BRH:0
end_of_record
TN:
SF:src\modules\credit\credit.controller.ts
FN:7,(anonymous_1)
FN:21,(anonymous_2)
FN:50,(anonymous_3)
FN:90,(anonymous_4)
FN:160,(anonymous_5)
FN:211,(anonymous_6)
FN:291,(anonymous_7)
FN:351,(anonymous_8)
FNF:8
FNH:0
FNDA:0,(anonymous_1)
FNDA:0,(anonymous_2)
FNDA:0,(anonymous_3)
FNDA:0,(anonymous_4)
FNDA:0,(anonymous_5)
FNDA:0,(anonymous_6)
FNDA:0,(anonymous_7)
FNDA:0,(anonymous_8)
DA:2,1
DA:3,1
DA:4,1
DA:5,1
DA:7,1
DA:8,0
DA:9,0
DA:11,0
DA:16,0
DA:17,0
DA:21,1
DA:22,0
DA:23,0
DA:24,0
DA:26,0
DA:27,0
DA:31,0
DA:34,0
DA:36,0
DA:38,0
DA:44,0
DA:45,0
DA:50,1
DA:51,0
DA:52,0
DA:53,0
DA:54,0
DA:55,0
DA:57,0
DA:58,0
DA:62,0
DA:65,0
DA:66,0
DA:72,0
DA:74,0
DA:76,0
DA:78,0
DA:84,0
DA:85,0
DA:90,1
DA:91,0
DA:93,0
DA:94,0
DA:97,0
DA:98,0
DA:102,0
DA:105,0
DA:107,0
DA:108,0
DA:114,0
DA:116,0
DA:118,0
DA:119,0
DA:125,0
DA:127,0
DA:128,0
DA:134,0
DA:136,0
DA:137,0
DA:144,0
DA:146,0
DA:148,0
DA:150,0
DA:155,0
DA:156,0
DA:160,1
DA:161,0
DA:162,0
DA:163,0
DA:164,0
DA:165,0
DA:168,0
DA:169,0
DA:173,0
DA:176,0
DA:179,0
DA:185,0
DA:186,0
DA:188,0
DA:190,0
DA:191,0
DA:192,0
DA:198,0
DA:206,0
DA:207,0
DA:211,1
DA:212,0
DA:213,0
DA:214,0
DA:215,0
DA:217,0
DA:218,0
DA:221,0
DA:227,0
DA:230,0
DA:231,0
DA:232,0
DA:235,0
DA:237,0
DA:245,0
DA:246,0
DA:250,0
DA:251,0
DA:252,0
DA:255,0
DA:261,0
DA:269,0
DA:274,0
DA:279,0
DA:285,0
DA:286,0
DA:291,1
DA:292,0
DA:293,0
DA:294,0
DA:295,0
DA:296,0
DA:298,0
DA:299,0
DA:302,0
DA:304,0
DA:306,0
DA:309,0
DA:310,0
DA:311,0
DA:314,0
DA:316,0
DA:317,0
DA:318,0
DA:321,0
DA:322,0
DA:324,0
DA:325,0
DA:326,0
DA:331,0
DA:336,0
DA:338,0
DA:345,0
DA:346,0
DA:351,1
DA:352,0
DA:353,0
DA:354,0
DA:355,0
DA:357,0
DA:358,0
DA:361,0
DA:362,0
DA:365,0
DA:367,0
DA:369,0
DA:375,0
DA:376,0
LF:153
LH:12
BRDA:26,0,0,0
BRDA:26,0,1,0
BRDA:26,1,0,0
BRDA:26,1,1,0
BRDA:57,2,0,0
BRDA:57,2,1,0
BRDA:57,3,0,0
BRDA:57,3,1,0
BRDA:57,3,2,0
BRDA:65,4,0,0
BRDA:65,4,1,0
BRDA:65,5,0,0
BRDA:65,5,1,0
BRDA:97,6,0,0
BRDA:97,6,1,0
BRDA:97,7,0,0
BRDA:97,7,1,0
BRDA:107,8,0,0
BRDA:107,8,1,0
BRDA:107,9,0,0
BRDA:107,9,1,0
BRDA:118,10,0,0
BRDA:118,10,1,0
BRDA:118,11,0,0
BRDA:118,11,1,0
BRDA:127,12,0,0
BRDA:127,12,1,0
BRDA:136,13,0,0
BRDA:136,13,1,0
BRDA:168,14,0,0
BRDA:168,14,1,0
BRDA:168,15,0,0
BRDA:168,15,1,0
BRDA:176,16,0,0
BRDA:176,16,1,0
BRDA:176,17,0,0
BRDA:176,17,1,0
BRDA:176,17,2,0
BRDA:176,17,3,0
BRDA:191,18,0,0
BRDA:191,18,1,0
BRDA:202,19,0,0
BRDA:202,19,1,0
BRDA:217,20,0,0
BRDA:217,20,1,0
BRDA:217,21,0,0
BRDA:217,21,1,0
BRDA:221,22,0,0
BRDA:221,22,1,0
BRDA:222,23,0,0
BRDA:222,23,1,0
BRDA:222,23,2,0
BRDA:222,23,3,0
BRDA:222,23,4,0
BRDA:222,23,5,0
BRDA:222,23,6,0
BRDA:222,23,7,0
BRDA:230,24,0,0
BRDA:230,24,1,0
BRDA:231,25,0,0
BRDA:231,25,1,0
BRDA:231,26,0,0
BRDA:231,26,1,0
BRDA:245,27,0,0
BRDA:245,27,1,0
BRDA:245,28,0,0
BRDA:245,28,1,0
BRDA:251,29,0,0
BRDA:251,29,1,0
BRDA:298,30,0,0
BRDA:298,30,1,0
BRDA:298,31,0,0
BRDA:298,31,1,0
BRDA:298,31,2,0
BRDA:304,32,0,0
BRDA:304,32,1,0
BRDA:305,33,0,0
BRDA:305,33,1,0
BRDA:309,34,0,0
BRDA:309,34,1,0
BRDA:310,35,0,0
BRDA:310,35,1,0
BRDA:310,36,0,0
BRDA:310,36,1,0
BRDA:317,37,0,0
BRDA:317,37,1,0
BRDA:317,38,0,0
BRDA:317,38,1,0
BRDA:321,39,0,0
BRDA:321,39,1,0
BRDA:325,40,0,0
BRDA:325,40,1,0
BRDA:357,41,0,0
BRDA:357,41,1,0
BRDA:357,42,0,0
BRDA:357,42,1,0
BRDA:361,43,0,0
BRDA:361,43,1,0
BRDA:361,44,0,0
BRDA:361,44,1,0
BRF:100
BRH:0
end_of_record
TN:
SF:src\modules\credit\credit.routes.ts
FNF:0
FNH:0
DA:1,1
DA:2,1
DA:4,1
DA:12,1
DA:17,1
DA:21,1
DA:22,1
DA:23,1
DA:24,1
DA:27,1
DA:31,1
LF:11
LH:11
BRF:0
BRH:0
end_of_record
TN:
SF:src\modules\credit\credit.service.ts
FN:8,fetchStores
FN:19,fetchMembers
FN:32,fetchMembersByMemberNo
FN:43,removeOTPLogsByMemberNo
FN:70,createOTPlogs
FN:96,fetchOTPlogsExpired
FN:128,fetchOTPLogs
FN:146,removeOTPLogsByOTP
FN:169,newCreditAvailed
FN:193,upadateMemberCreditAvailed
FN:204,generateCreditReferenceNo
FN:216,fetchSystemMaster
FN:278,fetchMemberCreditHistory
FNF:13
FNH:0
FNDA:0,fetchStores
FNDA:0,fetchMembers
FNDA:0,fetchMembersByMemberNo
FNDA:0,removeOTPLogsByMemberNo
FNDA:0,createOTPlogs
FNDA:0,fetchOTPlogsExpired
FNDA:0,fetchOTPLogs
FNDA:0,removeOTPLogsByOTP
FNDA:0,newCreditAvailed
FNDA:0,upadateMemberCreditAvailed
FNDA:0,generateCreditReferenceNo
FNDA:0,fetchSystemMaster
FNDA:0,fetchMemberCreditHistory
DA:1,1
DA:3,1
DA:4,1
DA:6,1
DA:8,1
DA:9,0
DA:10,0
DA:11,0
DA:12,0
DA:14,0
DA:15,0
DA:19,1
DA:20,0
DA:21,0
DA:24,0
DA:25,0
DA:27,0
DA:28,0
DA:32,1
DA:33,0
DA:34,0
DA:35,0
DA:36,0
DA:38,0
DA:39,0
DA:43,1
DA:46,0
DA:47,0
DA:53,0
DA:61,0
DA:64,0
DA:65,0
DA:70,1
DA:73,0
DA:74,0
DA:75,0
DA:76,0
DA:79,0
DA:87,0
DA:90,0
DA:91,0
DA:96,1
DA:99,0
DA:100,0
DA:107,0
DA:114,0
DA:117,0
DA:120,0
DA:123,0
DA:124,0
DA:128,1
DA:131,0
DA:132,0
DA:133,0
DA:139,0
DA:141,0
DA:142,0
DA:146,1
DA:149,0
DA:150,0
DA:156,0
DA:162,0
DA:164,0
DA:165,0
DA:169,1
DA:173,0
DA:174,0
DA:175,0
DA:178,0
DA:185,0
DA:188,0
DA:189,0
DA:193,1
DA:194,0
DA:195,0
DA:196,0
DA:197,0
DA:199,0
DA:200,0
DA:204,1
DA:205,0
DA:206,0
DA:207,0
DA:208,0
DA:209,0
DA:211,0
DA:212,0
DA:221,0
DA:223,0
DA:229,0
DA:236,0
DA:238,0
DA:243,0
DA:250,0
DA:253,0
DA:256,0
DA:262,0
DA:269,0
DA:272,0
DA:273,0
DA:278,1
DA:279,0
DA:280,0
DA:303,0
DA:310,0
DA:312,0
DA:313,0
LF:107
LH:16
BRDA:12,0,0,0
BRDA:12,0,1,0
BRDA:25,1,0,0
BRDA:25,1,1,0
BRDA:36,2,0,0
BRDA:36,2,1,0
BRDA:61,3,0,0
BRDA:61,3,1,0
BRDA:87,4,0,0
BRDA:87,4,1,0
BRDA:87,4,2,0
BRDA:114,5,0,0
BRDA:114,5,1,0
BRDA:114,6,0,0
BRDA:114,6,1,0
BRDA:120,7,0,0
BRDA:120,7,1,0
BRDA:139,8,0,0
BRDA:139,8,1,0
BRDA:162,9,0,0
BRDA:162,9,1,0
BRDA:182,10,0,0
BRDA:182,10,1,0
BRDA:185,11,0,0
BRDA:185,11,1,0
BRDA:185,11,2,0
BRDA:197,12,0,0
BRDA:197,12,1,0
BRDA:197,12,2,0
BRDA:236,13,0,0
BRDA:236,13,1,0
BRDA:236,14,0,0
BRDA:236,14,1,0
BRDA:310,15,0,0
BRDA:310,15,1,0
BRF:35
BRH:0
end_of_record
TN:
SF:src\modules\deposit\deposit.controller.ts
FN:5,(anonymous_0)
FNF:1
FNH:0
FNDA:0,(anonymous_0)
DA:2,1
DA:5,1
DA:6,0
DA:7,0
DA:8,0
DA:10,0
DA:11,0
DA:17,0
DA:18,0
DA:24,0
DA:26,0
DA:32,0
DA:33,0
DA:39,0
DA:45,0
DA:46,0
LF:16
LH:2
BRDA:10,0,0,0
BRDA:10,0,1,0
BRDA:17,1,0,0
BRDA:17,1,1,0
BRDA:17,2,0,0
BRDA:17,2,1,0
BRDA:32,3,0,0
BRDA:32,3,1,0
BRF:8
BRH:0
end_of_record
TN:
SF:src\modules\deposit\deposit.routes.ts
FNF:0
FNH:0
DA:1,1
DA:2,1
DA:3,1
DA:5,1
DA:9,1
DA:12,1
DA:14,1
LF:7
LH:7
BRF:0
BRH:0
end_of_record
TN:
SF:src\modules\deposit\deposit.service.ts
FN:5,fetchDepositDetails
FN:20,fetchDepositHeader
FNF:2
FNH:0
FNDA:0,fetchDepositDetails
FNDA:0,fetchDepositHeader
DA:1,1
DA:5,1
DA:6,0
DA:8,0
DA:10,0
DA:12,0
DA:15,0
DA:16,0
DA:20,1
DA:21,0
DA:22,0
DA:30,0
DA:31,0
DA:33,0
DA:34,0
LF:15
LH:3
BRDA:12,0,0,0
BRDA:12,0,1,0
BRDA:31,1,0,0
BRDA:31,1,1,0
BRF:4
BRH:0
end_of_record
TN:
SF:src\modules\election\election.controller.ts
FN:37,checkElectionStatus
FN:67,checkMemberType
FN:83,(anonymous_3)
FN:140,(anonymous_4)
FN:213,(anonymous_5)
FN:241,(anonymous_6)
FN:264,(anonymous_7)
FN:265,(anonymous_8)
FN:298,(anonymous_9)
FN:323,(anonymous_10)
FN:346,(anonymous_11)
FN:414,(anonymous_12)
FN:453,(anonymous_13)
FN:498,(anonymous_14)
FN:586,(anonymous_15)
FN:697,(anonymous_16)
FN:788,(anonymous_17)
FN:818,(anonymous_18)
FN:852,(anonymous_19)
FN:865,(anonymous_20)
FN:878,(anonymous_21)
FN:928,(anonymous_22)
FN:953,(anonymous_23)
FN:990,(anonymous_24)
FN:1035,(anonymous_25)
FN:1086,(anonymous_26)
FNF:26
FNH:0
FNDA:0,checkElectionStatus
FNDA:0,checkMemberType
FNDA:0,(anonymous_3)
FNDA:0,(anonymous_4)
FNDA:0,(anonymous_5)
FNDA:0,(anonymous_6)
FNDA:0,(anonymous_7)
FNDA:0,(anonymous_8)
FNDA:0,(anonymous_9)
FNDA:0,(anonymous_10)
FNDA:0,(anonymous_11)
FNDA:0,(anonymous_12)
FNDA:0,(anonymous_13)
FNDA:0,(anonymous_14)
FNDA:0,(anonymous_15)
FNDA:0,(anonymous_16)
FNDA:0,(anonymous_17)
FNDA:0,(anonymous_18)
FNDA:0,(anonymous_19)
FNDA:0,(anonymous_20)
FNDA:0,(anonymous_21)
FNDA:0,(anonymous_22)
FNDA:0,(anonymous_23)
FNDA:0,(anonymous_24)
FNDA:0,(anonymous_25)
FNDA:0,(anonymous_26)
DA:2,1
DA:3,1
DA:28,1
DA:30,1
DA:31,1
DA:32,1
DA:34,1
DA:38,0
DA:39,0
DA:40,0
DA:42,0
DA:43,0
DA:46,0
DA:49,0
DA:52,0
DA:55,0
DA:56,0
DA:59,0
DA:62,0
DA:63,0
DA:68,0
DA:69,0
DA:71,0
DA:73,0
DA:76,0
DA:77,0
DA:83,1
DA:84,0
DA:85,0
DA:86,0
DA:88,0
DA:89,0
DA:95,0
DA:101,0
DA:108,0
DA:109,0
DA:111,0
DA:112,0
DA:114,0
DA:115,0
DA:118,0
DA:120,0
DA:121,0
DA:127,0
DA:134,0
DA:135,0
DA:140,1
DA:146,0
DA:147,0
DA:148,0
DA:149,0
DA:155,0
DA:156,0
DA:157,0
DA:163,0
DA:165,0
DA:170,0
DA:177,0
DA:178,0
DA:179,0
DA:181,0
DA:182,0
DA:188,0
DA:194,0
DA:196,0
DA:202,0
DA:207,0
DA:208,0
DA:213,1
DA:218,0
DA:219,0
DA:220,0
DA:221,0
DA:227,0
DA:229,0
DA:235,0
DA:236,0
DA:241,1
DA:242,0
DA:243,0
DA:244,0
DA:245,0
DA:246,0
DA:253,0
DA:254,0
DA:261,0
DA:264,0
DA:265,0
DA:270,0
DA:271,0
DA:277,0
DA:279,0
DA:280,0
DA:286,0
DA:292,0
DA:293,0
DA:298,1
DA:299,0
DA:300,0
DA:301,0
DA:302,0
DA:308,0
DA:311,0
DA:313,0
DA:314,0
DA:320,0
DA:322,0
DA:325,0
DA:327,0
DA:329,0
DA:336,0
DA:341,0
DA:342,0
DA:346,1
DA:347,0
DA:349,0
DA:350,0
DA:351,0
DA:357,0
DA:358,0
DA:359,0
DA:365,0
DA:367,0
DA:372,0
DA:379,0
DA:380,0
DA:381,0
DA:383,0
DA:384,0
DA:390,0
DA:396,0
DA:397,0
DA:403,0
DA:409,0
DA:410,0
DA:414,1
DA:415,0
DA:416,0
DA:417,0
DA:418,0
DA:424,0
DA:426,0
DA:427,0
DA:433,0
DA:435,0
DA:436,0
DA:442,0
DA:448,0
DA:449,0
DA:453,1
DA:458,0
DA:459,0
DA:460,0
DA:461,0
DA:468,0
DA:470,0
DA:471,0
DA:477,0
DA:479,0
DA:480,0
DA:486,0
DA:488,0
DA:493,0
DA:494,0
DA:498,1
DA:499,0
DA:500,0
DA:501,0
DA:502,0
DA:507,0
DA:508,0
DA:509,0
DA:511,0
DA:514,0
DA:515,0
DA:518,0
DA:520,0
DA:528,0
DA:531,0
DA:532,0
DA:533,0
DA:534,0
DA:536,0
DA:537,0
DA:539,0
DA:541,0
DA:542,0
DA:544,0
DA:545,0
DA:547,0
DA:548,0
DA:552,0
DA:556,0
DA:558,0
DA:568,0
DA:569,0
DA:575,0
DA:581,0
DA:582,0
DA:586,1
DA:587,0
DA:588,0
DA:589,0
DA:590,0
DA:595,0
DA:596,0
DA:597,0
DA:599,0
DA:602,0
DA:603,0
DA:606,0
DA:608,0
DA:616,0
DA:620,0
DA:621,0
DA:622,0
DA:623,0
DA:624,0
DA:625,0
DA:627,0
DA:628,0
DA:630,0
DA:631,0
DA:633,0
DA:634,0
DA:640,0
DA:641,0
DA:642,0
DA:646,0
DA:651,0
DA:652,0
DA:654,0
DA:655,0
DA:656,0
DA:665,0
DA:669,0
DA:679,0
DA:680,0
DA:686,0
DA:692,0
DA:693,0
DA:697,1
DA:702,0
DA:703,0
DA:704,0
DA:705,0
DA:708,0
DA:710,0
DA:715,0
DA:721,0
DA:722,0
DA:723,0
DA:732,0
DA:733,0
DA:734,0
DA:741,0
DA:742,0
DA:743,0
DA:750,0
DA:756,0
DA:757,0
DA:759,0
DA:760,0
DA:762,0
DA:763,0
DA:765,0
DA:766,0
DA:767,0
DA:770,0
DA:775,0
DA:781,0
DA:782,0
DA:788,1
DA:793,0
DA:794,0
DA:796,0
DA:797,0
DA:803,0
DA:806,0
DA:808,0
DA:814,0
DA:818,1
DA:819,0
DA:821,0
DA:823,0
DA:824,0
DA:830,0
DA:832,0
DA:833,0
DA:839,0
DA:841,0
DA:848,0
DA:852,1
DA:853,0
DA:855,0
DA:856,0
DA:857,0
DA:863,0
DA:865,0
DA:867,0
DA:874,0
DA:878,1
DA:879,0
DA:880,0
DA:881,0
DA:882,0
DA:883,0
DA:884,0
DA:890,0
DA:891,0
DA:892,0
DA:899,0
DA:901,0
DA:902,0
DA:910,0
DA:916,0
DA:918,0
DA:920,0
DA:922,0
DA:923,0
DA:924,0
DA:928,1
DA:929,0
DA:930,0
DA:931,0
DA:932,0
DA:937,0
DA:938,0
DA:940,0
DA:942,0
DA:948,0
DA:949,0
DA:953,1
DA:954,0
DA:955,0
DA:956,0
DA:957,0
DA:960,0
DA:963,0
DA:964,0
DA:967,0
DA:968,0
DA:969,0
DA:972,0
DA:975,0
DA:976,0
DA:979,0
DA:985,0
DA:986,0
DA:990,1
DA:995,0
DA:996,0
DA:997,0
DA:998,0
DA:1001,0
DA:1003,0
DA:1004,0
DA:1013,0
DA:1021,0
DA:1030,0
DA:1031,0
DA:1035,1
DA:1040,0
DA:1042,0
DA:1044,0
DA:1045,0
DA:1052,0
DA:1053,0
DA:1054,0
DA:1065,0
DA:1072,0
DA:1081,0
DA:1082,0
DA:1086,1
DA:1091,0
DA:1092,0
DA:1093,0
DA:1094,0
DA:1097,0
DA:1098,0
DA:1101,0
DA:1102,0
DA:1105,0
DA:1106,0
DA:1107,0
DA:1110,0
DA:1111,0
DA:1134,0
DA:1135,0
DA:1136,0
DA:1139,0
DA:1144,0
DA:1147,0
DA:1148,0
LF:394
LH:27
BRDA:40,0,0,0
BRDA:40,0,1,0
BRDA:43,1,0,0
BRDA:43,1,1,0
BRDA:49,2,0,0
BRDA:49,2,1,0
BRDA:59,3,0,0
BRDA:59,3,1,0
BRDA:71,4,0,0
BRDA:71,4,1,0
BRDA:88,5,0,0
BRDA:88,5,1,0
BRDA:95,6,0,0
BRDA:95,6,1,0
BRDA:96,7,0,0
BRDA:96,7,1,0
BRDA:96,7,2,0
BRDA:96,7,3,0
BRDA:108,8,0,0
BRDA:108,8,1,0
BRDA:111,9,0,0
BRDA:111,9,1,0
BRDA:111,10,0,0
BRDA:111,10,1,0
BRDA:114,11,0,0
BRDA:114,11,1,0
BRDA:120,12,0,0
BRDA:120,12,1,0
BRDA:148,13,0,0
BRDA:148,13,1,0
BRDA:156,14,0,0
BRDA:156,14,1,0
BRDA:156,15,0,0
BRDA:156,15,1,0
BRDA:165,16,0,0
BRDA:165,16,1,0
BRDA:166,17,0,0
BRDA:166,17,1,0
BRDA:166,17,2,0
BRDA:181,18,0,0
BRDA:181,18,1,0
BRDA:181,19,0,0
BRDA:181,19,1,0
BRDA:181,19,2,0
BRDA:181,19,3,0
BRDA:194,20,0,0
BRDA:194,20,1,0
BRDA:220,21,0,0
BRDA:220,21,1,0
BRDA:231,22,0,0
BRDA:231,22,1,0
BRDA:232,23,0,0
BRDA:232,23,1,0
BRDA:245,24,0,0
BRDA:245,24,1,0
BRDA:253,25,0,0
BRDA:253,25,1,0
BRDA:270,26,0,0
BRDA:270,26,1,0
BRDA:279,27,0,0
BRDA:279,27,1,0
BRDA:301,28,0,0
BRDA:301,28,1,0
BRDA:311,29,0,0
BRDA:311,29,1,0
BRDA:313,30,0,0
BRDA:313,30,1,0
BRDA:325,31,0,0
BRDA:325,31,1,0
BRDA:330,32,0,0
BRDA:330,32,1,0
BRDA:331,33,0,0
BRDA:331,33,1,0
BRDA:350,34,0,0
BRDA:350,34,1,0
BRDA:358,35,0,0
BRDA:358,35,1,0
BRDA:358,36,0,0
BRDA:358,36,1,0
BRDA:367,37,0,0
BRDA:367,37,1,0
BRDA:368,38,0,0
BRDA:368,38,1,0
BRDA:368,38,2,0
BRDA:383,39,0,0
BRDA:383,39,1,0
BRDA:383,40,0,0
BRDA:383,40,1,0
BRDA:383,40,2,0
BRDA:383,40,3,0
BRDA:396,41,0,0
BRDA:396,41,1,0
BRDA:417,42,0,0
BRDA:417,42,1,0
BRDA:426,43,0,0
BRDA:426,43,1,0
BRDA:426,44,0,0
BRDA:426,44,1,0
BRDA:426,44,2,0
BRDA:435,45,0,0
BRDA:435,45,1,0
BRDA:460,46,0,0
BRDA:460,46,1,0
BRDA:470,47,0,0
BRDA:470,47,1,0
BRDA:479,48,0,0
BRDA:479,48,1,0
BRDA:479,49,0,0
BRDA:479,49,1,0
BRDA:479,49,2,0
BRDA:501,50,0,0
BRDA:501,50,1,0
BRDA:509,51,0,0
BRDA:509,51,1,0
BRDA:514,52,0,0
BRDA:514,52,1,0
BRDA:514,53,0,0
BRDA:514,53,1,0
BRDA:520,54,0,0
BRDA:520,54,1,0
BRDA:521,55,0,0
BRDA:521,55,1,0
BRDA:521,55,2,0
BRDA:521,55,3,0
BRDA:521,55,4,0
BRDA:521,55,5,0
BRDA:541,56,0,0
BRDA:541,56,1,0
BRDA:541,57,0,0
BRDA:541,57,1,0
BRDA:541,57,2,0
BRDA:541,57,3,0
BRDA:544,58,0,0
BRDA:544,58,1,0
BRDA:547,59,0,0
BRDA:547,59,1,0
BRDA:547,60,0,0
BRDA:547,60,1,0
BRDA:552,61,0,0
BRDA:552,61,1,0
BRDA:568,62,0,0
BRDA:568,62,1,0
BRDA:589,63,0,0
BRDA:589,63,1,0
BRDA:597,64,0,0
BRDA:597,64,1,0
BRDA:602,65,0,0
BRDA:602,65,1,0
BRDA:602,66,0,0
BRDA:602,66,1,0
BRDA:608,67,0,0
BRDA:608,67,1,0
BRDA:609,68,0,0
BRDA:609,68,1,0
BRDA:609,68,2,0
BRDA:609,68,3,0
BRDA:609,68,4,0
BRDA:609,68,5,0
BRDA:627,69,0,0
BRDA:627,69,1,0
BRDA:627,70,0,0
BRDA:627,70,1,0
BRDA:627,70,2,0
BRDA:627,70,3,0
BRDA:630,71,0,0
BRDA:630,71,1,0
BRDA:633,72,0,0
BRDA:633,72,1,0
BRDA:633,73,0,0
BRDA:633,73,1,0
BRDA:641,74,0,0
BRDA:641,74,1,0
BRDA:646,75,0,0
BRDA:646,75,1,0
BRDA:648,76,0,0
BRDA:648,76,1,0
BRDA:651,77,0,0
BRDA:651,77,1,0
BRDA:651,78,0,0
BRDA:651,78,1,0
BRDA:655,79,0,0
BRDA:655,79,1,0
BRDA:679,80,0,0
BRDA:679,80,1,0
BRDA:704,81,0,0
BRDA:704,81,1,0
BRDA:710,82,0,0
BRDA:710,82,1,0
BRDA:711,83,0,0
BRDA:711,83,1,0
BRDA:711,83,2,0
BRDA:711,83,3,0
BRDA:711,83,4,0
BRDA:711,83,5,0
BRDA:722,84,0,0
BRDA:722,84,1,0
BRDA:733,85,0,0
BRDA:733,85,1,0
BRDA:742,86,0,0
BRDA:742,86,1,0
BRDA:750,87,0,0
BRDA:750,87,1,0
BRDA:759,88,0,0
BRDA:759,88,1,0
BRDA:762,89,0,0
BRDA:762,89,1,0
BRDA:766,90,0,0
BRDA:766,90,1,0
BRDA:796,91,0,0
BRDA:796,91,1,0
BRDA:823,92,0,0
BRDA:823,92,1,0
BRDA:832,93,0,0
BRDA:832,93,1,0
BRDA:856,94,0,0
BRDA:856,94,1,0
BRDA:882,95,0,0
BRDA:882,95,1,0
BRDA:883,96,0,0
BRDA:883,96,1,0
BRDA:891,97,0,0
BRDA:891,97,1,0
BRDA:901,98,0,0
BRDA:901,98,1,0
BRDA:918,99,0,0
BRDA:918,99,1,0
BRDA:920,100,0,0
BRDA:920,100,1,0
BRDA:931,101,0,0
BRDA:931,101,1,0
BRDA:938,102,0,0
BRDA:938,102,1,0
BRDA:956,103,0,0
BRDA:956,103,1,0
BRDA:963,104,0,0
BRDA:963,104,1,0
BRDA:968,105,0,0
BRDA:968,105,1,0
BRDA:975,106,0,0
BRDA:975,106,1,0
BRDA:975,107,0,0
BRDA:975,107,1,0
BRDA:997,108,0,0
BRDA:997,108,1,0
BRDA:1003,109,0,0
BRDA:1003,109,1,0
BRDA:1003,110,0,0
BRDA:1003,110,1,0
BRDA:1003,110,2,0
BRDA:1042,111,0,0
BRDA:1042,111,1,0
BRDA:1044,112,0,0
BRDA:1044,112,1,0
BRDA:1053,113,0,0
BRDA:1053,113,1,0
BRDA:1053,114,0,0
BRDA:1053,114,1,0
BRDA:1053,114,2,0
BRDA:1093,115,0,0
BRDA:1093,115,1,0
BRDA:1101,116,0,0
BRDA:1101,116,1,0
BRDA:1101,117,0,0
BRDA:1101,117,1,0
BRDA:1101,117,2,0
BRDA:1106,118,0,0
BRDA:1106,118,1,0
BRDA:1135,119,0,0
BRDA:1135,119,1,0
BRF:269
BRH:0
end_of_record
TN:
SF:src\modules\election\election.routes.ts
FNF:0
FNH:0
DA:1,1
DA:2,1
DA:3,1
DA:4,1
DA:6,1
DA:29,1
DA:32,1
DA:33,1
DA:34,1
DA:35,1
DA:36,1
DA:37,1
DA:38,1
DA:39,1
DA:40,1
DA:43,1
DA:47,1
DA:48,1
DA:49,1
DA:54,1
DA:55,1
DA:56,1
DA:57,1
DA:60,1
DA:61,1
DA:65,1
DA:66,1
DA:67,1
LF:28
LH:28
BRF:0
BRH:0
end_of_record
TN:
SF:src\modules\election\election.service.ts
FN:9,updateElectionSetting
FN:42,updateElecomList
FN:70,newPosition
FN:87,fetchPositions
FN:98,updatePosition
FN:118,deletePosition
FN:136,newCandidate
FN:162,fetchAllCandidates
FN:202,updateCandidate
FN:232,deleteCandidate
FN:248,getCandidateByIdAndYear
FN:268,submitVote
FN:281,(anonymous_12)
FN:285,(anonymous_13)
FN:318,(anonymous_14)
FN:405,checkMemberHasVoted
FN:419,fetchBallot
FN:442,fetchVoteCasted
FN:474,getTotalRegisteredVoters
FN:493,getTotalCastedVotes
FN:505,getTotalPosition
FN:516,getTotalCandidates
FN:528,getTotalWebUser
FN:544,getElectionResutls
FNF:24
FNH:0
FNDA:0,updateElectionSetting
FNDA:0,updateElecomList
FNDA:0,newPosition
FNDA:0,fetchPositions
FNDA:0,updatePosition
FNDA:0,deletePosition
FNDA:0,newCandidate
FNDA:0,fetchAllCandidates
FNDA:0,updateCandidate
FNDA:0,deleteCandidate
FNDA:0,getCandidateByIdAndYear
FNDA:0,submitVote
FNDA:0,(anonymous_12)
FNDA:0,(anonymous_13)
FNDA:0,(anonymous_14)
FNDA:0,checkMemberHasVoted
FNDA:0,fetchBallot
FNDA:0,fetchVoteCasted
FNDA:0,getTotalRegisteredVoters
FNDA:0,getTotalCastedVotes
FNDA:0,getTotalPosition
FNDA:0,getTotalCandidates
FNDA:0,getTotalWebUser
FNDA:0,getElectionResutls
DA:1,1
DA:4,1
DA:5,1
DA:9,1
DA:15,0
DA:16,0
DA:23,0
DA:30,0
DA:35,0
DA:37,0
DA:38,0
DA:42,1
DA:43,0
DA:44,0
DA:53,0
DA:61,0
DA:64,0
DA:65,0
DA:70,1
DA:71,0
DA:72,0
DA:75,0
DA:77,0
DA:79,0
DA:82,0
DA:83,0
DA:87,1
DA:88,0
DA:89,0
DA:90,0
DA:91,0
DA:93,0
DA:94,0
DA:98,1
DA:99,0
DA:100,0
DA:102,0
DA:108,0
DA:110,0
DA:113,0
DA:114,0
DA:118,1
DA:119,0
DA:120,0
DA:125,0
DA:126,0
DA:128,0
DA:130,0
DA:131,0
DA:136,1
DA:137,0
DA:138,0
DA:142,0
DA:152,0
DA:154,0
DA:157,0
DA:158,0
DA:162,1
DA:165,0
DA:167,0
DA:168,0
DA:171,0
DA:193,0
DA:195,0
DA:197,0
DA:198,0
DA:202,1
DA:203,0
DA:204,0
DA:209,0
DA:221,0
DA:223,0
DA:226,0
DA:227,0
DA:232,1
DA:233,0
DA:234,0
DA:238,0
DA:239,0
DA:241,0
DA:243,0
DA:244,0
DA:248,1
DA:252,0
DA:253,0
DA:259,0
DA:261,0
DA:263,0
DA:264,0
DA:268,1
DA:273,0
DA:274,0
DA:275,0
DA:277,0
DA:280,0
DA:281,0
DA:283,0
DA:285,0
DA:287,0
DA:294,0
DA:297,0
DA:303,0
DA:304,0
DA:305,0
DA:308,0
DA:309,0
DA:310,0
DA:311,0
DA:312,0
DA:313,0
DA:318,0
DA:319,0
DA:328,0
DA:329,0
DA:330,0
DA:333,0
DA:334,0
DA:335,0
DA:336,0
DA:337,0
DA:338,0
DA:344,0
DA:353,0
DA:355,0
DA:357,0
DA:363,0
DA:365,0
DA:367,0
DA:377,0
DA:380,0
DA:388,0
DA:389,0
DA:397,0
DA:400,0
DA:401,0
DA:405,1
DA:406,0
DA:407,0
DA:411,0
DA:412,0
DA:414,0
DA:415,0
DA:419,1
DA:423,0
DA:424,0
DA:431,0
DA:433,0
DA:436,0
DA:437,0
DA:442,1
DA:446,0
DA:447,0
DA:464,0
DA:466,0
DA:469,0
DA:470,0
DA:474,1
DA:475,0
DA:476,0
DA:483,0
DA:485,0
DA:488,0
DA:489,0
DA:493,1
DA:494,0
DA:495,0
DA:496,0
DA:498,0
DA:500,0
DA:501,0
DA:505,1
DA:506,0
DA:507,0
DA:508,0
DA:510,0
DA:512,0
DA:513,0
DA:516,1
DA:517,0
DA:518,0
DA:519,0
DA:521,0
DA:523,0
DA:524,0
DA:528,1
DA:529,0
DA:530,0
DA:535,0
DA:537,0
DA:539,0
DA:540,0
DA:544,1
DA:547,0
DA:548,0
DA:577,0
DA:582,0
DA:584,0
DA:585,0
LF:198
LH:24
BRDA:35,0,0,0
BRDA:35,0,1,0
BRDA:35,0,2,0
BRDA:61,1,0,0
BRDA:61,1,1,0
BRDA:61,1,2,0
BRDA:77,2,0,0
BRDA:77,2,1,0
BRDA:77,2,2,0
BRDA:91,3,0,0
BRDA:91,3,1,0
BRDA:108,4,0,0
BRDA:108,4,1,0
BRDA:108,4,2,0
BRDA:126,5,0,0
BRDA:126,5,1,0
BRDA:126,5,2,0
BRDA:152,6,0,0
BRDA:152,6,1,0
BRDA:152,6,2,0
BRDA:167,7,0,0
BRDA:167,7,1,0
BRDA:167,8,0,0
BRDA:167,8,1,0
BRDA:195,9,0,0
BRDA:195,9,1,0
BRDA:221,10,0,0
BRDA:221,10,1,0
BRDA:221,10,2,0
BRDA:239,11,0,0
BRDA:239,11,1,0
BRDA:239,11,2,0
BRDA:261,12,0,0
BRDA:261,12,1,0
BRDA:275,13,0,0
BRDA:275,13,1,0
BRDA:277,14,0,0
BRDA:277,14,1,0
BRDA:277,15,0,0
BRDA:277,15,1,0
BRDA:281,16,0,0
BRDA:281,16,1,0
BRDA:283,17,0,0
BRDA:283,17,1,0
BRDA:294,18,0,0
BRDA:294,18,1,0
BRDA:311,19,0,0
BRDA:311,19,1,0
BRDA:312,20,0,0
BRDA:312,20,1,0
BRDA:312,21,0,0
BRDA:312,21,1,0
BRDA:335,22,0,0
BRDA:335,22,1,0
BRDA:337,23,0,0
BRDA:337,23,1,0
BRDA:338,24,0,0
BRDA:338,24,1,0
BRDA:355,25,0,0
BRDA:355,25,1,0
BRDA:433,26,0,0
BRDA:433,26,1,0
BRDA:466,27,0,0
BRDA:466,27,1,0
BRDA:485,28,0,0
BRDA:485,28,1,0
BRDA:498,29,0,0
BRDA:498,29,1,0
BRDA:510,30,0,0
BRDA:510,30,1,0
BRDA:521,31,0,0
BRDA:521,31,1,0
BRDA:537,32,0,0
BRDA:537,32,1,0
BRDA:582,33,0,0
BRDA:582,33,1,0
BRF:76
BRH:0
end_of_record
TN:
SF:src\modules\loan\loan.constants.ts
FNF:0
FNH:0
DA:1,1
LF:1
LH:1
BRF:0
BRH:0
end_of_record
TN:
SF:src\modules\loan\loan.controller.ts
FN:18,(anonymous_1)
FN:63,(anonymous_2)
FN:106,(anonymous_3)
FN:128,(anonymous_4)
FN:155,(anonymous_5)
FN:184,(anonymous_6)
FN:212,(anonymous_7)
FN:245,(anonymous_8)
FN:291,(anonymous_9)
FN:321,(anonymous_10)
FN:355,(anonymous_11)
FN:366,(anonymous_12)
FN:367,(anonymous_13)
FN:381,(anonymous_14)
FNF:14
FNH:0
FNDA:0,(anonymous_1)
FNDA:0,(anonymous_2)
FNDA:0,(anonymous_3)
FNDA:0,(anonymous_4)
FNDA:0,(anonymous_5)
FNDA:0,(anonymous_6)
FNDA:0,(anonymous_7)
FNDA:0,(anonymous_8)
FNDA:0,(anonymous_9)
FNDA:0,(anonymous_10)
FNDA:0,(anonymous_11)
FNDA:0,(anonymous_12)
FNDA:0,(anonymous_13)
FNDA:0,(anonymous_14)
DA:2,1
DA:13,1
DA:14,1
DA:15,1
DA:16,1
DA:18,1
DA:19,0
DA:20,0
DA:21,0
DA:23,0
DA:24,0
DA:30,0
DA:31,0
DA:37,0
DA:39,0
DA:45,0
DA:46,0
DA:52,0
DA:58,0
DA:59,0
DA:63,1
DA:64,0
DA:65,0
DA:66,0
DA:67,0
DA:69,0
DA:70,0
DA:76,0
DA:77,0
DA:83,0
DA:85,0
DA:86,0
DA:92,0
DA:94,0
DA:100,0
DA:101,0
DA:106,1
DA:107,0
DA:108,0
DA:109,0
DA:115,0
DA:117,0
DA:122,0
DA:123,0
DA:128,1
DA:129,0
DA:130,0
DA:131,0
DA:132,0
DA:137,0
DA:139,0
DA:140,0
DA:145,0
DA:150,0
DA:151,0
DA:155,1
DA:156,0
DA:157,0
DA:158,0
DA:159,0
DA:164,0
DA:165,0
DA:166,0
DA:172,0
DA:174,0
DA:179,0
DA:180,0
DA:184,1
DA:185,0
DA:186,0
DA:187,0
DA:188,0
DA:194,0
DA:195,0
DA:196,0
DA:201,0
DA:207,0
DA:208,0
DA:212,1
DA:213,0
DA:214,0
DA:215,0
DA:216,0
DA:221,0
DA:222,0
DA:223,0
DA:228,0
DA:229,0
DA:230,0
DA:235,0
DA:240,0
DA:241,0
DA:245,1
DA:246,0
DA:247,0
DA:248,0
DA:249,0
DA:250,0
DA:254,0
DA:255,0
DA:257,0
DA:262,0
DA:265,0
DA:266,0
DA:269,0
DA:271,0
DA:280,0
DA:281,0
DA:284,0
DA:286,0
DA:287,0
DA:291,1
DA:292,0
DA:293,0
DA:294,0
DA:295,0
DA:298,0
DA:300,0
DA:301,0
DA:304,0
DA:305,0
DA:308,0
DA:310,0
DA:311,0
DA:314,0
DA:316,0
DA:317,0
DA:321,1
DA:322,0
DA:323,0
DA:324,0
DA:325,0
DA:330,0
DA:331,0
DA:332,0
DA:337,0
DA:338,0
DA:339,0
DA:344,0
DA:349,0
DA:350,0
DA:355,1
DA:356,0
DA:357,0
DA:358,0
DA:359,0
DA:362,0
DA:365,0
DA:366,0
DA:367,0
DA:369,0
DA:370,0
DA:373,0
DA:374,0
DA:376,0
DA:377,0
DA:381,1
DA:382,0
DA:383,0
DA:384,0
DA:385,0
DA:387,0
DA:388,0
DA:389,0
DA:392,0
DA:394,0
DA:395,0
LF:167
LH:17
BRDA:23,0,0,0
BRDA:23,0,1,0
BRDA:30,1,0,0
BRDA:30,1,1,0
BRDA:30,2,0,0
BRDA:30,2,1,0
BRDA:45,3,0,0
BRDA:45,3,1,0
BRDA:69,4,0,0
BRDA:69,4,1,0
BRDA:76,5,0,0
BRDA:76,5,1,0
BRDA:76,6,0,0
BRDA:76,6,1,0
BRDA:85,7,0,0
BRDA:85,7,1,0
BRDA:108,8,0,0
BRDA:108,8,1,0
BRDA:131,9,0,0
BRDA:131,9,1,0
BRDA:139,10,0,0
BRDA:139,10,1,0
BRDA:158,11,0,0
BRDA:158,11,1,0
BRDA:165,12,0,0
BRDA:165,12,1,0
BRDA:165,13,0,0
BRDA:165,13,1,0
BRDA:187,14,0,0
BRDA:187,14,1,0
BRDA:195,15,0,0
BRDA:195,15,1,0
BRDA:215,16,0,0
BRDA:215,16,1,0
BRDA:222,17,0,0
BRDA:222,17,1,0
BRDA:222,18,0,0
BRDA:222,18,1,0
BRDA:229,19,0,0
BRDA:229,19,1,0
BRDA:232,20,0,0
BRDA:232,20,1,0
BRDA:249,21,0,0
BRDA:249,21,1,0
BRDA:249,22,0,0
BRDA:249,22,1,0
BRDA:265,23,0,0
BRDA:265,23,1,0
BRDA:265,24,0,0
BRDA:265,24,1,0
BRDA:265,24,2,0
BRDA:269,25,0,0
BRDA:269,25,1,0
BRDA:280,26,0,0
BRDA:280,26,1,0
BRDA:294,27,0,0
BRDA:294,27,1,0
BRDA:300,28,0,0
BRDA:300,28,1,0
BRDA:300,29,0,0
BRDA:300,29,1,0
BRDA:304,30,0,0
BRDA:304,30,1,0
BRDA:304,31,0,0
BRDA:304,31,1,0
BRDA:310,32,0,0
BRDA:310,32,1,0
BRDA:324,33,0,0
BRDA:324,33,1,0
BRDA:331,34,0,0
BRDA:331,34,1,0
BRDA:331,35,0,0
BRDA:331,35,1,0
BRDA:338,36,0,0
BRDA:338,36,1,0
BRDA:341,37,0,0
BRDA:341,37,1,0
BRDA:358,38,0,0
BRDA:358,38,1,0
BRDA:369,39,0,0
BRDA:369,39,1,0
BRDA:384,40,0,0
BRDA:384,40,1,0
BRDA:388,41,0,0
BRDA:388,41,1,0
BRF:85
BRH:0
end_of_record
TN:
SF:src\modules\loan\loan.routes.ts
FNF:0
FNH:0
DA:1,1
DA:2,1
DA:3,1
DA:4,1
DA:6,1
DA:21,1
DA:23,1
DA:24,1
DA:25,1
DA:26,1
DA:27,1
DA:28,1
DA:29,1
DA:30,1
DA:33,1
DA:34,1
DA:35,1
DA:38,1
DA:40,1
LF:19
LH:19
BRF:0
BRH:0
end_of_record
TN:
SF:src\modules\loan\loan.service.ts
FN:24,fetchLoanDetails
FN:35,fetchLoanHeader
FN:55,fetchLoanApplicationsByStatus
FN:69,fetchLoanTypeDetails
FN:83,fetchMemberMobileNo
FN:94,fetchLoanApplicationByType
FN:109,(anonymous_7)
FN:120,getWebLoanId
FN:126,buildLoanApplicationHtml
FN:142,saveLoanWithAttachment
FN:185,(anonymous_11)
FN:196,fetchmemberDetails
FN:216,converNumberToWords
FN:229,buildLoanTemplateData
FN:295,sendLoanApplicationEmail
FN:308,(anonymous_16)
FNF:16
FNH:0
FNDA:0,fetchLoanDetails
FNDA:0,fetchLoanHeader
FNDA:0,fetchLoanApplicationsByStatus
FNDA:0,fetchLoanTypeDetails
FNDA:0,fetchMemberMobileNo
FNDA:0,fetchLoanApplicationByType
FNDA:0,(anonymous_7)
FNDA:0,getWebLoanId
FNDA:0,buildLoanApplicationHtml
FNDA:0,saveLoanWithAttachment
FNDA:0,(anonymous_11)
FNDA:0,fetchmemberDetails
FNDA:0,converNumberToWords
FNDA:0,buildLoanTemplateData
FNDA:0,sendLoanApplicationEmail
FNDA:0,(anonymous_16)
DA:1,1
DA:2,1
DA:16,1
DA:17,1
DA:18,1
DA:19,1
DA:20,1
DA:21,1
DA:22,1
DA:24,1
DA:25,0
DA:26,0
DA:27,0
DA:28,0
DA:30,0
DA:31,0
DA:35,1
DA:36,0
DA:37,0
DA:47,0
DA:48,0
DA:50,0
DA:51,0
DA:55,1
DA:56,0
DA:57,0
DA:61,0
DA:62,0
DA:64,0
DA:65,0
DA:69,1
DA:70,0
DA:71,0
DA:75,0
DA:76,0
DA:78,0
DA:79,0
DA:83,1
DA:84,0
DA:85,0
DA:86,0
DA:87,0
DA:89,0
DA:90,0
DA:94,1
DA:95,0
DA:96,0
DA:97,0
DA:98,0
DA:99,0
DA:100,0
DA:102,0
DA:104,0
DA:105,0
DA:109,1
DA:110,0
DA:111,0
DA:112,0
DA:113,0
DA:115,0
DA:116,0
DA:121,0
DA:122,0
DA:123,0
DA:127,0
DA:142,1
DA:143,0
DA:144,0
DA:145,0
DA:146,0
DA:148,0
DA:149,0
DA:152,0
DA:154,0
DA:171,0
DA:177,0
DA:178,0
DA:182,0
DA:184,0
DA:185,0
DA:187,0
DA:190,0
DA:191,0
DA:196,1
DA:197,0
DA:198,0
DA:202,0
DA:205,0
DA:206,0
DA:209,0
DA:211,0
DA:212,0
DA:217,0
DA:218,0
DA:220,0
DA:222,0
DA:223,0
DA:224,0
DA:226,0
DA:238,0
DA:239,0
DA:240,0
DA:241,0
DA:244,0
DA:245,0
DA:246,0
DA:247,0
DA:248,0
DA:249,0
DA:250,0
DA:251,0
DA:252,0
DA:253,0
DA:254,0
DA:255,0
DA:256,0
DA:257,0
DA:258,0
DA:259,0
DA:260,0
DA:262,0
DA:290,0
DA:291,0
DA:305,0
DA:306,0
DA:308,0
DA:310,0
DA:314,0
DA:315,0
DA:316,0
DA:322,0
DA:325,0
DA:326,0
DA:333,0
DA:334,0
LF:135
LH:18
BRDA:28,0,0,0
BRDA:28,0,1,0
BRDA:48,1,0,0
BRDA:48,1,1,0
BRDA:62,2,0,0
BRDA:62,2,1,0
BRDA:76,3,0,0
BRDA:76,3,1,0
BRDA:87,4,0,0
BRDA:87,4,1,0
BRDA:99,5,0,0
BRDA:99,5,1,0
BRDA:102,6,0,0
BRDA:102,6,1,0
BRDA:113,7,0,0
BRDA:113,7,1,0
BRDA:123,8,0,0
BRDA:123,8,1,0
BRDA:148,9,0,0
BRDA:148,9,1,0
BRDA:177,10,0,0
BRDA:177,10,1,0
BRDA:177,11,0,0
BRDA:177,11,1,0
BRDA:205,12,0,0
BRDA:205,12,1,0
BRDA:205,13,0,0
BRDA:205,13,1,0
BRDA:222,14,0,0
BRDA:222,14,1,0
BRDA:240,15,0,0
BRDA:240,15,1,0
BRDA:315,16,0,0
BRDA:315,16,1,0
BRF:34
BRH:0
end_of_record
TN:
SF:src\modules\member\member.controller.ts
FN:26,(anonymous_1)
FN:43,(anonymous_2)
FN:74,(anonymous_3)
FN:99,(anonymous_4)
FN:124,(anonymous_5)
FN:149,(anonymous_6)
FN:193,(anonymous_7)
FN:215,(anonymous_8)
FN:249,(anonymous_9)
FN:270,(anonymous_10)
FN:301,(anonymous_11)
FN:330,(anonymous_12)
FNF:12
FNH:1
FNDA:0,(anonymous_1)
FNDA:3,(anonymous_2)
FNDA:0,(anonymous_3)
FNDA:0,(anonymous_4)
FNDA:0,(anonymous_5)
FNDA:0,(anonymous_6)
FNDA:0,(anonymous_7)
FNDA:0,(anonymous_8)
FNDA:0,(anonymous_9)
FNDA:0,(anonymous_10)
FNDA:0,(anonymous_11)
FNDA:0,(anonymous_12)
DA:2,2
DA:12,2
DA:20,2
DA:21,2
DA:22,2
DA:23,2
DA:26,2
DA:27,0
DA:28,0
DA:30,0
DA:31,0
DA:34,0
DA:36,0
DA:38,0
DA:39,0
DA:43,2
DA:44,3
DA:45,3
DA:47,3
DA:48,1
DA:54,2
DA:56,2
DA:57,1
DA:63,1
DA:69,0
DA:70,0
DA:74,2
DA:75,0
DA:76,0
DA:78,0
DA:79,0
DA:85,0
DA:87,0
DA:94,0
DA:95,0
DA:99,2
DA:100,0
DA:101,0
DA:103,0
DA:104,0
DA:110,0
DA:112,0
DA:119,0
DA:120,0
DA:124,2
DA:125,0
DA:126,0
DA:128,0
DA:129,0
DA:135,0
DA:137,0
DA:144,0
DA:145,0
DA:149,2
DA:150,0
DA:151,0
DA:152,0
DA:153,0
DA:155,0
DA:156,0
DA:162,0
DA:163,0
DA:169,0
DA:171,0
DA:172,0
DA:178,0
DA:180,0
DA:188,0
DA:189,0
DA:193,2
DA:194,0
DA:195,0
DA:196,0
DA:198,0
DA:199,0
DA:205,0
DA:210,0
DA:211,0
DA:215,2
DA:216,0
DA:217,0
DA:218,0
DA:220,0
DA:221,0
DA:227,0
DA:229,0
DA:231,0
DA:232,0
DA:238,0
DA:244,0
DA:245,0
DA:249,2
DA:250,0
DA:251,0
DA:253,0
DA:254,0
DA:257,0
DA:259,0
DA:265,0
DA:266,0
DA:270,2
DA:275,0
DA:276,0
DA:278,0
DA:279,0
DA:285,0
DA:287,0
DA:289,0
DA:296,0
DA:297,0
DA:301,2
DA:302,0
DA:303,0
DA:304,0
DA:305,0
DA:307,0
DA:308,0
DA:314,0
DA:316,0
DA:317,0
DA:321,0
DA:322,0
DA:324,0
DA:330,0
DA:331,0
DA:332,0
DA:347,0
DA:348,0
DA:349,0
DA:350,0
DA:351,0
DA:352,0
DA:357,0
DA:358,0
DA:361,0
DA:374,0
DA:376,0
DA:377,0
DA:379,0
DA:382,0
DA:383,0
LF:141
LH:25
BRDA:30,0,0,0
BRDA:30,0,1,0
BRDA:30,1,0,0
BRDA:30,1,1,0
BRDA:47,2,0,1
BRDA:47,2,1,2
BRDA:56,3,0,1
BRDA:56,3,1,1
BRDA:78,4,0,0
BRDA:78,4,1,0
BRDA:89,5,0,0
BRDA:89,5,1,0
BRDA:103,6,0,0
BRDA:103,6,1,0
BRDA:114,7,0,0
BRDA:114,7,1,0
BRDA:128,8,0,0
BRDA:128,8,1,0
BRDA:139,9,0,0
BRDA:139,9,1,0
BRDA:155,10,0,0
BRDA:155,10,1,0
BRDA:155,11,0,0
BRDA:155,11,1,0
BRDA:162,12,0,0
BRDA:162,12,1,0
BRDA:171,13,0,0
BRDA:171,13,1,0
BRDA:182,14,0,0
BRDA:182,14,1,0
BRDA:198,15,0,0
BRDA:198,15,1,0
BRDA:198,16,0,0
BRDA:198,16,1,0
BRDA:220,17,0,0
BRDA:220,17,1,0
BRDA:220,18,0,0
BRDA:220,18,1,0
BRDA:231,19,0,0
BRDA:231,19,1,0
BRDA:253,20,0,0
BRDA:253,20,1,0
BRDA:253,21,0,0
BRDA:253,21,1,0
BRDA:278,22,0,0
BRDA:278,22,1,0
BRDA:291,23,0,0
BRDA:291,23,1,0
BRDA:304,24,0,0
BRDA:304,24,1,0
BRDA:307,25,0,0
BRDA:307,25,1,0
BRDA:316,26,0,0
BRDA:316,26,1,0
BRDA:316,27,0,0
BRDA:316,27,1,0
BRDA:331,28,0,0
BRDA:331,28,1,0
BRDA:347,29,0,0
BRDA:347,29,1,0
BRDA:348,30,0,0
BRDA:348,30,1,0
BRDA:349,31,0,0
BRDA:349,31,1,0
BRDA:350,32,0,0
BRDA:350,32,1,0
BRDA:351,33,0,0
BRDA:351,33,1,0
BRDA:352,34,0,0
BRDA:352,34,1,0
BRF:70
BRH:4
end_of_record
TN:
SF:src\modules\member\member.routes.ts
FNF:0
FNH:0
DA:1,1
DA:2,1
DA:4,1
DA:18,1
DA:22,1
DA:24,1
DA:25,1
DA:26,1
DA:27,1
DA:28,1
DA:29,1
DA:30,1
DA:33,1
LF:13
LH:13
BRF:0
BRH:0
end_of_record
TN:
SF:src\modules\member\member.service.ts
FN:6,computeMembershipAge
FN:37,fetchMemberByMemberNo
FN:54,fetchMemberDeposits
FN:74,fetchMemberLoans
FN:98,fetchMemberTimeDeposits
FN:122,fetchMemberDividendPatronage
FN:178,fetchMemberCreditHistory
FN:215,fetchRegularActiveMember
FN:249,fetchPatronageDividend
FNF:9
FNH:0
FNDA:0,computeMembershipAge
FNDA:0,fetchMemberByMemberNo
FNDA:0,fetchMemberDeposits
FNDA:0,fetchMemberLoans
FNDA:0,fetchMemberTimeDeposits
FNDA:0,fetchMemberDividendPatronage
FNDA:0,fetchMemberCreditHistory
FNDA:0,fetchRegularActiveMember
FNDA:0,fetchPatronageDividend
DA:2,2
DA:4,2
DA:6,2
DA:7,0
DA:8,0
DA:20,0
DA:23,0
DA:24,0
DA:28,0
DA:31,0
DA:32,0
DA:37,2
DA:38,0
DA:39,0
DA:46,0
DA:47,0
DA:49,0
DA:50,0
DA:54,2
DA:55,0
DA:56,0
DA:66,0
DA:67,0
DA:69,0
DA:70,0
DA:74,2
DA:75,0
DA:76,0
DA:90,0
DA:91,0
DA:93,0
DA:94,0
DA:98,2
DA:99,0
DA:100,0
DA:114,0
DA:115,0
DA:117,0
DA:118,0
DA:122,2
DA:123,0
DA:124,0
DA:125,0
DA:169,0
DA:170,0
DA:172,0
DA:173,0
DA:178,2
DA:179,0
DA:180,0
DA:203,0
DA:208,0
DA:210,0
DA:211,0
DA:215,2
DA:218,0
DA:219,0
DA:226,0
DA:228,0
DA:229,0
DA:235,0
DA:238,0
DA:240,0
DA:241,0
DA:244,0
DA:245,0
DA:249,2
DA:250,0
DA:251,0
DA:305,0
DA:307,0
DA:309,0
DA:310,0
LF:73
LH:11
BRDA:23,0,0,0
BRDA:23,0,1,0
BRDA:23,1,0,0
BRDA:23,1,1,0
BRDA:23,1,2,0
BRDA:28,2,0,0
BRDA:28,2,1,0
BRDA:47,3,0,0
BRDA:47,3,1,0
BRDA:67,4,0,0
BRDA:67,4,1,0
BRDA:91,5,0,0
BRDA:91,5,1,0
BRDA:115,6,0,0
BRDA:115,6,1,0
BRDA:170,7,0,0
BRDA:170,7,1,0
BRDA:208,8,0,0
BRDA:208,8,1,0
BRDA:228,9,0,0
BRDA:228,9,1,0
BRDA:241,10,0,0
BRDA:241,10,1,0
BRDA:307,11,0,0
BRDA:307,11,1,0
BRF:25
BRH:0
end_of_record
TN:
SF:src\modules\survey\survey.controller.ts
FN:22,requireMemberNo
FN:26,listActive
FN:35,listAll
FN:44,currentSurveys
FN:54,getOne
FN:65,myStatus
FN:79,adminCreateSurvey
FN:95,adminUpdateSurvey
FN:107,adminDeleteSurvey
FN:119,adminUpsertQuestion
FN:145,adminDeleteQuestion
FN:158,submit
FN:178,results
FN:198,listQuestions
FN:220,checkMemberSurvey
FN:250,(anonymous_15)
FN:284,(anonymous_16)
FN:328,(anonymous_17)
FN:351,(anonymous_18)
FNF:19
FNH:0
FNDA:0,requireMemberNo
FNDA:0,listActive
FNDA:0,listAll
FNDA:0,currentSurveys
FNDA:0,getOne
FNDA:0,myStatus
FNDA:0,adminCreateSurvey
FNDA:0,adminUpdateSurvey
FNDA:0,adminDeleteSurvey
FNDA:0,adminUpsertQuestion
FNDA:0,adminDeleteQuestion
FNDA:0,submit
FNDA:0,results
FNDA:0,listQuestions
FNDA:0,checkMemberSurvey
FNDA:0,(anonymous_15)
FNDA:0,(anonymous_16)
FNDA:0,(anonymous_17)
FNDA:0,(anonymous_18)
DA:2,1
DA:18,1
DA:19,1
DA:23,0
DA:26,1
DA:27,0
DA:28,0
DA:29,0
DA:31,0
DA:35,1
DA:36,0
DA:37,0
DA:38,0
DA:40,0
DA:44,1
DA:45,0
DA:46,0
DA:47,0
DA:49,0
DA:50,0
DA:54,1
DA:55,0
DA:56,0
DA:57,0
DA:58,0
DA:59,0
DA:61,0
DA:65,1
DA:66,0
DA:67,0
DA:68,0
DA:70,0
DA:71,0
DA:72,0
DA:74,0
DA:79,1
DA:80,0
DA:81,0
DA:82,0
DA:84,0
DA:85,0
DA:88,0
DA:89,0
DA:91,0
DA:95,1
DA:96,0
DA:97,0
DA:98,0
DA:100,0
DA:101,0
DA:103,0
DA:107,1
DA:108,0
DA:109,0
DA:110,0
DA:112,0
DA:113,0
DA:115,0
DA:119,1
DA:120,0
DA:121,0
DA:122,0
DA:123,0
DA:124,0
DA:130,0
DA:133,0
DA:139,0
DA:141,0
DA:145,1
DA:146,0
DA:147,0
DA:148,0
DA:149,0
DA:151,0
DA:152,0
DA:154,0
DA:158,1
DA:159,0
DA:160,0
DA:161,0
DA:163,0
DA:164,0
DA:165,0
DA:167,0
DA:169,0
DA:170,0
DA:172,0
DA:174,0
DA:178,1
DA:179,0
DA:180,0
DA:185,0
DA:192,0
DA:194,0
DA:198,1
DA:199,0
DA:200,0
DA:201,0
DA:203,0
DA:204,0
DA:206,0
DA:209,0
DA:215,0
DA:216,0
DA:220,1
DA:221,0
DA:222,0
DA:223,0
DA:224,0
DA:229,0
DA:231,0
DA:233,0
DA:234,0
DA:237,0
DA:239,0
DA:244,0
DA:245,0
DA:250,1
DA:255,0
DA:256,0
DA:257,0
DA:259,0
DA:261,0
DA:262,0
DA:268,0
DA:271,0
DA:273,0
DA:279,0
DA:284,1
DA:285,0
DA:286,0
DA:288,0
DA:290,0
DA:291,0
DA:297,0
DA:299,0
DA:300,0
DA:306,0
DA:308,0
DA:309,0
DA:315,0
DA:317,0
DA:324,0
DA:328,1
DA:329,0
DA:330,0
DA:332,0
DA:334,0
DA:335,0
DA:341,0
DA:342,0
DA:343,0
DA:349,0
DA:351,0
DA:353,0
DA:360,0
LF:156
LH:20
BRDA:23,0,0,0
BRDA:23,0,1,0
BRDA:58,1,0,0
BRDA:58,1,1,0
BRDA:68,2,0,0
BRDA:68,2,1,0
BRDA:81,3,0,0
BRDA:81,3,1,0
BRDA:82,4,0,0
BRDA:82,4,1,0
BRDA:84,5,0,0
BRDA:84,5,1,0
BRDA:84,6,0,0
BRDA:84,6,1,0
BRDA:84,6,2,0
BRDA:84,6,3,0
BRDA:97,7,0,0
BRDA:97,7,1,0
BRDA:100,8,0,0
BRDA:100,8,1,0
BRDA:109,9,0,0
BRDA:109,9,1,0
BRDA:121,10,0,0
BRDA:121,10,1,0
BRDA:123,11,0,0
BRDA:123,11,1,0
BRDA:124,12,0,0
BRDA:124,12,1,0
BRDA:125,13,0,0
BRDA:125,13,1,0
BRDA:125,13,2,0
BRDA:125,13,3,0
BRDA:147,14,0,0
BRDA:147,14,1,0
BRDA:161,15,0,0
BRDA:161,15,1,0
BRDA:170,16,0,0
BRDA:170,16,1,0
BRDA:201,17,0,0
BRDA:201,17,1,0
BRDA:223,18,0,0
BRDA:223,18,1,0
BRDA:231,19,0,0
BRDA:231,19,1,0
BRDA:233,20,0,0
BRDA:233,20,1,0
BRDA:233,21,0,0
BRDA:233,21,1,0
BRDA:233,21,2,0
BRDA:257,22,0,0
BRDA:257,22,1,0
BRDA:261,23,0,0
BRDA:261,23,1,0
BRDA:286,24,0,0
BRDA:286,24,1,0
BRDA:290,25,0,0
BRDA:290,25,1,0
BRDA:290,26,0,0
BRDA:290,26,1,0
BRDA:299,27,0,0
BRDA:299,27,1,0
BRDA:308,28,0,0
BRDA:308,28,1,0
BRDA:330,29,0,0
BRDA:330,29,1,0
BRDA:334,30,0,0
BRDA:334,30,1,0
BRDA:334,31,0,0
BRDA:334,31,1,0
BRDA:342,32,0,0
BRDA:342,32,1,0
BRF:71
BRH:0
end_of_record
TN:
SF:src\modules\survey\survey.routes.ts
FNF:0
FNH:0
DA:1,1
DA:2,1
DA:3,1
DA:5,1
DA:26,1
DA:30,1
DA:31,1
DA:32,1
DA:33,1
DA:34,1
DA:35,1
DA:36,1
DA:39,1
DA:43,1
DA:44,1
DA:45,1
DA:47,1
DA:48,1
DA:51,1
DA:52,1
DA:53,1
DA:55,1
DA:57,1
LF:23
LH:23
BRF:0
BRH:0
end_of_record
TN:
SF:src\modules\survey\survey.service.ts
FN:4,tsNowSqlAnywhere
FN:14,setAuditUser
FN:25,listActiveSurveys
FN:40,currentActiveSurveys
FN:55,listAllSurveys
FN:96,getSurvey
FN:106,getSurveyQuestions
FN:129,getSurveyWithQuestions
FN:137,memberHasAnsweredSurvey
FN:153,createSurvey
FN:166,updateSurvey
FN:205,deleteSurvey
FN:213,upsertQuestion
FN:249,deleteQuestion
FN:260,submitSurveyAnswers
FN:312,getSurveyResults
FNF:16
FNH:0
FNDA:0,tsNowSqlAnywhere
FNDA:0,setAuditUser
FNDA:0,listActiveSurveys
FNDA:0,currentActiveSurveys
FNDA:0,listAllSurveys
FNDA:0,getSurvey
FNDA:0,getSurveyQuestions
FNDA:0,getSurveyWithQuestions
FNDA:0,memberHasAnsweredSurvey
FNDA:0,createSurvey
FNDA:0,updateSurvey
FNDA:0,deleteSurvey
FNDA:0,upsertQuestion
FNDA:0,deleteQuestion
FNDA:0,submitSurveyAnswers
FNDA:0,getSurveyResults
DA:1,1
DA:5,0
DA:16,0
DA:17,0
DA:18,0
DA:19,0
DA:21,0
DA:25,1
DA:26,0
DA:27,0
DA:33,0
DA:35,0
DA:36,0
DA:40,1
DA:41,0
DA:42,0
DA:48,0
DA:50,0
DA:51,0
DA:55,1
DA:56,0
DA:57,0
DA:89,0
DA:91,0
DA:92,0
DA:96,1
DA:97,0
DA:102,0
DA:103,0
DA:106,1
DA:107,0
DA:126,0
DA:129,1
DA:130,0
DA:131,0
DA:133,0
DA:134,0
DA:137,1
DA:138,0
DA:139,0
DA:145,0
DA:146,0
DA:148,0
DA:149,0
DA:153,1
DA:157,0
DA:159,0
DA:163,0
DA:166,1
DA:171,0
DA:173,0
DA:174,0
DA:176,0
DA:177,0
DA:178,0
DA:180,0
DA:181,0
DA:182,0
DA:184,0
DA:185,0
DA:186,0
DA:189,0
DA:190,0
DA:192,0
DA:194,0
DA:196,0
DA:201,0
DA:202,0
DA:205,1
DA:206,0
DA:209,0
DA:210,0
DA:213,1
DA:218,0
DA:221,0
DA:229,0
DA:230,0
DA:234,0
DA:238,0
DA:239,0
DA:243,0
DA:246,0
DA:249,1
DA:250,0
DA:252,0
DA:257,0
DA:260,1
DA:266,0
DA:267,0
DA:268,0
DA:271,0
DA:277,0
DA:278,0
DA:279,0
DA:283,0
DA:284,0
DA:285,0
DA:286,0
DA:289,0
DA:290,0
DA:295,0
DA:300,0
DA:301,0
DA:302,0
DA:305,0
DA:307,0
DA:308,0
DA:312,1
DA:314,0
DA:337,0
LF:110
LH:15
BRDA:16,0,0,0
BRDA:16,0,1,0
BRDA:21,1,0,0
BRDA:21,1,1,0
BRDA:103,2,0,0
BRDA:103,2,1,0
BRDA:131,3,0,0
BRDA:131,3,1,0
BRDA:146,4,0,0
BRDA:146,4,1,0
BRDA:176,5,0,0
BRDA:176,5,1,0
BRDA:180,6,0,0
BRDA:180,6,1,0
BRDA:184,7,0,0
BRDA:184,7,1,0
BRDA:194,8,0,0
BRDA:194,8,1,0
BRDA:243,9,0,0
BRDA:243,9,1,0
BRDA:278,10,0,0
BRDA:278,10,1,0
BRDA:278,11,0,0
BRDA:278,11,1,0
BRDA:285,12,0,0
BRDA:285,12,1,0
BRDA:289,13,0,0
BRDA:289,13,1,0
BRDA:301,14,0,0
BRDA:301,14,1,0
BRF:30
BRH:0
end_of_record
TN:
SF:src\types\express\index.ts
FNF:0
FNH:0
DA:1,1
LF:1
LH:1
BRF:0
BRH:0
end_of_record
